[    2414ms] [ERROR] Failed to load resource: the server responded with a status of 401 () @ https://stockstracker-ai.vercel.app/api/data?t=1779364234415:0
[    2517ms] [VERBOSE] [DOM] Password field is not contained in a form: (More info: https://goo.gl/9p2vKq) %o @ https://stockstracker-ai.vercel.app/:0
[    5665ms] [ERROR] Failed to load resource: the server responded with a status of 404 () @ https://assets.parqet.com/logos/symbol/MOD.WA:0
[    5665ms] [ERROR] Failed to load resource: the server responded with a status of 404 () @ https://assets.parqet.com/logos/symbol/DGN.WA:0
[    5668ms] [ERROR] Failed to load resource: the server responded with a status of 404 () @ https://assets.parqet.com/logos/symbol/SN2.WA:0
[    5669ms] [ERROR] Failed to load resource: the server responded with a status of 404 () @ https://assets.parqet.com/logos/symbol/MSW.WA:0
[    5869ms] [ERROR] Failed to load resource: the server responded with a status of 401 () @ https://stockstracker-ai.vercel.app/api/proxy?url=https%3A%2F%2Fquery1.finance.yahoo.com%2Fv8%2Ffinance%2Fchart%2F%255EGSPC%3Finterval%3D1d%26range%3Dmax:0
[    5911ms] [ERROR] Access to resource at 'https://api.allorigins.win/raw?url=https%3A%2F%2Fquery1.finance.yahoo.com%2Fv8%2Ffinance%2Fchart%2F%255EGSPC%3Finterval%3D1d%26range%3Dmax' from origin 'https://stockstracker-ai.vercel.app' has been blocked by CORS policy: No 'Access-Control-Allow-Origin' header is present on the requested resource. @ https://stockstracker-ai.vercel.app/:0
[    5911ms] [ERROR] Failed to load resource: net::ERR_FAILED @ https://api.allorigins.win/raw?url=https%3A%2F%2Fquery1.finance.yahoo.com%2Fv8%2Ffinance%2Fchart%2F%255EGSPC%3Finterval%3D1d%26range%3Dmax:0
[    5913ms] [ERROR] Access to resource at 'https://api.allorigins.win/get?url=https%3A%2F%2Fquery1.finance.yahoo.com%2Fv8%2Ffinance%2Fchart%2F%255EGSPC%3Finterval%3D1d%26range%3Dmax' from origin 'https://stockstracker-ai.vercel.app' has been blocked by CORS policy: No 'Access-Control-Allow-Origin' header is present on the requested resource. @ https://stockstracker-ai.vercel.app/:0
[    5913ms] [ERROR] Failed to load resource: net::ERR_FAILED @ https://api.allorigins.win/get?url=https%3A%2F%2Fquery1.finance.yahoo.com%2Fv8%2Ffinance%2Fchart%2F%255EGSPC%3Finterval%3D1d%26range%3Dmax:0
[    6136ms] [ERROR] Failed to load resource: the server responded with a status of 403 () @ https://corsproxy.io/?https%3A%2F%2Fquery1.finance.yahoo.com%2Fv8%2Ffinance%2Fchart%2F%255EGSPC%3Finterval%3D1d%26range%3Dmax:0
[    6366ms] [ERROR] Access to fetch at 'https://query1.finance.yahoo.com/v1/test/getcrumb' from origin 'https://stockstracker-ai.vercel.app' has been blocked by CORS policy: No 'Access-Control-Allow-Origin' header is present on the requested resource. @ https://stockstracker-ai.vercel.app/:0
[    6366ms] [ERROR] Failed to load resource: net::ERR_FAILED @ https://query1.finance.yahoo.com/v1/test/getcrumb:0
[    6651ms] [ERROR] Access to fetch at 'https://query1.finance.yahoo.com/v7/finance/quote?symbols=DNP.WA,MOD.WA,DGN.WA,XTB.WA,MRB.WA,CDR.WA,SN2.WA,MSW.WA&fields=regularMarketPrice,regularMarketPreviousClose,regularMarketChangePercent,regularMarketChange,shortName,longName,currency,earningsTimestamp,earningsTimestampStart,earningsTimestampEnd,exDividendDate,dividendDate,trailingAnnualDividendRate,dividendRate,trailingPE,forwardPE,priceToBook' from origin 'https://stockstracker-ai.vercel.app' has been blocked by CORS policy: No 'Access-Control-Allow-Origin' header is present on the requested resource. @ https://stockstracker-ai.vercel.app/:0
[    6651ms] [ERROR] Failed to load resource: net::ERR_FAILED @ https://query1.finance.yahoo.com/v7/finance/quote?symbols=DNP.WA,MOD.WA,DGN.WA,XTB.WA,MRB.WA,CDR.WA,SN2.WA,MSW.WA&fields=regularMarketPrice,regularMarketPreviousClose,regularMarketChangePercent,regularMarketChange,shortName,longName,currency,earningsTimestamp,earningsTimestampStart,earningsTimestampEnd,exDividendDate,dividendDate,trailingAnnualDividendRate,dividendRate,trailingPE,forwardPE,priceToBook:0
[    6652ms] [WARNING] direct v7 failed on query1.finance.yahoo.com Failed to fetch @ https://stockstracker-ai.vercel.app/:1524
[    6876ms] [ERROR] Access to fetch at 'https://query1.finance.yahoo.com/v1/test/getcrumb' from origin 'https://stockstracker-ai.vercel.app' has been blocked by CORS policy: No 'Access-Control-Allow-Origin' header is present on the requested resource. @ https://stockstracker-ai.vercel.app/:0
[    6877ms] [ERROR] Failed to load resource: net::ERR_FAILED @ https://query1.finance.yahoo.com/v1/test/getcrumb:0
[    7192ms] [ERROR] Access to fetch at 'https://query2.finance.yahoo.com/v7/finance/quote?symbols=DNP.WA,MOD.WA,DGN.WA,XTB.WA,MRB.WA,CDR.WA,SN2.WA,MSW.WA&fields=regularMarketPrice,regularMarketPreviousClose,regularMarketChangePercent,regularMarketChange,shortName,longName,currency,earningsTimestamp,earningsTimestampStart,earningsTimestampEnd,exDividendDate,dividendDate,trailingAnnualDividendRate,dividendRate,trailingPE,forwardPE,priceToBook' from origin 'https://stockstracker-ai.vercel.app' has been blocked by CORS policy: No 'Access-Control-Allow-Origin' header is present on the requested resource. @ https://stockstracker-ai.vercel.app/:0
[    7192ms] [ERROR] Failed to load resource: net::ERR_FAILED @ https://query2.finance.yahoo.com/v7/finance/quote?symbols=DNP.WA,MOD.WA,DGN.WA,XTB.WA,MRB.WA,CDR.WA,SN2.WA,MSW.WA&fields=regularMarketPrice,regularMarketPreviousClose,regularMarketChangePercent,regularMarketChange,shortName,longName,currency,earningsTimestamp,earningsTimestampStart,earningsTimestampEnd,exDividendDate,dividendDate,trailingAnnualDividendRate,dividendRate,trailingPE,forwardPE,priceToBook:0
[    7192ms] [WARNING] direct v7 failed on query2.finance.yahoo.com Failed to fetch @ https://stockstracker-ai.vercel.app/:1524
[    7336ms] [ERROR] Failed to load resource: the server responded with a status of 403 () @ https://corsproxy.io/?https%3A%2F%2Fquery1.finance.yahoo.com%2Fv7%2Ffinance%2Fquote%3Fsymbols%3DDNP.WA%2CMOD.WA%2CDGN.WA%2CXTB.WA%2CMRB.WA%2CCDR.WA%2CSN2.WA%2CMSW.WA%26fields%3DregularMarketPrice%2CregularMarketPreviousClose%2CregularMarketChangePercent%2CregularMarketChange%2CshortName%2ClongName%2Ccurrency%2CearningsTimestamp%2CearningsTimestampStart%2CearningsTimestampEnd%2CexDividendDate%2CdividendDate%2CtrailingAnnualDividendRate%2CdividendRate%2CtrailingPE%2CforwardPE%2CpriceToBook:0
[    7337ms] [ERROR] Failed to load resource: the server responded with a status of 401 () @ https://stockstracker-ai.vercel.app/api/proxy?url=https%3A%2F%2Fquery1.finance.yahoo.com%2Fv7%2Ffinance%2Fquote%3Fsymbols%3DDNP.WA%2CMOD.WA%2CDGN.WA%2CXTB.WA%2CMRB.WA%2CCDR.WA%2CSN2.WA%2CMSW.WA%26fields%3DregularMarketPrice%2CregularMarketPreviousClose%2CregularMarketChangePercent%2CregularMarketChange%2CshortName%2ClongName%2Ccurrency%2CearningsTimestamp%2CearningsTimestampStart%2CearningsTimestampEnd%2CexDividendDate%2CdividendDate%2CtrailingAnnualDividendRate%2CdividendRate%2CtrailingPE%2CforwardPE%2CpriceToBook:0
[    7338ms] [ERROR] Access to fetch at 'https://api.allorigins.win/raw?url=https%3A%2F%2Fquery1.finance.yahoo.com%2Fv7%2Ffinance%2Fquote%3Fsymbols%3DDNP.WA%2CMOD.WA%2CDGN.WA%2CXTB.WA%2CMRB.WA%2CCDR.WA%2CSN2.WA%2CMSW.WA%26fields%3DregularMarketPrice%2CregularMarketPreviousClose%2CregularMarketChangePercent%2CregularMarketChange%2CshortName%2ClongName%2Ccurrency%2CearningsTimestamp%2CearningsTimestampStart%2CearningsTimestampEnd%2CexDividendDate%2CdividendDate%2CtrailingAnnualDividendRate%2CdividendRate%2CtrailingPE%2CforwardPE%2CpriceToBook' from origin 'https://stockstracker-ai.vercel.app' has been blocked by CORS policy: No 'Access-Control-Allow-Origin' header is present on the requested resource. @ https://stockstracker-ai.vercel.app/:0
[    7338ms] [ERROR] Failed to load resource: net::ERR_FAILED @ https://api.allorigins.win/raw?url=https%3A%2F%2Fquery1.finance.yahoo.com%2Fv7%2Ffinance%2Fquote%3Fsymbols%3DDNP.WA%2CMOD.WA%2CDGN.WA%2CXTB.WA%2CMRB.WA%2CCDR.WA%2CSN2.WA%2CMSW.WA%26fields%3DregularMarketPrice%2CregularMarketPreviousClose%2CregularMarketChangePercent%2CregularMarketChange%2CshortName%2ClongName%2Ccurrency%2CearningsTimestamp%2CearningsTimestampStart%2CearningsTimestampEnd%2CexDividendDate%2CdividendDate%2CtrailingAnnualDividendRate%2CdividendRate%2CtrailingPE%2CforwardPE%2CpriceToBook:0
[    7355ms] [ERROR] Access to fetch at 'https://api.allorigins.win/get?url=https%3A%2F%2Fquery1.finance.yahoo.com%2Fv7%2Ffinance%2Fquote%3Fsymbols%3DDNP.WA%2CMOD.WA%2CDGN.WA%2CXTB.WA%2CMRB.WA%2CCDR.WA%2CSN2.WA%2CMSW.WA%26fields%3DregularMarketPrice%2CregularMarketPreviousClose%2CregularMarketChangePercent%2CregularMarketChange%2CshortName%2ClongName%2Ccurrency%2CearningsTimestamp%2CearningsTimestampStart%2CearningsTimestampEnd%2CexDividendDate%2CdividendDate%2CtrailingAnnualDividendRate%2CdividendRate%2CtrailingPE%2CforwardPE%2CpriceToBook' from origin 'https://stockstracker-ai.vercel.app' has been blocked by CORS policy: No 'Access-Control-Allow-Origin' header is present on the requested resource. @ https://stockstracker-ai.vercel.app/:0
[    7356ms] [ERROR] Failed to load resource: net::ERR_FAILED @ https://api.allorigins.win/get?url=https%3A%2F%2Fquery1.finance.yahoo.com%2Fv7%2Ffinance%2Fquote%3Fsymbols%3DDNP.WA%2CMOD.WA%2CDGN.WA%2CXTB.WA%2CMRB.WA%2CCDR.WA%2CSN2.WA%2CMSW.WA%26fields%3DregularMarketPrice%2CregularMarketPreviousClose%2CregularMarketChangePercent%2CregularMarketChange%2CshortName%2ClongName%2Ccurrency%2CearningsTimestamp%2CearningsTimestampStart%2CearningsTimestampEnd%2CexDividendDate%2CdividendDate%2CtrailingAnnualDividendRate%2CdividendRate%2CtrailingPE%2CforwardPE%2CpriceToBook:0
[    7356ms] [WARNING] proxy v7 failed on query1.finance.yahoo.com All promises were rejected @ https://stockstracker-ai.vercel.app/:1535
[    7360ms] [INFO] Fallback: v8/chart per symbol @ https://stockstracker-ai.vercel.app/:1539
[    7600ms] [ERROR] Access to fetch at 'https://api.allorigins.win/raw?url=https%3A%2F%2Fquery2.finance.yahoo.com%2Fv7%2Ffinance%2Fquote%3Fsymbols%3DDNP.WA%2CMOD.WA%2CDGN.WA%2CXTB.WA%2CMRB.WA%2CCDR.WA%2CSN2.WA%2CMSW.WA%26fields%3DregularMarketPrice%2CregularMarketPreviousClose%2CregularMarketChangePercent%2CregularMarketChange%2CshortName%2ClongName%2Ccurrency%2CearningsTimestamp%2CearningsTimestampStart%2CearningsTimestampEnd%2CexDividendDate%2CdividendDate%2CtrailingAnnualDividendRate%2CdividendRate%2CtrailingPE%2CforwardPE%2CpriceToBook' from origin 'https://stockstracker-ai.vercel.app' has been blocked by CORS policy: No 'Access-Control-Allow-Origin' header is present on the requested resource. @ https://stockstracker-ai.vercel.app/:0
[    7600ms] [ERROR] Failed to load resource: net::ERR_FAILED @ https://api.allorigins.win/raw?url=https%3A%2F%2Fquery2.finance.yahoo.com%2Fv7%2Ffinance%2Fquote%3Fsymbols%3DDNP.WA%2CMOD.WA%2CDGN.WA%2CXTB.WA%2CMRB.WA%2CCDR.WA%2CSN2.WA%2CMSW.WA%26fields%3DregularMarketPrice%2CregularMarketPreviousClose%2CregularMarketChangePercent%2CregularMarketChange%2CshortName%2ClongName%2Ccurrency%2CearningsTimestamp%2CearningsTimestampStart%2CearningsTimestampEnd%2CexDividendDate%2CdividendDate%2CtrailingAnnualDividendRate%2CdividendRate%2CtrailingPE%2CforwardPE%2CpriceToBook:0
[    7601ms] [ERROR] Failed to load resource: the server responded with a status of 403 () @ https://corsproxy.io/?https%3A%2F%2Fquery2.finance.yahoo.com%2Fv7%2Ffinance%2Fquote%3Fsymbols%3DDNP.WA%2CMOD.WA%2CDGN.WA%2CXTB.WA%2CMRB.WA%2CCDR.WA%2CSN2.WA%2CMSW.WA%26fields%3DregularMarketPrice%2CregularMarketPreviousClose%2CregularMarketChangePercent%2CregularMarketChange%2CshortName%2ClongName%2Ccurrency%2CearningsTimestamp%2CearningsTimestampStart%2CearningsTimestampEnd%2CexDividendDate%2CdividendDate%2CtrailingAnnualDividendRate%2CdividendRate%2CtrailingPE%2CforwardPE%2CpriceToBook:0
[    7602ms] [ERROR] Failed to load resource: the server responded with a status of 403 () @ https://corsproxy.io/?https%3A%2F%2Fquery1.finance.yahoo.com%2Fv8%2Ffinance%2Fchart%2FDNP.WA%3Finterval%3D1d%26range%3D5d:0
[    7605ms] [ERROR] Failed to load resource: the server responded with a status of 403 () @ https://corsproxy.io/?https%3A%2F%2Fquery1.finance.yahoo.com%2Fv8%2Ffinance%2Fchart%2FMOD.WA%3Finterval%3D1d%26range%3D5d:0
[    7641ms] [ERROR] Failed to load resource: the server responded with a status of 403 () @ https://corsproxy.io/?https%3A%2F%2Fquery1.finance.yahoo.com%2Fv8%2Ffinance%2Fchart%2FDGN.WA%3Finterval%3D1d%26range%3D5d:0
[    7648ms] [ERROR] Failed to load resource: the server responded with a status of 401 () @ https://stockstracker-ai.vercel.app/api/proxy?url=https%3A%2F%2Fquery1.finance.yahoo.com%2Fv8%2Ffinance%2Fchart%2FDNP.WA%3Finterval%3D1d%26range%3D5d:0
[    7652ms] [ERROR] Failed to load resource: the server responded with a status of 403 () @ https://corsproxy.io/?https%3A%2F%2Fquery1.finance.yahoo.com%2Fv8%2Ffinance%2Fchart%2FXTB.WA%3Finterval%3D1d%26range%3D5d:0
[    7660ms] [ERROR] Failed to load resource: the server responded with a status of 401 () @ https://stockstracker-ai.vercel.app/api/proxy?url=https%3A%2F%2Fquery2.finance.yahoo.com%2Fv7%2Ffinance%2Fquote%3Fsymbols%3DDNP.WA%2CMOD.WA%2CDGN.WA%2CXTB.WA%2CMRB.WA%2CCDR.WA%2CSN2.WA%2CMSW.WA%26fields%3DregularMarketPrice%2CregularMarketPreviousClose%2CregularMarketChangePercent%2CregularMarketChange%2CshortName%2ClongName%2Ccurrency%2CearningsTimestamp%2CearningsTimestampStart%2CearningsTimestampEnd%2CexDividendDate%2CdividendDate%2CtrailingAnnualDividendRate%2CdividendRate%2CtrailingPE%2CforwardPE%2CpriceToBook:0
[    7666ms] [ERROR] Failed to load resource: the server responded with a status of 401 () @ https://stockstracker-ai.vercel.app/api/proxy?url=https%3A%2F%2Fquery1.finance.yahoo.com%2Fv8%2Ffinance%2Fchart%2FDGN.WA%3Finterval%3D1d%26range%3D5d:0
[    7682ms] [ERROR] Failed to load resource: the server responded with a status of 401 () @ https://stockstracker-ai.vercel.app/api/proxy?url=https%3A%2F%2Fquery1.finance.yahoo.com%2Fv8%2Ffinance%2Fchart%2FMOD.WA%3Finterval%3D1d%26range%3D5d:0
[    7684ms] [ERROR] Failed to load resource: the server responded with a status of 403 () @ https://corsproxy.io/?https%3A%2F%2Fquery1.finance.yahoo.com%2Fv8%2Ffinance%2Fchart%2FMRB.WA%3Finterval%3D1d%26range%3D5d:0
[    7695ms] [ERROR] Failed to load resource: the server responded with a status of 401 () @ https://stockstracker-ai.vercel.app/api/proxy?url=https%3A%2F%2Fquery1.finance.yahoo.com%2Fv8%2Ffinance%2Fchart%2FXTB.WA%3Finterval%3D1d%26range%3D5d:0
[    7697ms] [ERROR] Failed to load resource: the server responded with a status of 403 () @ https://corsproxy.io/?https%3A%2F%2Fquery1.finance.yahoo.com%2Fv8%2Ffinance%2Fchart%2FCDR.WA%3Finterval%3D1d%26range%3D5d:0
[    7733ms] [ERROR] Failed to load resource: the server responded with a status of 403 () @ https://corsproxy.io/?https%3A%2F%2Fquery1.finance.yahoo.com%2Fv8%2Ffinance%2Fchart%2FSN2.WA%3Finterval%3D1d%26range%3D5d:0
[    7761ms] [ERROR] Failed to load resource: the server responded with a status of 403 () @ https://corsproxy.io/?https%3A%2F%2Fquery1.finance.yahoo.com%2Fv8%2Ffinance%2Fchart%2FMSW.WA%3Finterval%3D1d%26range%3D5d:0
[    7764ms] [ERROR] Access to fetch at 'https://api.allorigins.win/get?url=https%3A%2F%2Fquery1.finance.yahoo.com%2Fv8%2Ffinance%2Fchart%2FDNP.WA%3Finterval%3D1d%26range%3D5d' from origin 'https://stockstracker-ai.vercel.app' has been blocked by CORS policy: No 'Access-Control-Allow-Origin' header is present on the requested resource. @ https://stockstracker-ai.vercel.app/:0
[    7764ms] [ERROR] Failed to load resource: net::ERR_FAILED @ https://api.allorigins.win/get?url=https%3A%2F%2Fquery1.finance.yahoo.com%2Fv8%2Ffinance%2Fchart%2FDNP.WA%3Finterval%3D1d%26range%3D5d:0
[    7765ms] [ERROR] Access to fetch at 'https://api.allorigins.win/raw?url=https%3A%2F%2Fquery1.finance.yahoo.com%2Fv8%2Ffinance%2Fchart%2FMOD.WA%3Finterval%3D1d%26range%3D5d' from origin 'https://stockstracker-ai.vercel.app' has been blocked by CORS policy: No 'Access-Control-Allow-Origin' header is present on the requested resource. @ https://stockstracker-ai.vercel.app/:0
[    7765ms] [ERROR] Failed to load resource: net::ERR_FAILED @ https://api.allorigins.win/raw?url=https%3A%2F%2Fquery1.finance.yahoo.com%2Fv8%2Ffinance%2Fchart%2FMOD.WA%3Finterval%3D1d%26range%3D5d:0
[    7766ms] [ERROR] Access to fetch at 'https://api.allorigins.win/get?url=https%3A%2F%2Fquery1.finance.yahoo.com%2Fv8%2Ffinance%2Fchart%2FMOD.WA%3Finterval%3D1d%26range%3D5d' from origin 'https://stockstracker-ai.vercel.app' has been blocked by CORS policy: No 'Access-Control-Allow-Origin' header is present on the requested resource. @ https://stockstracker-ai.vercel.app/:0
[    7766ms] [ERROR] Failed to load resource: net::ERR_FAILED @ https://api.allorigins.win/get?url=https%3A%2F%2Fquery1.finance.yahoo.com%2Fv8%2Ffinance%2Fchart%2FMOD.WA%3Finterval%3D1d%26range%3D5d:0
[    7766ms] [ERROR] Failed to load resource: the server responded with a status of 401 () @ https://stockstracker-ai.vercel.app/api/proxy?url=https%3A%2F%2Fquery1.finance.yahoo.com%2Fv8%2Ffinance%2Fchart%2FSN2.WA%3Finterval%3D1d%26range%3D5d:0
[    7783ms] [ERROR] Failed to load resource: the server responded with a status of 401 () @ https://stockstracker-ai.vercel.app/api/proxy?url=https%3A%2F%2Fquery1.finance.yahoo.com%2Fv8%2Ffinance%2Fchart%2FMRB.WA%3Finterval%3D1d%26range%3D5d:0
[    7801ms] [ERROR] Failed to load resource: the server responded with a status of 401 () @ https://stockstracker-ai.vercel.app/api/proxy?url=https%3A%2F%2Fquery1.finance.yahoo.com%2Fv8%2Ffinance%2Fchart%2FCDR.WA%3Finterval%3D1d%26range%3D5d:0
[    7804ms] [ERROR] Failed to load resource: the server responded with a status of 401 () @ https://stockstracker-ai.vercel.app/api/proxy?url=https%3A%2F%2Fquery1.finance.yahoo.com%2Fv8%2Ffinance%2Fchart%2FMSW.WA%3Finterval%3D1d%26range%3D5d:0
[    7829ms] [ERROR] Access to fetch at 'https://api.allorigins.win/raw?url=https%3A%2F%2Fquery1.finance.yahoo.com%2Fv8%2Ffinance%2Fchart%2FDGN.WA%3Finterval%3D1d%26range%3D5d' from origin 'https://stockstracker-ai.vercel.app' has been blocked by CORS policy: No 'Access-Control-Allow-Origin' header is present on the requested resource. @ https://stockstracker-ai.vercel.app/:0
[    7830ms] [ERROR] Failed to load resource: net::ERR_FAILED @ https://api.allorigins.win/raw?url=https%3A%2F%2Fquery1.finance.yahoo.com%2Fv8%2Ffinance%2Fchart%2FDGN.WA%3Finterval%3D1d%26range%3D5d:0
[    7841ms] [ERROR] Access to fetch at 'https://api.allorigins.win/get?url=https%3A%2F%2Fquery1.finance.yahoo.com%2Fv8%2Ffinance%2Fchart%2FDGN.WA%3Finterval%3D1d%26range%3D5d' from origin 'https://stockstracker-ai.vercel.app' has been blocked by CORS policy: No 'Access-Control-Allow-Origin' header is present on the requested resource. @ https://stockstracker-ai.vercel.app/:0
[    7841ms] [ERROR] Failed to load resource: net::ERR_FAILED @ https://api.allorigins.win/get?url=https%3A%2F%2Fquery1.finance.yahoo.com%2Fv8%2Ffinance%2Fchart%2FDGN.WA%3Finterval%3D1d%26range%3D5d:0
[    7850ms] [ERROR] Access to fetch at 'https://api.allorigins.win/raw?url=https%3A%2F%2Fquery1.finance.yahoo.com%2Fv8%2Ffinance%2Fchart%2FXTB.WA%3Finterval%3D1d%26range%3D5d' from origin 'https://stockstracker-ai.vercel.app' has been blocked by CORS policy: No 'Access-Control-Allow-Origin' header is present on the requested resource. @ https://stockstracker-ai.vercel.app/:0
[    7850ms] [ERROR] Failed to load resource: net::ERR_FAILED @ https://api.allorigins.win/raw?url=https%3A%2F%2Fquery1.finance.yahoo.com%2Fv8%2Ffinance%2Fchart%2FXTB.WA%3Finterval%3D1d%26range%3D5d:0
[    7851ms] [ERROR] Access to fetch at 'https://api.allorigins.win/get?url=https%3A%2F%2Fquery1.finance.yahoo.com%2Fv8%2Ffinance%2Fchart%2FXTB.WA%3Finterval%3D1d%26range%3D5d' from origin 'https://stockstracker-ai.vercel.app' has been blocked by CORS policy: No 'Access-Control-Allow-Origin' header is present on the requested resource. @ https://stockstracker-ai.vercel.app/:0
[    7851ms] [ERROR] Failed to load resource: net::ERR_FAILED @ https://api.allorigins.win/get?url=https%3A%2F%2Fquery1.finance.yahoo.com%2Fv8%2Ffinance%2Fchart%2FXTB.WA%3Finterval%3D1d%26range%3D5d:0
[    7852ms] [ERROR] Access to fetch at 'https://api.allorigins.win/raw?url=https%3A%2F%2Fquery1.finance.yahoo.com%2Fv8%2Ffinance%2Fchart%2FMRB.WA%3Finterval%3D1d%26range%3D5d' from origin 'https://stockstracker-ai.vercel.app' has been blocked by CORS policy: No 'Access-Control-Allow-Origin' header is present on the requested resource. @ https://stockstracker-ai.vercel.app/:0
[    7852ms] [ERROR] Failed to load resource: net::ERR_FAILED @ https://api.allorigins.win/raw?url=https%3A%2F%2Fquery1.finance.yahoo.com%2Fv8%2Ffinance%2Fchart%2FMRB.WA%3Finterval%3D1d%26range%3D5d:0
[    8029ms] [ERROR] Access to fetch at 'https://api.allorigins.win/get?url=https%3A%2F%2Fquery1.finance.yahoo.com%2Fv8%2Ffinance%2Fchart%2FMRB.WA%3Finterval%3D1d%26range%3D5d' from origin 'https://stockstracker-ai.vercel.app' has been blocked by CORS policy: No 'Access-Control-Allow-Origin' header is present on the requested resource. @ https://stockstracker-ai.vercel.app/:0
[    8029ms] [ERROR] Failed to load resource: net::ERR_FAILED @ https://api.allorigins.win/get?url=https%3A%2F%2Fquery1.finance.yahoo.com%2Fv8%2Ffinance%2Fchart%2FMRB.WA%3Finterval%3D1d%26range%3D5d:0
[    8040ms] [ERROR] Access to fetch at 'https://api.allorigins.win/get?url=https%3A%2F%2Fquery1.finance.yahoo.com%2Fv8%2Ffinance%2Fchart%2FCDR.WA%3Finterval%3D1d%26range%3D5d' from origin 'https://stockstracker-ai.vercel.app' has been blocked by CORS policy: No 'Access-Control-Allow-Origin' header is present on the requested resource. @ https://stockstracker-ai.vercel.app/:0
[    8040ms] [ERROR] Failed to load resource: net::ERR_FAILED @ https://api.allorigins.win/get?url=https%3A%2F%2Fquery1.finance.yahoo.com%2Fv8%2Ffinance%2Fchart%2FCDR.WA%3Finterval%3D1d%26range%3D5d:0
[    8041ms] [ERROR] Access to fetch at 'https://api.allorigins.win/raw?url=https%3A%2F%2Fquery1.finance.yahoo.com%2Fv8%2Ffinance%2Fchart%2FSN2.WA%3Finterval%3D1d%26range%3D5d' from origin 'https://stockstracker-ai.vercel.app' has been blocked by CORS policy: No 'Access-Control-Allow-Origin' header is present on the requested resource. @ https://stockstracker-ai.vercel.app/:0
[    8041ms] [ERROR] Failed to load resource: net::ERR_FAILED @ https://api.allorigins.win/raw?url=https%3A%2F%2Fquery1.finance.yahoo.com%2Fv8%2Ffinance%2Fchart%2FSN2.WA%3Finterval%3D1d%26range%3D5d:0
[    8042ms] [ERROR] Access to fetch at 'https://api.allorigins.win/raw?url=https%3A%2F%2Fquery1.finance.yahoo.com%2Fv8%2Ffinance%2Fchart%2FCDR.WA%3Finterval%3D1d%26range%3D5d' from origin 'https://stockstracker-ai.vercel.app' has been blocked by CORS policy: No 'Access-Control-Allow-Origin' header is present on the requested resource. @ https://stockstracker-ai.vercel.app/:0
[    8042ms] [ERROR] Failed to load resource: net::ERR_FAILED @ https://api.allorigins.win/raw?url=https%3A%2F%2Fquery1.finance.yahoo.com%2Fv8%2Ffinance%2Fchart%2FCDR.WA%3Finterval%3D1d%26range%3D5d:0
[    8043ms] [ERROR] Access to fetch at 'https://api.allorigins.win/get?url=https%3A%2F%2Fquery1.finance.yahoo.com%2Fv8%2Ffinance%2Fchart%2FSN2.WA%3Finterval%3D1d%26range%3D5d' from origin 'https://stockstracker-ai.vercel.app' has been blocked by CORS policy: No 'Access-Control-Allow-Origin' header is present on the requested resource. @ https://stockstracker-ai.vercel.app/:0
[    8043ms] [ERROR] Failed to load resource: net::ERR_FAILED @ https://api.allorigins.win/get?url=https%3A%2F%2Fquery1.finance.yahoo.com%2Fv8%2Ffinance%2Fchart%2FSN2.WA%3Finterval%3D1d%26range%3D5d:0
[    8053ms] [ERROR] Access to fetch at 'https://api.allorigins.win/raw?url=https%3A%2F%2Fquery1.finance.yahoo.com%2Fv8%2Ffinance%2Fchart%2FMSW.WA%3Finterval%3D1d%26range%3D5d' from origin 'https://stockstracker-ai.vercel.app' has been blocked by CORS policy: No 'Access-Control-Allow-Origin' header is present on the requested resource. @ https://stockstracker-ai.vercel.app/:0
[    8053ms] [ERROR] Failed to load resource: net::ERR_FAILED @ https://api.allorigins.win/raw?url=https%3A%2F%2Fquery1.finance.yahoo.com%2Fv8%2Ffinance%2Fchart%2FMSW.WA%3Finterval%3D1d%26range%3D5d:0
[    8054ms] [ERROR] Access to fetch at 'https://api.allorigins.win/get?url=https%3A%2F%2Fquery1.finance.yahoo.com%2Fv8%2Ffinance%2Fchart%2FMSW.WA%3Finterval%3D1d%26range%3D5d' from origin 'https://stockstracker-ai.vercel.app' has been blocked by CORS policy: No 'Access-Control-Allow-Origin' header is present on the requested resource. @ https://stockstracker-ai.vercel.app/:0
[    8054ms] [ERROR] Failed to load resource: net::ERR_FAILED @ https://api.allorigins.win/get?url=https%3A%2F%2Fquery1.finance.yahoo.com%2Fv8%2Ffinance%2Fchart%2FMSW.WA%3Finterval%3D1d%26range%3D5d:0
[    8054ms] [INFO] Fallback: Stooq CSV for [MOD.WA, DGN.WA, XTB.WA, MRB.WA, CDR.WA, SN2.WA, MSW.WA] @ https://stockstracker-ai.vercel.app/:1547
[    8174ms] [ERROR] Access to resource at 'https://api.allorigins.win/get?url=https%3A%2F%2Fquery2.finance.yahoo.com%2Fv7%2Ffinance%2Fquote%3Fsymbols%3DDNP.WA%2CMOD.WA%2CDGN.WA%2CXTB.WA%2CMRB.WA%2CCDR.WA%2CSN2.WA%2CMSW.WA%26fields%3DregularMarketPrice%2CregularMarketPreviousClose%2CregularMarketChangePercent%2CregularMarketChange%2CshortName%2ClongName%2Ccurrency%2CearningsTimestamp%2CearningsTimestampStart%2CearningsTimestampEnd%2CexDividendDate%2CdividendDate%2CtrailingAnnualDividendRate%2CdividendRate%2CtrailingPE%2CforwardPE%2CpriceToBook' from origin 'https://stockstracker-ai.vercel.app' has been blocked by CORS policy: No 'Access-Control-Allow-Origin' header is present on the requested resource. @ https://stockstracker-ai.vercel.app/:0
[    8174ms] [ERROR] Failed to load resource: net::ERR_FAILED @ https://api.allorigins.win/get?url=https%3A%2F%2Fquery2.finance.yahoo.com%2Fv7%2Ffinance%2Fquote%3Fsymbols%3DDNP.WA%2CMOD.WA%2CDGN.WA%2CXTB.WA%2CMRB.WA%2CCDR.WA%2CSN2.WA%2CMSW.WA%26fields%3DregularMarketPrice%2CregularMarketPreviousClose%2CregularMarketChangePercent%2CregularMarketChange%2CshortName%2ClongName%2Ccurrency%2CearningsTimestamp%2CearningsTimestampStart%2CearningsTimestampEnd%2CexDividendDate%2CdividendDate%2CtrailingAnnualDividendRate%2CdividendRate%2CtrailingPE%2CforwardPE%2CpriceToBook:0
[    8227ms] [ERROR] Failed to load resource: the server responded with a status of 401 () @ https://stockstracker-ai.vercel.app/api/proxy?url=https%3A%2F%2Fstooq.com%2Fq%2Fl%2F%3Fs%3Dmod%26f%3Dsd2ohlcv%26h%26e%3Dcsv:0
[    8241ms] [ERROR] Failed to load resource: the server responded with a status of 401 () @ https://stockstracker-ai.vercel.app/api/proxy?url=https%3A%2F%2Fstooq.com%2Fq%2Fl%2F%3Fs%3Ddgn%26f%3Dsd2ohlcv%26h%26e%3Dcsv:0
[    8242ms] [ERROR] Access to resource at 'https://api.allorigins.win/raw?url=https%3A%2F%2Fquery1.finance.yahoo.com%2Fv8%2Ffinance%2Fchart%2FDNP.WA%3Finterval%3D1d%26range%3D5d' from origin 'https://stockstracker-ai.vercel.app' has been blocked by CORS policy: No 'Access-Control-Allow-Origin' header is present on the requested resource. @ https://stockstracker-ai.vercel.app/:0
[    8242ms] [ERROR] Failed to load resource: net::ERR_FAILED @ https://api.allorigins.win/raw?url=https%3A%2F%2Fquery1.finance.yahoo.com%2Fv8%2Ffinance%2Fchart%2FDNP.WA%3Finterval%3D1d%26range%3D5d:0
[    8264ms] [ERROR] Failed to load resource: the server responded with a status of 401 () @ https://stockstracker-ai.vercel.app/api/proxy?url=https%3A%2F%2Fstooq.com%2Fq%2Fl%2F%3Fs%3Dsn2%26f%3Dsd2ohlcv%26h%26e%3Dcsv:0
[    8282ms] [ERROR] Failed to load resource: the server responded with a status of 401 () @ https://stockstracker-ai.vercel.app/api/proxy?url=https%3A%2F%2Fstooq.com%2Fq%2Fl%2F%3Fs%3Dcdr%26f%3Dsd2ohlcv%26h%26e%3Dcsv:0
[    8322ms] [ERROR] Failed to load resource: the server responded with a status of 401 () @ https://stockstracker-ai.vercel.app/api/proxy?url=https%3A%2F%2Fstooq.com%2Fq%2Fl%2F%3Fs%3Dxtb%26f%3Dsd2ohlcv%26h%26e%3Dcsv:0
[    8323ms] [ERROR] Failed to load resource: the server responded with a status of 401 () @ https://stockstracker-ai.vercel.app/api/proxy?url=https%3A%2F%2Fstooq.com%2Fq%2Fl%2F%3Fs%3Dmrb%26f%3Dsd2ohlcv%26h%26e%3Dcsv:0
[    8369ms] [ERROR] Failed to load resource: the server responded with a status of 401 () @ https://stockstracker-ai.vercel.app/api/proxy?url=https%3A%2F%2Fstooq.com%2Fq%2Fl%2F%3Fs%3Dmsw%26f%3Dsd2ohlcv%26h%26e%3Dcsv:0
[    8402ms] [ERROR] Failed to load resource: the server responded with a status of 404 () @ https://assets.parqet.com/logos/symbol/MOD.WA:0
[    8403ms] [ERROR] Failed to load resource: the server responded with a status of 404 () @ https://assets.parqet.com/logos/symbol/DGN.WA:0
[    8403ms] [ERROR] Failed to load resource: the server responded with a status of 404 () @ https://assets.parqet.com/logos/symbol/SN2.WA:0
[    8403ms] [ERROR] Failed to load resource: the server responded with a status of 404 () @ https://assets.parqet.com/logos/symbol/MSW.WA:0
[    8505ms] [ERROR] Failed to load resource: the server responded with a status of 401 () @ https://stockstracker-ai.vercel.app/api/alphavantage?function=COMPANY_OVERVIEW&symbol=DNP:0
[    8522ms] [ERROR] Failed to load resource: the server responded with a status of 404 () @ https://assets.parqet.com/logos/symbol/MOD.WA:0
[    8522ms] [ERROR] Failed to load resource: the server responded with a status of 404 () @ https://assets.parqet.com/logos/symbol/DGN.WA:0
[    8525ms] [ERROR] Failed to load resource: the server responded with a status of 404 () @ https://assets.parqet.com/logos/symbol/SN2.WA:0
[    8525ms] [ERROR] Failed to load resource: the server responded with a status of 404 () @ https://assets.parqet.com/logos/symbol/MSW.WA:0
[   11513ms] [ERROR] Access to fetch at 'https://api.frankfurter.app/latest?from=USD&to=PLN,EUR,GBP' from origin 'https://stockstracker-ai.vercel.app' has been blocked by CORS policy: No 'Access-Control-Allow-Origin' header is present on the requested resource. @ https://stockstracker-ai.vercel.app/app:0
[   11513ms] [ERROR] Failed to load resource: net::ERR_FAILED @ https://api.frankfurter.app/latest?from=USD&to=PLN,EUR,GBP:0
[   11514ms] [WARNING] [fx] fetch failed, using fallback: no token for proxy @ https://stockstracker-ai.vercel.app/assets/index-Coq1NdKN.js:58
[   14417ms] [LOG] [KPI] Total Invested vs Total Value {costBasis: 0.00, positionsValue: 0.00, cashValue: 0.00, totalValue: 0.00, unrealPLN: 0.00} @ https://stockstracker-ai.vercel.app/assets/index-Coq1NdKN.js:77
[   14418ms] [LOG] [KPI] Total Invested vs Total Value {costBasis: 0.00, positionsValue: 0.00, cashValue: 0.00, totalValue: 0.00, unrealPLN: 0.00} @ https://stockstracker-ai.vercel.app/assets/index-Coq1NdKN.js:77
[   14565ms] [LOG] [KPI] Total Invested vs Total Value {costBasis: 34277.24, positionsValue: 34277.24, cashValue: 0.00, totalValue: 34277.24, unrealPLN: 0.00} @ https://stockstracker-ai.vercel.app/assets/index-Coq1NdKN.js:77
[   14625ms] [LOG] [KPI] Total Invested vs Total Value {costBasis: 34277.24, positionsValue: 34277.24, cashValue: 0.00, totalValue: 34277.24, unrealPLN: 0.00} @ https://stockstracker-ai.vercel.app/assets/index-Coq1NdKN.js:77
[   14837ms] [ERROR] Failed to load resource: the server responded with a status of 502 () @ https://stockstracker-ai.vercel.app/api/proxy?url=https%3A%2F%2Fquery2.finance.yahoo.com%2Fv7%2Ffinance%2Fquote%3Fsymbols%3DMOD.WA%26fields%3DregularMarketPrice%2CregularMarketChangePercent%2CtrailingPE%2CforwardPE%2CpriceToBook%2Csector%2CearningsTimestamp:0
[   14882ms] [ERROR] Failed to load resource: the server responded with a status of 502 () @ https://stockstracker-ai.vercel.app/api/proxy?url=https%3A%2F%2Fquery2.finance.yahoo.com%2Fv7%2Ffinance%2Fquote%3Fsymbols%3DXTB.WA%26fields%3DregularMarketPrice%2CregularMarketChangePercent%2CtrailingPE%2CforwardPE%2CpriceToBook%2Csector%2CearningsTimestamp:0
[   14966ms] [ERROR] Failed to load resource: the server responded with a status of 502 () @ https://stockstracker-ai.vercel.app/api/proxy?url=https%3A%2F%2Fquery2.finance.yahoo.com%2Fv7%2Ffinance%2Fquote%3Fsymbols%3DMSW.WA%26fields%3DregularMarketPrice%2CregularMarketChangePercent%2CtrailingPE%2CforwardPE%2CpriceToBook%2Csector%2CearningsTimestamp:0
[   15019ms] [ERROR] Failed to load resource: the server responded with a status of 502 () @ https://stockstracker-ai.vercel.app/api/proxy?url=https%3A%2F%2Fquery2.finance.yahoo.com%2Fv7%2Ffinance%2Fquote%3Fsymbols%3DDGN.WA%26fields%3DregularMarketPrice%2CregularMarketChangePercent%2CtrailingPE%2CforwardPE%2CpriceToBook%2Csector%2CearningsTimestamp:0
[   15083ms] [ERROR] Failed to load resource: the server responded with a status of 502 () @ https://stockstracker-ai.vercel.app/api/proxy?url=https%3A%2F%2Fquery2.finance.yahoo.com%2Fv7%2Ffinance%2Fquote%3Fsymbols%3DDNP.WA%26fields%3DregularMarketPrice%2CregularMarketChangePercent%2CtrailingPE%2CforwardPE%2CpriceToBook%2Csector%2CearningsTimestamp:0
[   15241ms] [ERROR] Failed to load resource: the server responded with a status of 502 () @ https://stockstracker-ai.vercel.app/api/proxy?url=https%3A%2F%2Fquery2.finance.yahoo.com%2Fv7%2Ffinance%2Fquote%3Fsymbols%3DCDR.WA%26fields%3DregularMarketPrice%2CregularMarketChangePercent%2CtrailingPE%2CforwardPE%2CpriceToBook%2Csector%2CearningsTimestamp:0
[   15368ms] [ERROR] Failed to load resource: the server responded with a status of 502 () @ https://stockstracker-ai.vercel.app/api/proxy?url=https%3A%2F%2Fquery2.finance.yahoo.com%2Fv7%2Ffinance%2Fquote%3Fsymbols%3DSN2.WA%26fields%3DregularMarketPrice%2CregularMarketChangePercent%2CtrailingPE%2CforwardPE%2CpriceToBook%2Csector%2CearningsTimestamp:0
[   24654ms] [ERROR] Failed to load resource: the server responded with a status of 404 () @ chrome-error://chromewebdata/:0
[   36383ms] [ERROR] Failed to load resource: the server responded with a status of 404 () @ https://assets.parqet.com/logos/symbol/MOD.WA:0
[   36383ms] [ERROR] Failed to load resource: the server responded with a status of 404 () @ https://assets.parqet.com/logos/symbol/DGN.WA:0
[   36387ms] [ERROR] Failed to load resource: the server responded with a status of 404 () @ https://assets.parqet.com/logos/symbol/SN2.WA:0
[   36387ms] [ERROR] Failed to load resource: the server responded with a status of 404 () @ https://assets.parqet.com/logos/symbol/MSW.WA:0
[   36420ms] [ERROR] Failed to load resource: the server responded with a status of 403 () @ https://corsproxy.io/?https%3A%2F%2Fquery1.finance.yahoo.com%2Fv8%2Ffinance%2Fchart%2F%255EGSPC%3Finterval%3D1d%26range%3Dmax:0
[   36496ms] [ERROR] Failed to load resource: the server responded with a status of 503 () @ https://stockstracker-ai.vercel.app/api/proxy?url=https%3A%2F%2Fquery1.finance.yahoo.com%2Fv8%2Ffinance%2Fchart%2F%255EGSPC%3Finterval%3D1d%26range%3Dmax:0
[   36734ms] [ERROR] Access to fetch at 'https://query1.finance.yahoo.com/v1/test/getcrumb' from origin 'https://stockstracker-ai.vercel.app' has been blocked by CORS policy: No 'Access-Control-Allow-Origin' header is present on the requested resource. @ https://stockstracker-ai.vercel.app/:0
[   36734ms] [ERROR] Failed to load resource: net::ERR_FAILED @ https://query1.finance.yahoo.com/v1/test/getcrumb:0
[   36846ms] [ERROR] Access to fetch at 'https://query1.finance.yahoo.com/v7/finance/quote?symbols=DNP.WA,MOD.WA,DGN.WA,XTB.WA,MRB.WA,CDR.WA,SN2.WA,MSW.WA&fields=regularMarketPrice,regularMarketPreviousClose,regularMarketChangePercent,regularMarketChange,shortName,longName,currency,earningsTimestamp,earningsTimestampStart,earningsTimestampEnd,exDividendDate,dividendDate,trailingAnnualDividendRate,dividendRate,trailingPE,forwardPE,priceToBook' from origin 'https://stockstracker-ai.vercel.app' has been blocked by CORS policy: No 'Access-Control-Allow-Origin' header is present on the requested resource. @ https://stockstracker-ai.vercel.app/:0
[   36846ms] [ERROR] Failed to load resource: net::ERR_FAILED @ https://query1.finance.yahoo.com/v7/finance/quote?symbols=DNP.WA,MOD.WA,DGN.WA,XTB.WA,MRB.WA,CDR.WA,SN2.WA,MSW.WA&fields=regularMarketPrice,regularMarketPreviousClose,regularMarketChangePercent,regularMarketChange,shortName,longName,currency,earningsTimestamp,earningsTimestampStart,earningsTimestampEnd,exDividendDate,dividendDate,trailingAnnualDividendRate,dividendRate,trailingPE,forwardPE,priceToBook:0
[   36846ms] [WARNING] direct v7 failed on query1.finance.yahoo.com Failed to fetch @ https://stockstracker-ai.vercel.app/:1524
[   37081ms] [ERROR] Access to fetch at 'https://query1.finance.yahoo.com/v1/test/getcrumb' from origin 'https://stockstracker-ai.vercel.app' has been blocked by CORS policy: No 'Access-Control-Allow-Origin' header is present on the requested resource. @ https://stockstracker-ai.vercel.app/:0
[   37081ms] [ERROR] Failed to load resource: net::ERR_FAILED @ https://query1.finance.yahoo.com/v1/test/getcrumb:0
[   37189ms] [ERROR] Access to fetch at 'https://query2.finance.yahoo.com/v7/finance/quote?symbols=DNP.WA,MOD.WA,DGN.WA,XTB.WA,MRB.WA,CDR.WA,SN2.WA,MSW.WA&fields=regularMarketPrice,regularMarketPreviousClose,regularMarketChangePercent,regularMarketChange,shortName,longName,currency,earningsTimestamp,earningsTimestampStart,earningsTimestampEnd,exDividendDate,dividendDate,trailingAnnualDividendRate,dividendRate,trailingPE,forwardPE,priceToBook' from origin 'https://stockstracker-ai.vercel.app' has been blocked by CORS policy: No 'Access-Control-Allow-Origin' header is present on the requested resource. @ https://stockstracker-ai.vercel.app/:0
[   37190ms] [ERROR] Failed to load resource: net::ERR_FAILED @ https://query2.finance.yahoo.com/v7/finance/quote?symbols=DNP.WA,MOD.WA,DGN.WA,XTB.WA,MRB.WA,CDR.WA,SN2.WA,MSW.WA&fields=regularMarketPrice,regularMarketPreviousClose,regularMarketChangePercent,regularMarketChange,shortName,longName,currency,earningsTimestamp,earningsTimestampStart,earningsTimestampEnd,exDividendDate,dividendDate,trailingAnnualDividendRate,dividendRate,trailingPE,forwardPE,priceToBook:0
[   37190ms] [WARNING] direct v7 failed on query2.finance.yahoo.com Failed to fetch @ https://stockstracker-ai.vercel.app/:1524
[   37272ms] [ERROR] Failed to load resource: the server responded with a status of 403 () @ https://corsproxy.io/?https%3A%2F%2Fquery1.finance.yahoo.com%2Fv7%2Ffinance%2Fquote%3Fsymbols%3DDNP.WA%2CMOD.WA%2CDGN.WA%2CXTB.WA%2CMRB.WA%2CCDR.WA%2CSN2.WA%2CMSW.WA%26fields%3DregularMarketPrice%2CregularMarketPreviousClose%2CregularMarketChangePercent%2CregularMarketChange%2CshortName%2ClongName%2Ccurrency%2CearningsTimestamp%2CearningsTimestampStart%2CearningsTimestampEnd%2CexDividendDate%2CdividendDate%2CtrailingAnnualDividendRate%2CdividendRate%2CtrailingPE%2CforwardPE%2CpriceToBook:0
[   37319ms] [ERROR] Failed to load resource: the server responded with a status of 503 () @ https://stockstracker-ai.vercel.app/api/proxy?url=https%3A%2F%2Fquery1.finance.yahoo.com%2Fv7%2Ffinance%2Fquote%3Fsymbols%3DDNP.WA%2CMOD.WA%2CDGN.WA%2CXTB.WA%2CMRB.WA%2CCDR.WA%2CSN2.WA%2CMSW.WA%26fields%3DregularMarketPrice%2CregularMarketPreviousClose%2CregularMarketChangePercent%2CregularMarketChange%2CshortName%2ClongName%2Ccurrency%2CearningsTimestamp%2CearningsTimestampStart%2CearningsTimestampEnd%2CexDividendDate%2CdividendDate%2CtrailingAnnualDividendRate%2CdividendRate%2CtrailingPE%2CforwardPE%2CpriceToBook:0
[   41503ms] [ERROR] Failed to load resource: the server responded with a status of 503 () @ https://stockstracker-ai.vercel.app/api/data?t=1779364273487:0
[   43359ms] [WARNING] portfolio beta failed: All promises were rejected @ https://stockstracker-ai.vercel.app/:2893
[   44191ms] [WARNING] proxy v7 failed on query1.finance.yahoo.com All promises were rejected @ https://stockstracker-ai.vercel.app/:1535
[   44307ms] [ERROR] Failed to load resource: the server responded with a status of 503 () @ https://stockstracker-ai.vercel.app/api/proxy?url=https%3A%2F%2Fquery2.finance.yahoo.com%2Fv7%2Ffinance%2Fquote%3Fsymbols%3DDNP.WA%2CMOD.WA%2CDGN.WA%2CXTB.WA%2CMRB.WA%2CCDR.WA%2CSN2.WA%2CMSW.WA%26fields%3DregularMarketPrice%2CregularMarketPreviousClose%2CregularMarketChangePercent%2CregularMarketChange%2CshortName%2ClongName%2Ccurrency%2CearningsTimestamp%2CearningsTimestampStart%2CearningsTimestampEnd%2CexDividendDate%2CdividendDate%2CtrailingAnnualDividendRate%2CdividendRate%2CtrailingPE%2CforwardPE%2CpriceToBook:0
[   44354ms] [ERROR] Failed to load resource: the server responded with a status of 403 () @ https://corsproxy.io/?https%3A%2F%2Fquery2.finance.yahoo.com%2Fv7%2Ffinance%2Fquote%3Fsymbols%3DDNP.WA%2CMOD.WA%2CDGN.WA%2CXTB.WA%2CMRB.WA%2CCDR.WA%2CSN2.WA%2CMSW.WA%26fields%3DregularMarketPrice%2CregularMarketPreviousClose%2CregularMarketChangePercent%2CregularMarketChange%2CshortName%2ClongName%2Ccurrency%2CearningsTimestamp%2CearningsTimestampStart%2CearningsTimestampEnd%2CexDividendDate%2CdividendDate%2CtrailingAnnualDividendRate%2CdividendRate%2CtrailingPE%2CforwardPE%2CpriceToBook:0
[   44916ms] [INFO] Fallback: v8/chart per symbol @ https://stockstracker-ai.vercel.app/:1539
[   44959ms] [ERROR] Failed to load resource: the server responded with a status of 403 () @ https://corsproxy.io/?https%3A%2F%2Fquery1.finance.yahoo.com%2Fv8%2Ffinance%2Fchart%2FDNP.WA%3Finterval%3D1d%26range%3D5d:0
[   44973ms] [ERROR] Failed to load resource: the server responded with a status of 403 () @ https://corsproxy.io/?https%3A%2F%2Fquery1.finance.yahoo.com%2Fv8%2Ffinance%2Fchart%2FMOD.WA%3Finterval%3D1d%26range%3D5d:0
[   44988ms] [ERROR] Failed to load resource: the server responded with a status of 403 () @ https://corsproxy.io/?https%3A%2F%2Fquery1.finance.yahoo.com%2Fv8%2Ffinance%2Fchart%2FXTB.WA%3Finterval%3D1d%26range%3D5d:0
[   44992ms] [ERROR] Failed to load resource: the server responded with a status of 403 () @ https://corsproxy.io/?https%3A%2F%2Fquery1.finance.yahoo.com%2Fv8%2Ffinance%2Fchart%2FDGN.WA%3Finterval%3D1d%26range%3D5d:0
[   44993ms] [ERROR] Failed to load resource: the server responded with a status of 403 () @ https://corsproxy.io/?https%3A%2F%2Fquery1.finance.yahoo.com%2Fv8%2Ffinance%2Fchart%2FMRB.WA%3Finterval%3D1d%26range%3D5d:0
[   44998ms] [ERROR] Failed to load resource: the server responded with a status of 403 () @ https://corsproxy.io/?https%3A%2F%2Fquery1.finance.yahoo.com%2Fv8%2Ffinance%2Fchart%2FMSW.WA%3Finterval%3D1d%26range%3D5d:0
[   44999ms] [ERROR] Failed to load resource: the server responded with a status of 403 () @ https://corsproxy.io/?https%3A%2F%2Fquery1.finance.yahoo.com%2Fv8%2Ffinance%2Fchart%2FSN2.WA%3Finterval%3D1d%26range%3D5d:0
[   44999ms] [ERROR] Failed to load resource: the server responded with a status of 403 () @ https://corsproxy.io/?https%3A%2F%2Fquery1.finance.yahoo.com%2Fv8%2Ffinance%2Fchart%2FCDR.WA%3Finterval%3D1d%26range%3D5d:0
[   45000ms] [ERROR] Failed to load resource: the server responded with a status of 503 () @ https://stockstracker-ai.vercel.app/api/proxy?url=https%3A%2F%2Fquery1.finance.yahoo.com%2Fv8%2Ffinance%2Fchart%2FDNP.WA%3Finterval%3D1d%26range%3D5d:0
[   45045ms] [ERROR] Failed to load resource: the server responded with a status of 503 () @ https://stockstracker-ai.vercel.app/api/proxy?url=https%3A%2F%2Fquery1.finance.yahoo.com%2Fv8%2Ffinance%2Fchart%2FDGN.WA%3Finterval%3D1d%26range%3D5d:0
[   45046ms] [ERROR] Failed to load resource: the server responded with a status of 503 () @ https://stockstracker-ai.vercel.app/api/proxy?url=https%3A%2F%2Fquery1.finance.yahoo.com%2Fv8%2Ffinance%2Fchart%2FCDR.WA%3Finterval%3D1d%26range%3D5d:0
[   45047ms] [ERROR] Failed to load resource: the server responded with a status of 503 () @ https://stockstracker-ai.vercel.app/api/proxy?url=https%3A%2F%2Fquery1.finance.yahoo.com%2Fv8%2Ffinance%2Fchart%2FMRB.WA%3Finterval%3D1d%26range%3D5d:0
[   45048ms] [ERROR] Failed to load resource: the server responded with a status of 503 () @ https://stockstracker-ai.vercel.app/api/proxy?url=https%3A%2F%2Fquery1.finance.yahoo.com%2Fv8%2Ffinance%2Fchart%2FSN2.WA%3Finterval%3D1d%26range%3D5d:0
[   45049ms] [ERROR] Failed to load resource: the server responded with a status of 503 () @ https://stockstracker-ai.vercel.app/api/proxy?url=https%3A%2F%2Fquery1.finance.yahoo.com%2Fv8%2Ffinance%2Fchart%2FXTB.WA%3Finterval%3D1d%26range%3D5d:0
[   45066ms] [ERROR] Failed to load resource: the server responded with a status of 503 () @ https://stockstracker-ai.vercel.app/api/proxy?url=https%3A%2F%2Fquery1.finance.yahoo.com%2Fv8%2Ffinance%2Fchart%2FMOD.WA%3Finterval%3D1d%26range%3D5d:0
[   45071ms] [ERROR] Failed to load resource: the server responded with a status of 503 () @ https://stockstracker-ai.vercel.app/api/proxy?url=https%3A%2F%2Fquery1.finance.yahoo.com%2Fv8%2Ffinance%2Fchart%2FMSW.WA%3Finterval%3D1d%26range%3D5d:0
[   46597ms] [ERROR] Failed to load resource: the server responded with a status of 503 () @ https://stockstracker-ai.vercel.app/api/data?t=1779364278681:0
[   51698ms] [ERROR] Failed to load resource: the server responded with a status of 503 () @ https://stockstracker-ai.vercel.app/api/data?t=1779364283776:0
[   51921ms] [INFO] Fallback: Stooq CSV for [MOD.WA, MRB.WA, CDR.WA, SN2.WA, MSW.WA] @ https://stockstracker-ai.vercel.app/:1547
[   53303ms] [ERROR] Failed to load resource: the server responded with a status of 503 () @ https://stockstracker-ai.vercel.app/api/proxy?url=https%3A%2F%2Fstooq.com%2Fq%2Fl%2F%3Fs%3Dcdr%26f%3Dsd2ohlcv%26h%26e%3Dcsv:0
[   53313ms] [ERROR] Failed to load resource: the server responded with a status of 503 () @ https://stockstracker-ai.vercel.app/api/proxy?url=https%3A%2F%2Fstooq.com%2Fq%2Fl%2F%3Fs%3Dsn2%26f%3Dsd2ohlcv%26h%26e%3Dcsv:0
[   53313ms] [ERROR] Failed to load resource: the server responded with a status of 503 () @ https://stockstracker-ai.vercel.app/api/proxy?url=https%3A%2F%2Fstooq.com%2Fq%2Fl%2F%3Fs%3Dmsw%26f%3Dsd2ohlcv%26h%26e%3Dcsv:0
[   53326ms] [ERROR] Failed to load resource: the server responded with a status of 503 () @ https://stockstracker-ai.vercel.app/api/proxy?url=https%3A%2F%2Fstooq.com%2Fq%2Fl%2F%3Fs%3Dmod%26f%3Dsd2ohlcv%26h%26e%3Dcsv:0
[   53326ms] [ERROR] Failed to load resource: the server responded with a status of 503 () @ https://stockstracker-ai.vercel.app/api/proxy?url=https%3A%2F%2Fstooq.com%2Fq%2Fl%2F%3Fs%3Dmrb%26f%3Dsd2ohlcv%26h%26e%3Dcsv:0
[   53365ms] [ERROR] Failed to load resource: the server responded with a status of 404 () @ https://assets.parqet.com/logos/symbol/MOD.WA:0
[   53366ms] [ERROR] Failed to load resource: the server responded with a status of 404 () @ https://assets.parqet.com/logos/symbol/DGN.WA:0
[   53369ms] [ERROR] Failed to load resource: the server responded with a status of 404 () @ https://assets.parqet.com/logos/symbol/SN2.WA:0
[   53371ms] [ERROR] Failed to load resource: the server responded with a status of 404 () @ https://assets.parqet.com/logos/symbol/MSW.WA:0
[   53805ms] [ERROR] Access to fetch at 'https://api.allorigins.win/raw?url=https%3A%2F%2Fquery1.finance.yahoo.com%2Fv8%2Ffinance%2Fchart%2F%255EGSPC%3Finterval%3D1d%26range%3Dmax' from origin 'https://stockstracker-ai.vercel.app' has been blocked by CORS policy: No 'Access-Control-Allow-Origin' header is present on the requested resource. @ https://stockstracker-ai.vercel.app/:0
[   53805ms] [ERROR] Failed to load resource: net::ERR_FAILED @ https://api.allorigins.win/raw?url=https%3A%2F%2Fquery1.finance.yahoo.com%2Fv8%2Ffinance%2Fchart%2F%255EGSPC%3Finterval%3D1d%26range%3Dmax:0
[   53806ms] [ERROR] Access to fetch at 'https://api.allorigins.win/get?url=https%3A%2F%2Fquery1.finance.yahoo.com%2Fv8%2Ffinance%2Fchart%2F%255EGSPC%3Finterval%3D1d%26range%3Dmax' from origin 'https://stockstracker-ai.vercel.app' has been blocked by CORS policy: No 'Access-Control-Allow-Origin' header is present on the requested resource. @ https://stockstracker-ai.vercel.app/:0
[   53806ms] [ERROR] Failed to load resource: net::ERR_FAILED @ https://api.allorigins.win/get?url=https%3A%2F%2Fquery1.finance.yahoo.com%2Fv8%2Ffinance%2Fchart%2F%255EGSPC%3Finterval%3D1d%26range%3Dmax:0
[   53814ms] [ERROR] Failed to load resource: the server responded with a status of 403 () @ https://corsproxy.io/?https%3A%2F%2Fquery1.finance.yahoo.com%2Fv8%2Ffinance%2Fchart%2F%255EGSPC%3Finterval%3D1d%26range%3Dmax:0
[   53890ms] [ERROR] Failed to load resource: the server responded with a status of 503 () @ https://stockstracker-ai.vercel.app/api/proxy?url=https%3A%2F%2Fquery1.finance.yahoo.com%2Fv8%2Ffinance%2Fchart%2F%255EGSPC%3Finterval%3D1d%26range%3Dmax:0
[   53891ms] [WARNING] portfolio beta failed: All promises were rejected @ https://stockstracker-ai.vercel.app/:2893
[   53996ms] [ERROR] Failed to load resource: the server responded with a status of 503 () @ https://stockstracker-ai.vercel.app/api/alphavantage?function=COMPANY_OVERVIEW&symbol=DNP:0
[   54026ms] [ERROR] Failed to load resource: the server responded with a status of 404 () @ https://assets.parqet.com/logos/symbol/MOD.WA:0
[   54026ms] [ERROR] Failed to load resource: the server responded with a status of 404 () @ https://assets.parqet.com/logos/symbol/DGN.WA:0
[   54027ms] [ERROR] Failed to load resource: the server responded with a status of 404 () @ https://assets.parqet.com/logos/symbol/SN2.WA:0
[   54028ms] [ERROR] Failed to load resource: the server responded with a status of 404 () @ https://assets.parqet.com/logos/symbol/MSW.WA:0
[   54062ms] [ERROR] Access to fetch at 'https://api.allorigins.win/raw?url=https%3A%2F%2Fquery1.finance.yahoo.com%2Fv8%2Ffinance%2Fchart%2F%255EGSPC%3Finterval%3D1d%26range%3Dmax' from origin 'https://stockstracker-ai.vercel.app' has been blocked by CORS policy: No 'Access-Control-Allow-Origin' header is present on the requested resource. @ https://stockstracker-ai.vercel.app/:0
[   54062ms] [ERROR] Failed to load resource: net::ERR_FAILED @ https://api.allorigins.win/raw?url=https%3A%2F%2Fquery1.finance.yahoo.com%2Fv8%2Ffinance%2Fchart%2F%255EGSPC%3Finterval%3D1d%26range%3Dmax:0
[   54070ms] [ERROR] Access to fetch at 'https://api.allorigins.win/get?url=https%3A%2F%2Fquery1.finance.yahoo.com%2Fv8%2Ffinance%2Fchart%2F%255EGSPC%3Finterval%3D1d%26range%3Dmax' from origin 'https://stockstracker-ai.vercel.app' has been blocked by CORS policy: No 'Access-Control-Allow-Origin' header is present on the requested resource. @ https://stockstracker-ai.vercel.app/:0
[   54070ms] [ERROR] Failed to load resource: net::ERR_FAILED @ https://api.allorigins.win/get?url=https%3A%2F%2Fquery1.finance.yahoo.com%2Fv8%2Ffinance%2Fchart%2F%255EGSPC%3Finterval%3D1d%26range%3Dmax:0
[   54087ms] [ERROR] Failed to load resource: the server responded with a status of 403 () @ https://corsproxy.io/?https%3A%2F%2Fquery1.finance.yahoo.com%2Fv8%2Ffinance%2Fchart%2F%255EGSPC%3Finterval%3D1d%26range%3Dmax:0
[   54120ms] [ERROR] Failed to load resource: the server responded with a status of 503 () @ https://stockstracker-ai.vercel.app/api/proxy?url=https%3A%2F%2Fquery1.finance.yahoo.com%2Fv8%2Ffinance%2Fchart%2F%255EGSPC%3Finterval%3D1d%26range%3Dmax:0
[   54121ms] [WARNING] portfolio beta failed: All promises were rejected @ https://stockstracker-ai.vercel.app/:2893
[   75481ms] [WARNING] AV fundamentals failed MOD.WA Failed to fetch @ https://stockstracker-ai.vercel.app/:4028
[   75710ms] [ERROR] Access to fetch at 'https://api.frankfurter.app/latest?from=USD&to=PLN,EUR,GBP' from origin 'https://stockstracker-ai.vercel.app' has been blocked by CORS policy: No 'Access-Control-Allow-Origin' header is present on the requested resource. @ https://stockstracker-ai.vercel.app/:0
[   75710ms] [ERROR] Failed to load resource: net::ERR_FAILED @ https://api.frankfurter.app/latest?from=USD&to=PLN,EUR,GBP:0
[   75715ms] [LOG] [KPI] Total Invested vs Total Value {costBasis: 0.00, positionsValue: 0.00, cashValue: 0.00, totalValue: 0.00, unrealPLN: 0.00} @ https://stockstracker-ai.vercel.app/assets/index-Coq1NdKN.js:77
[   75717ms] [LOG] [KPI] Total Invested vs Total Value {costBasis: 0.00, positionsValue: 0.00, cashValue: 0.00, totalValue: 0.00, unrealPLN: 0.00} @ https://stockstracker-ai.vercel.app/assets/index-Coq1NdKN.js:77
[   75821ms] [ERROR] Failed to load resource: the server responded with a status of 503 () @ https://stockstracker-ai.vercel.app/api/data:0
[   75826ms] [LOG] [KPI] Total Invested vs Total Value {costBasis: 0.00, positionsValue: 0.00, cashValue: 0.00, totalValue: 0.00, unrealPLN: 0.00} @ https://stockstracker-ai.vercel.app/assets/index-Coq1NdKN.js:77
[   75831ms] [ERROR] Failed to load resource: the server responded with a status of 503 () @ https://stockstracker-ai.vercel.app/api/proxy?url=https%3A%2F%2Fapi.frankfurter.app%2Flatest%3Ffrom%3DUSD%26to%3DPLN%2CEUR%2CGBP:0
[   75831ms] [WARNING] [fx] fetch failed, using fallback: HTTP 503 @ https://stockstracker-ai.vercel.app/assets/index-Coq1NdKN.js:58
[  498195ms] [ERROR] Access to fetch at 'https://stooq.com/q/l/?s=dnp&f=sd2ohlcv&h&e=csv' from origin 'https://stockstracker-ai.vercel.app' has been blocked by CORS policy: No 'Access-Control-Allow-Origin' header is present on the requested resource. @ https://stockstracker-ai.vercel.app/:0
[  498195ms] [ERROR] Failed to load resource: net::ERR_FAILED @ https://stooq.com/q/l/?s=dnp&f=sd2ohlcv&h&e=csv:0
