[    1494ms] [ERROR] Access to fetch at 'https://api.frankfurter.app/latest?from=USD&to=PLN,EUR,GBP' from origin 'https://stockstracker.onrender.com' has been blocked by CORS policy: No 'Access-Control-Allow-Origin' header is present on the requested resource. @ https://stockstracker.onrender.com/:0
[    1494ms] [ERROR] Failed to load resource: net::ERR_FAILED @ https://api.frankfurter.app/latest?from=USD&to=PLN,EUR,GBP:0
[    1494ms] [WARNING] [fx] fetch failed, using fallback: Failed to fetch @ https://stockstracker.onrender.com/assets/index-UHkrDbdc.js:58
[    1502ms] [LOG] [KPI] Total Invested vs Total Value {costBasis: 0.00, positionsValue: 0.00, cashValue: 0.00, totalValue: 0.00, unrealPLN: 0.00} @ https://stockstracker.onrender.com/assets/index-UHkrDbdc.js:77
[    1521ms] [LOG] [KPI] Total Invested vs Total Value {costBasis: 0.00, positionsValue: 0.00, cashValue: 0.00, totalValue: 0.00, unrealPLN: 0.00} @ https://stockstracker.onrender.com/assets/index-UHkrDbdc.js:77
[    1542ms] [ERROR] Failed to load resource: the server responded with a status of 401 () @ https://stockstracker.onrender.com/api/data:0
[   21788ms] [LOG] [KPI] Total Invested vs Total Value {costBasis: 0.00, positionsValue: 0.00, cashValue: 0.00, totalValue: 0.00, unrealPLN: 0.00} @ https://stockstracker.onrender.com/assets/index-UHkrDbdc.js:77
[   21826ms] [LOG] [KPI] Total Invested vs Total Value {costBasis: 0.00, positionsValue: 0.00, cashValue: 0.00, totalValue: 0.00, unrealPLN: 0.00} @ https://stockstracker.onrender.com/assets/index-UHkrDbdc.js:77
[   21913ms] [LOG] [KPI] Total Invested vs Total Value {costBasis: 34277.24, positionsValue: 34277.24, cashValue: 0.00, totalValue: 34277.24, unrealPLN: 0.00} @ https://stockstracker.onrender.com/assets/index-UHkrDbdc.js:77
[   21969ms] [LOG] [KPI] Total Invested vs Total Value {costBasis: 34277.24, positionsValue: 34277.24, cashValue: 0.00, totalValue: 34277.24, unrealPLN: 0.00} @ https://stockstracker.onrender.com/assets/index-UHkrDbdc.js:77
[   22234ms] [ERROR] Failed to load resource: the server responded with a status of 502 () @ https://stockstracker.onrender.com/api/proxy?url=https%3A%2F%2Fquery2.finance.yahoo.com%2Fv7%2Ffinance%2Fquote%3Fsymbols%3DMOD.WA%26fields%3DregularMarketPrice%2CregularMarketChangePercent%2CtrailingPE%2CforwardPE%2CpriceToBook%2Csector%2CearningsTimestamp:0
[   22361ms] [ERROR] Failed to load resource: the server responded with a status of 502 () @ https://stockstracker.onrender.com/api/proxy?url=https%3A%2F%2Fquery2.finance.yahoo.com%2Fv7%2Ffinance%2Fquote%3Fsymbols%3DDNP.WA%26fields%3DregularMarketPrice%2CregularMarketChangePercent%2CtrailingPE%2CforwardPE%2CpriceToBook%2Csector%2CearningsTimestamp:0
[   22425ms] [ERROR] Failed to load resource: the server responded with a status of 502 () @ https://stockstracker.onrender.com/api/proxy?url=https%3A%2F%2Fquery2.finance.yahoo.com%2Fv7%2Ffinance%2Fquote%3Fsymbols%3DDGN.WA%26fields%3DregularMarketPrice%2CregularMarketChangePercent%2CtrailingPE%2CforwardPE%2CpriceToBook%2Csector%2CearningsTimestamp:0
[   22475ms] [ERROR] Failed to load resource: the server responded with a status of 502 () @ https://stockstracker.onrender.com/api/proxy?url=https%3A%2F%2Fquery2.finance.yahoo.com%2Fv7%2Ffinance%2Fquote%3Fsymbols%3DXTB.WA%26fields%3DregularMarketPrice%2CregularMarketChangePercent%2CtrailingPE%2CforwardPE%2CpriceToBook%2Csector%2CearningsTimestamp:0
[   22521ms] [ERROR] Failed to load resource: the server responded with a status of 502 () @ https://stockstracker.onrender.com/api/proxy?url=https%3A%2F%2Fquery2.finance.yahoo.com%2Fv7%2Ffinance%2Fquote%3Fsymbols%3DMRB.WA%26fields%3DregularMarketPrice%2CregularMarketChangePercent%2CtrailingPE%2CforwardPE%2CpriceToBook%2Csector%2CearningsTimestamp:0
[   22667ms] [ERROR] Failed to load resource: the server responded with a status of 502 () @ https://stockstracker.onrender.com/api/proxy?url=https%3A%2F%2Fquery2.finance.yahoo.com%2Fv7%2Ffinance%2Fquote%3Fsymbols%3DSN2.WA%26fields%3DregularMarketPrice%2CregularMarketChangePercent%2CtrailingPE%2CforwardPE%2CpriceToBook%2Csector%2CearningsTimestamp:0
[   22769ms] [ERROR] Failed to load resource: the server responded with a status of 502 () @ https://stockstracker.onrender.com/api/proxy?url=https%3A%2F%2Fquery2.finance.yahoo.com%2Fv7%2Ffinance%2Fquote%3Fsymbols%3DMSW.WA%26fields%3DregularMarketPrice%2CregularMarketChangePercent%2CtrailingPE%2CforwardPE%2CpriceToBook%2Csector%2CearningsTimestamp:0
[   22881ms] [ERROR] Failed to load resource: the server responded with a status of 502 () @ https://stockstracker.onrender.com/api/proxy?url=https%3A%2F%2Fquery2.finance.yahoo.com%2Fv8%2Ffinance%2Fchart%2FMOD.WA%3Finterval%3D1d%26range%3D2d:0
[   23287ms] [ERROR] Failed to load resource: the server responded with a status of 502 () @ https://stockstracker.onrender.com/api/proxy?url=https%3A%2F%2Fquery2.finance.yahoo.com%2Fv8%2Ffinance%2Fchart%2FSN2.WA%3Finterval%3D1d%26range%3D2d:0
[   68912ms] [ERROR] Failed to load resource: the server responded with a status of 503 () @ https://stockstracker.onrender.com/api/proxy?url=https%3A%2F%2Fstooq.com%2Fq%2Fl%2F%3Fs%3Ddnp%26f%3Dsd2ohlcv%26h%26e%3Dcsv:0
[   68928ms] [ERROR] Failed to load resource: the server responded with a status of 503 () @ https://stockstracker.onrender.com/api/proxy?url=https%3A%2F%2Fstooq.com%2Fq%2Fl%2F%3Fs%3Dxtb%26f%3Dsd2ohlcv%26h%26e%3Dcsv:0
[   68931ms] [ERROR] Failed to load resource: the server responded with a status of 503 () @ https://stockstracker.onrender.com/api/proxy?url=https%3A%2F%2Fstooq.com%2Fq%2Fl%2F%3Fs%3Ddgn%26f%3Dsd2ohlcv%26h%26e%3Dcsv:0
[   68932ms] [ERROR] Failed to load resource: the server responded with a status of 503 () @ https://stockstracker.onrender.com/api/proxy?url=https%3A%2F%2Fstooq.com%2Fq%2Fl%2F%3Fs%3Dmod%26f%3Dsd2ohlcv%26h%26e%3Dcsv:0
[   68933ms] [ERROR] Failed to load resource: the server responded with a status of 503 () @ https://stockstracker.onrender.com/api/proxy?url=https%3A%2F%2Fstooq.com%2Fq%2Fl%2F%3Fs%3Dsn2%26f%3Dsd2ohlcv%26h%26e%3Dcsv:0
[   68934ms] [ERROR] Failed to load resource: the server responded with a status of 503 () @ https://stockstracker.onrender.com/api/proxy?url=https%3A%2F%2Fstooq.com%2Fq%2Fl%2F%3Fs%3Dmrb%26f%3Dsd2ohlcv%26h%26e%3Dcsv:0
[   68935ms] [ERROR] Failed to load resource: the server responded with a status of 503 () @ https://stockstracker.onrender.com/api/proxy?url=https%3A%2F%2Fstooq.com%2Fq%2Fl%2F%3Fs%3Dcdr%26f%3Dsd2ohlcv%26h%26e%3Dcsv:0
[   68935ms] [ERROR] Failed to load resource: the server responded with a status of 503 () @ https://stockstracker.onrender.com/api/proxy?url=https%3A%2F%2Fstooq.com%2Fq%2Fl%2F%3Fs%3Dmsw%26f%3Dsd2ohlcv%26h%26e%3Dcsv:0
[  694870ms] [ERROR] Failed to load resource: the server responded with a status of 404 () @ chrome-error://chromewebdata/:0
[ 1187601ms] [ERROR] Failed to load resource: the server responded with a status of 401 () @ https://stockstracker.onrender.com/api/data?t=1779364185112:0
[ 1187704ms] [VERBOSE] [DOM] Password field is not contained in a form: (More info: https://goo.gl/9p2vKq) %o @ https://stockstracker.onrender.com/:0
[ 1190906ms] [ERROR] Failed to load resource: the server responded with a status of 401 () @ https://stockstracker.onrender.com/api/proxy?url=https%3A%2F%2Fquery1.finance.yahoo.com%2Fv8%2Ffinance%2Fchart%2F%255EGSPC%3Finterval%3D1d%26range%3Dmax:0
[ 1191006ms] [ERROR] Failed to load resource: the server responded with a status of 404 () @ https://assets.parqet.com/logos/symbol/SN2.WA:0
[ 1191010ms] [ERROR] Failed to load resource: the server responded with a status of 404 () @ https://assets.parqet.com/logos/symbol/MSW.WA:0
[ 1191026ms] [ERROR] Failed to load resource: the server responded with a status of 403 () @ https://corsproxy.io/?https%3A%2F%2Fquery1.finance.yahoo.com%2Fv8%2Ffinance%2Fchart%2F%255EGSPC%3Finterval%3D1d%26range%3Dmax:0
[ 1191026ms] [ERROR] Failed to load resource: the server responded with a status of 404 () @ https://assets.parqet.com/logos/symbol/DGN.WA:0
[ 1191029ms] [ERROR] Failed to load resource: the server responded with a status of 404 () @ https://assets.parqet.com/logos/symbol/MOD.WA:0
[ 1191865ms] [ERROR] Access to fetch at 'https://query1.finance.yahoo.com/v1/test/getcrumb' from origin 'https://stockstracker.onrender.com' has been blocked by CORS policy: No 'Access-Control-Allow-Origin' header is present on the requested resource. @ https://stockstracker.onrender.com/:0
[ 1191865ms] [ERROR] Failed to load resource: net::ERR_FAILED @ https://query1.finance.yahoo.com/v1/test/getcrumb:0
[ 1191972ms] [ERROR] Access to fetch at 'https://query1.finance.yahoo.com/v7/finance/quote?symbols=DNP.WA,MOD.WA,DGN.WA,XTB.WA,MRB.WA,CDR.WA,SN2.WA,MSW.WA&fields=regularMarketPrice,regularMarketPreviousClose,regularMarketChangePercent,regularMarketChange,shortName,longName,currency,earningsTimestamp,earningsTimestampStart,earningsTimestampEnd,exDividendDate,dividendDate,trailingAnnualDividendRate,dividendRate,trailingPE,forwardPE,priceToBook' from origin 'https://stockstracker.onrender.com' has been blocked by CORS policy: No 'Access-Control-Allow-Origin' header is present on the requested resource. @ https://stockstracker.onrender.com/:0
[ 1191972ms] [ERROR] Failed to load resource: net::ERR_FAILED @ https://query1.finance.yahoo.com/v7/finance/quote?symbols=DNP.WA,MOD.WA,DGN.WA,XTB.WA,MRB.WA,CDR.WA,SN2.WA,MSW.WA&fields=regularMarketPrice,regularMarketPreviousClose,regularMarketChangePercent,regularMarketChange,shortName,longName,currency,earningsTimestamp,earningsTimestampStart,earningsTimestampEnd,exDividendDate,dividendDate,trailingAnnualDividendRate,dividendRate,trailingPE,forwardPE,priceToBook:0
[ 1191972ms] [WARNING] direct v7 failed on query1.finance.yahoo.com Failed to fetch @ https://stockstracker.onrender.com/:1524
[ 1192189ms] [ERROR] Access to fetch at 'https://query1.finance.yahoo.com/v1/test/getcrumb' from origin 'https://stockstracker.onrender.com' has been blocked by CORS policy: No 'Access-Control-Allow-Origin' header is present on the requested resource. @ https://stockstracker.onrender.com/:0
[ 1192189ms] [ERROR] Failed to load resource: net::ERR_FAILED @ https://query1.finance.yahoo.com/v1/test/getcrumb:0
[ 1192303ms] [ERROR] Access to fetch at 'https://query2.finance.yahoo.com/v7/finance/quote?symbols=DNP.WA,MOD.WA,DGN.WA,XTB.WA,MRB.WA,CDR.WA,SN2.WA,MSW.WA&fields=regularMarketPrice,regularMarketPreviousClose,regularMarketChangePercent,regularMarketChange,shortName,longName,currency,earningsTimestamp,earningsTimestampStart,earningsTimestampEnd,exDividendDate,dividendDate,trailingAnnualDividendRate,dividendRate,trailingPE,forwardPE,priceToBook' from origin 'https://stockstracker.onrender.com' has been blocked by CORS policy: No 'Access-Control-Allow-Origin' header is present on the requested resource. @ https://stockstracker.onrender.com/:0
[ 1192303ms] [ERROR] Failed to load resource: net::ERR_FAILED @ https://query2.finance.yahoo.com/v7/finance/quote?symbols=DNP.WA,MOD.WA,DGN.WA,XTB.WA,MRB.WA,CDR.WA,SN2.WA,MSW.WA&fields=regularMarketPrice,regularMarketPreviousClose,regularMarketChangePercent,regularMarketChange,shortName,longName,currency,earningsTimestamp,earningsTimestampStart,earningsTimestampEnd,exDividendDate,dividendDate,trailingAnnualDividendRate,dividendRate,trailingPE,forwardPE,priceToBook:0
[ 1192303ms] [WARNING] direct v7 failed on query2.finance.yahoo.com Failed to fetch @ https://stockstracker.onrender.com/:1524
[ 1192352ms] [ERROR] Failed to load resource: the server responded with a status of 401 () @ https://stockstracker.onrender.com/api/proxy?url=https%3A%2F%2Fquery1.finance.yahoo.com%2Fv7%2Ffinance%2Fquote%3Fsymbols%3DDNP.WA%2CMOD.WA%2CDGN.WA%2CXTB.WA%2CMRB.WA%2CCDR.WA%2CSN2.WA%2CMSW.WA%26fields%3DregularMarketPrice%2CregularMarketPreviousClose%2CregularMarketChangePercent%2CregularMarketChange%2CshortName%2ClongName%2Ccurrency%2CearningsTimestamp%2CearningsTimestampStart%2CearningsTimestampEnd%2CexDividendDate%2CdividendDate%2CtrailingAnnualDividendRate%2CdividendRate%2CtrailingPE%2CforwardPE%2CpriceToBook:0
[ 1192356ms] [ERROR] Failed to load resource: the server responded with a status of 403 () @ https://corsproxy.io/?https%3A%2F%2Fquery1.finance.yahoo.com%2Fv7%2Ffinance%2Fquote%3Fsymbols%3DDNP.WA%2CMOD.WA%2CDGN.WA%2CXTB.WA%2CMRB.WA%2CCDR.WA%2CSN2.WA%2CMSW.WA%26fields%3DregularMarketPrice%2CregularMarketPreviousClose%2CregularMarketChangePercent%2CregularMarketChange%2CshortName%2ClongName%2Ccurrency%2CearningsTimestamp%2CearningsTimestampStart%2CearningsTimestampEnd%2CexDividendDate%2CdividendDate%2CtrailingAnnualDividendRate%2CdividendRate%2CtrailingPE%2CforwardPE%2CpriceToBook:0
[ 1194950ms] [ERROR] Failed to load resource: the server responded with a status of 403 () @ https://corsproxy.io/?https%3A%2F%2Fquery2.finance.yahoo.com%2Fv7%2Ffinance%2Fquote%3Fsymbols%3DDNP.WA%2CMOD.WA%2CDGN.WA%2CXTB.WA%2CMRB.WA%2CCDR.WA%2CSN2.WA%2CMSW.WA%26fields%3DregularMarketPrice%2CregularMarketPreviousClose%2CregularMarketChangePercent%2CregularMarketChange%2CshortName%2ClongName%2Ccurrency%2CearningsTimestamp%2CearningsTimestampStart%2CearningsTimestampEnd%2CexDividendDate%2CdividendDate%2CtrailingAnnualDividendRate%2CdividendRate%2CtrailingPE%2CforwardPE%2CpriceToBook:0
[ 1194952ms] [ERROR] Failed to load resource: the server responded with a status of 401 () @ https://stockstracker.onrender.com/api/proxy?url=https%3A%2F%2Fquery2.finance.yahoo.com%2Fv7%2Ffinance%2Fquote%3Fsymbols%3DDNP.WA%2CMOD.WA%2CDGN.WA%2CXTB.WA%2CMRB.WA%2CCDR.WA%2CSN2.WA%2CMSW.WA%26fields%3DregularMarketPrice%2CregularMarketPreviousClose%2CregularMarketChangePercent%2CregularMarketChange%2CshortName%2ClongName%2Ccurrency%2CearningsTimestamp%2CearningsTimestampStart%2CearningsTimestampEnd%2CexDividendDate%2CdividendDate%2CtrailingAnnualDividendRate%2CdividendRate%2CtrailingPE%2CforwardPE%2CpriceToBook:0
[ 1195301ms] [INFO] Fallback: v8/chart per symbol @ https://stockstracker.onrender.com/:1539
[ 1195366ms] [ERROR] Failed to load resource: the server responded with a status of 403 () @ https://corsproxy.io/?https%3A%2F%2Fquery1.finance.yahoo.com%2Fv8%2Ffinance%2Fchart%2FDNP.WA%3Finterval%3D1d%26range%3D5d:0
[ 1195368ms] [ERROR] Failed to load resource: the server responded with a status of 401 () @ https://stockstracker.onrender.com/api/proxy?url=https%3A%2F%2Fquery1.finance.yahoo.com%2Fv8%2Ffinance%2Fchart%2FDNP.WA%3Finterval%3D1d%26range%3D5d:0
[ 1195376ms] [ERROR] Failed to load resource: the server responded with a status of 403 () @ https://corsproxy.io/?https%3A%2F%2Fquery1.finance.yahoo.com%2Fv8%2Ffinance%2Fchart%2FMOD.WA%3Finterval%3D1d%26range%3D5d:0
[ 1195378ms] [ERROR] Failed to load resource: the server responded with a status of 403 () @ https://corsproxy.io/?https%3A%2F%2Fquery1.finance.yahoo.com%2Fv8%2Ffinance%2Fchart%2FDGN.WA%3Finterval%3D1d%26range%3D5d:0
[ 1195380ms] [ERROR] Failed to load resource: the server responded with a status of 403 () @ https://corsproxy.io/?https%3A%2F%2Fquery1.finance.yahoo.com%2Fv8%2Ffinance%2Fchart%2FXTB.WA%3Finterval%3D1d%26range%3D5d:0
[ 1195383ms] [ERROR] Failed to load resource: the server responded with a status of 403 () @ https://corsproxy.io/?https%3A%2F%2Fquery1.finance.yahoo.com%2Fv8%2Ffinance%2Fchart%2FMRB.WA%3Finterval%3D1d%26range%3D5d:0
[ 1195385ms] [ERROR] Failed to load resource: the server responded with a status of 401 () @ https://stockstracker.onrender.com/api/proxy?url=https%3A%2F%2Fquery1.finance.yahoo.com%2Fv8%2Ffinance%2Fchart%2FDGN.WA%3Finterval%3D1d%26range%3D5d:0
[ 1195386ms] [ERROR] Failed to load resource: the server responded with a status of 401 () @ https://stockstracker.onrender.com/api/proxy?url=https%3A%2F%2Fquery1.finance.yahoo.com%2Fv8%2Ffinance%2Fchart%2FMOD.WA%3Finterval%3D1d%26range%3D5d:0
[ 1195387ms] [ERROR] Failed to load resource: the server responded with a status of 401 () @ https://stockstracker.onrender.com/api/proxy?url=https%3A%2F%2Fquery1.finance.yahoo.com%2Fv8%2Ffinance%2Fchart%2FXTB.WA%3Finterval%3D1d%26range%3D5d:0
[ 1195389ms] [ERROR] Failed to load resource: the server responded with a status of 403 () @ https://corsproxy.io/?https%3A%2F%2Fquery1.finance.yahoo.com%2Fv8%2Ffinance%2Fchart%2FCDR.WA%3Finterval%3D1d%26range%3D5d:0
[ 1195390ms] [ERROR] Failed to load resource: the server responded with a status of 401 () @ https://stockstracker.onrender.com/api/proxy?url=https%3A%2F%2Fquery1.finance.yahoo.com%2Fv8%2Ffinance%2Fchart%2FMRB.WA%3Finterval%3D1d%26range%3D5d:0
[ 1195390ms] [ERROR] Failed to load resource: the server responded with a status of 401 () @ https://stockstracker.onrender.com/api/proxy?url=https%3A%2F%2Fquery1.finance.yahoo.com%2Fv8%2Ffinance%2Fchart%2FCDR.WA%3Finterval%3D1d%26range%3D5d:0
[ 1195392ms] [ERROR] Failed to load resource: the server responded with a status of 403 () @ https://corsproxy.io/?https%3A%2F%2Fquery1.finance.yahoo.com%2Fv8%2Ffinance%2Fchart%2FMSW.WA%3Finterval%3D1d%26range%3D5d:0
[ 1195393ms] [ERROR] Failed to load resource: the server responded with a status of 401 () @ https://stockstracker.onrender.com/api/proxy?url=https%3A%2F%2Fquery1.finance.yahoo.com%2Fv8%2Ffinance%2Fchart%2FSN2.WA%3Finterval%3D1d%26range%3D5d:0
[ 1195401ms] [ERROR] Failed to load resource: the server responded with a status of 403 () @ https://corsproxy.io/?https%3A%2F%2Fquery1.finance.yahoo.com%2Fv8%2Ffinance%2Fchart%2FSN2.WA%3Finterval%3D1d%26range%3D5d:0
[ 1195402ms] [ERROR] Failed to load resource: the server responded with a status of 401 () @ https://stockstracker.onrender.com/api/proxy?url=https%3A%2F%2Fquery1.finance.yahoo.com%2Fv8%2Ffinance%2Fchart%2FMSW.WA%3Finterval%3D1d%26range%3D5d:0
[ 1202310ms] [INFO] Fallback: Stooq CSV for [MOD.WA, DGN.WA, XTB.WA, MRB.WA, CDR.WA, SN2.WA, MSW.WA] @ https://stockstracker.onrender.com/:1547
[ 1202378ms] [ERROR] Failed to load resource: the server responded with a status of 401 () @ https://stockstracker.onrender.com/api/proxy?url=https%3A%2F%2Fstooq.com%2Fq%2Fl%2F%3Fs%3Dmod%26f%3Dsd2ohlcv%26h%26e%3Dcsv:0
[ 1202380ms] [ERROR] Failed to load resource: the server responded with a status of 401 () @ https://stockstracker.onrender.com/api/proxy?url=https%3A%2F%2Fstooq.com%2Fq%2Fl%2F%3Fs%3Dmrb%26f%3Dsd2ohlcv%26h%26e%3Dcsv:0
[ 1202383ms] [ERROR] Failed to load resource: the server responded with a status of 401 () @ https://stockstracker.onrender.com/api/proxy?url=https%3A%2F%2Fstooq.com%2Fq%2Fl%2F%3Fs%3Ddgn%26f%3Dsd2ohlcv%26h%26e%3Dcsv:0
[ 1202383ms] [ERROR] Failed to load resource: the server responded with a status of 401 () @ https://stockstracker.onrender.com/api/proxy?url=https%3A%2F%2Fstooq.com%2Fq%2Fl%2F%3Fs%3Dxtb%26f%3Dsd2ohlcv%26h%26e%3Dcsv:0
[ 1202385ms] [ERROR] Failed to load resource: the server responded with a status of 401 () @ https://stockstracker.onrender.com/api/proxy?url=https%3A%2F%2Fstooq.com%2Fq%2Fl%2F%3Fs%3Dmsw%26f%3Dsd2ohlcv%26h%26e%3Dcsv:0
[ 1202386ms] [ERROR] Failed to load resource: the server responded with a status of 401 () @ https://stockstracker.onrender.com/api/proxy?url=https%3A%2F%2Fstooq.com%2Fq%2Fl%2F%3Fs%3Dsn2%26f%3Dsd2ohlcv%26h%26e%3Dcsv:0
[ 1202388ms] [ERROR] Failed to load resource: the server responded with a status of 401 () @ https://stockstracker.onrender.com/api/proxy?url=https%3A%2F%2Fstooq.com%2Fq%2Fl%2F%3Fs%3Dcdr%26f%3Dsd2ohlcv%26h%26e%3Dcsv:0
[ 1202440ms] [ERROR] Failed to load resource: the server responded with a status of 404 () @ https://assets.parqet.com/logos/symbol/MOD.WA:0
[ 1202441ms] [ERROR] Failed to load resource: the server responded with a status of 404 () @ https://assets.parqet.com/logos/symbol/DGN.WA:0
[ 1202441ms] [ERROR] Failed to load resource: the server responded with a status of 404 () @ https://assets.parqet.com/logos/symbol/SN2.WA:0
[ 1202441ms] [ERROR] Failed to load resource: the server responded with a status of 404 () @ https://assets.parqet.com/logos/symbol/MSW.WA:0
[ 1202477ms] [ERROR] Failed to load resource: the server responded with a status of 401 () @ https://stockstracker.onrender.com/api/alphavantage?function=COMPANY_OVERVIEW&symbol=DNP:0
[ 1202508ms] [ERROR] Failed to load resource: the server responded with a status of 404 () @ https://assets.parqet.com/logos/symbol/MOD.WA:0
[ 1202508ms] [ERROR] Failed to load resource: the server responded with a status of 404 () @ https://assets.parqet.com/logos/symbol/DGN.WA:0
[ 1202510ms] [ERROR] Failed to load resource: the server responded with a status of 404 () @ https://assets.parqet.com/logos/symbol/SN2.WA:0
[ 1202510ms] [ERROR] Failed to load resource: the server responded with a status of 404 () @ https://assets.parqet.com/logos/symbol/MSW.WA:0
[ 1209333ms] [ERROR] Access to resource at 'https://api.allorigins.win/raw?url=https%3A%2F%2Fquery1.finance.yahoo.com%2Fv8%2Ffinance%2Fchart%2F%255EGSPC%3Finterval%3D1d%26range%3Dmax' from origin 'https://stockstracker.onrender.com' has been blocked by CORS policy: No 'Access-Control-Allow-Origin' header is present on the requested resource. @ https://stockstracker.onrender.com/:0
[ 1209333ms] [ERROR] Failed to load resource: net::ERR_FAILED @ https://api.allorigins.win/raw?url=https%3A%2F%2Fquery1.finance.yahoo.com%2Fv8%2Ffinance%2Fchart%2F%255EGSPC%3Finterval%3D1d%26range%3Dmax:0
[ 1210225ms] [ERROR] Access to resource at 'https://api.allorigins.win/get?url=https%3A%2F%2Fquery1.finance.yahoo.com%2Fv8%2Ffinance%2Fchart%2F%255EGSPC%3Finterval%3D1d%26range%3Dmax' from origin 'https://stockstracker.onrender.com' has been blocked by CORS policy: No 'Access-Control-Allow-Origin' header is present on the requested resource. @ https://stockstracker.onrender.com/:0
[ 1210225ms] [ERROR] Failed to load resource: net::ERR_FAILED @ https://api.allorigins.win/get?url=https%3A%2F%2Fquery1.finance.yahoo.com%2Fv8%2Ffinance%2Fchart%2F%255EGSPC%3Finterval%3D1d%26range%3Dmax:0
