[    3064ms] [ERROR] Failed to load resource: the server responded with a status of 401 () @ https://stockstracker.onrender.com/api/proxy?url=https%3A%2F%2Fapi.frankfurter.app%2Flatest%3Ffrom%3DUSD%26to%3DPLN%2CEUR%2CGBP:0
[    3064ms] [WARNING] [fx] fetch failed, using fallback: HTTP 401 @ https://stockstracker.onrender.com/app/assets/index-CbiyNm2-.js:58
[   46042ms] [LOG] [KPI] Total Invested vs Total Value {costBasis: 0.00, positionsValue: 0.00, cashValue: 0.00, totalValue: 0.00, unrealPLN: 0.00} @ https://stockstracker.onrender.com/app/assets/index-CbiyNm2-.js:77
[   46150ms] [LOG] [KPI] Total Invested vs Total Value {costBasis: 0.00, positionsValue: 0.00, cashValue: 0.00, totalValue: 0.00, unrealPLN: 0.00} @ https://stockstracker.onrender.com/app/assets/index-CbiyNm2-.js:77
[   46990ms] [LOG] [KPI] Total Invested vs Total Value {costBasis: 74444.98, positionsValue: 74444.98, cashValue: 33515.14, totalValue: 107960.11, unrealPLN: 0.00} @ https://stockstracker.onrender.com/app/assets/index-CbiyNm2-.js:77
[   47104ms] [LOG] [KPI] Total Invested vs Total Value {costBasis: 74444.98, positionsValue: 74444.98, cashValue: 33515.14, totalValue: 107960.11, unrealPLN: 0.00} @ https://stockstracker.onrender.com/app/assets/index-CbiyNm2-.js:77
[   47174ms] [ERROR] Failed to load resource: the server responded with a status of 401 () @ https://stockstracker.onrender.com/api/proxy?url=https%3A%2F%2Fquery2.finance.yahoo.com%2Fv7%2Ffinance%2Fquote%3Fsymbols%3DXTB.WA%26fields%3DregularMarketPrice%2CregularMarketChangePercent%2CtrailingPE%2CforwardPE%2CpriceToBook%2Csector%2CearningsTimestamp:0
[   47184ms] [ERROR] Failed to load resource: the server responded with a status of 401 () @ https://stockstracker.onrender.com/api/proxy?url=https%3A%2F%2Fquery2.finance.yahoo.com%2Fv7%2Ffinance%2Fquote%3Fsymbols%3DKRU.WA%26fields%3DregularMarketPrice%2CregularMarketChangePercent%2CtrailingPE%2CforwardPE%2CpriceToBook%2Csector%2CearningsTimestamp:0
[   47186ms] [ERROR] Failed to load resource: the server responded with a status of 401 () @ https://stockstracker.onrender.com/api/proxy?url=https%3A%2F%2Fquery2.finance.yahoo.com%2Fv7%2Ffinance%2Fquote%3Fsymbols%3DALE.WA%26fields%3DregularMarketPrice%2CregularMarketChangePercent%2CtrailingPE%2CforwardPE%2CpriceToBook%2Csector%2CearningsTimestamp:0
[   47189ms] [ERROR] Failed to load resource: the server responded with a status of 401 () @ https://stockstracker.onrender.com/api/finnhub/v1/quote?symbol=NVDA:0
[   47190ms] [ERROR] Failed to load resource: the server responded with a status of 401 () @ https://stockstracker.onrender.com/api/finnhub/v1/stock/metric?symbol=NVDA&metric=all:0
[   47190ms] [ERROR] Failed to load resource: the server responded with a status of 401 () @ https://stockstracker.onrender.com/api/finnhub/v1/stock/metric?symbol=HOOD&metric=all:0
[   47191ms] [ERROR] Failed to load resource: the server responded with a status of 401 () @ https://stockstracker.onrender.com/api/finnhub/v1/quote?symbol=HOOD:0
[   47192ms] [ERROR] Failed to load resource: the server responded with a status of 401 () @ https://stockstracker.onrender.com/api/proxy?url=https%3A%2F%2Fquery2.finance.yahoo.com%2Fv7%2Ffinance%2Fquote%3Fsymbols%3DCBF.WA%26fields%3DregularMarketPrice%2CregularMarketChangePercent%2CtrailingPE%2CforwardPE%2CpriceToBook%2Csector%2CearningsTimestamp:0
[   47192ms] [ERROR] Failed to load resource: the server responded with a status of 401 () @ https://stockstracker.onrender.com/api/proxy?url=https%3A%2F%2Fquery2.finance.yahoo.com%2Fv7%2Ffinance%2Fquote%3Fsymbols%3DVOT.WA%26fields%3DregularMarketPrice%2CregularMarketChangePercent%2CtrailingPE%2CforwardPE%2CpriceToBook%2Csector%2CearningsTimestamp:0
[   47193ms] [ERROR] Failed to load resource: the server responded with a status of 401 () @ https://stockstracker.onrender.com/api/proxy?url=https%3A%2F%2Fquery2.finance.yahoo.com%2Fv7%2Ffinance%2Fquote%3Fsymbols%3DPKN.WA%26fields%3DregularMarketPrice%2CregularMarketChangePercent%2CtrailingPE%2CforwardPE%2CpriceToBook%2Csector%2CearningsTimestamp:0
[   47193ms] [ERROR] Failed to load resource: the server responded with a status of 401 () @ https://stockstracker.onrender.com/api/proxy?url=https%3A%2F%2Fquery2.finance.yahoo.com%2Fv7%2Ffinance%2Fquote%3Fsymbols%3DDNP.WA%26fields%3DregularMarketPrice%2CregularMarketChangePercent%2CtrailingPE%2CforwardPE%2CpriceToBook%2Csector%2CearningsTimestamp:0
[   47194ms] [ERROR] Failed to load resource: the server responded with a status of 401 () @ https://stockstracker.onrender.com/api/proxy?url=https%3A%2F%2Fquery2.finance.yahoo.com%2Fv7%2Ffinance%2Fquote%3Fsymbols%3DMDV.WA%26fields%3DregularMarketPrice%2CregularMarketChangePercent%2CtrailingPE%2CforwardPE%2CpriceToBook%2Csector%2CearningsTimestamp:0
[   47195ms] [ERROR] Failed to load resource: the server responded with a status of 401 () @ https://stockstracker.onrender.com/api/dividends/upcoming?symbols=HOOD,NVDA:0
[   47195ms] [WARNING] [dividends] auto US fetch failed: HTTP 401 @ https://stockstracker.onrender.com/app/assets/index-CbiyNm2-.js:60
[   47196ms] [LOG] [KPI] Total Invested vs Total Value {costBasis: 74444.98, positionsValue: 74444.98, cashValue: 33515.14, totalValue: 107960.11, unrealPLN: 0.00} @ https://stockstracker.onrender.com/app/assets/index-CbiyNm2-.js:77
[   47235ms] [ERROR] Failed to load resource: the server responded with a status of 401 () @ https://stockstracker.onrender.com/api/proxy?url=https%3A%2F%2Fquery2.finance.yahoo.com%2Fv8%2Ffinance%2Fchart%2FXTB.WA%3Finterval%3D1d%26range%3D2d:0
[   47279ms] [ERROR] Failed to load resource: the server responded with a status of 401 () @ https://stockstracker.onrender.com/api/proxy?url=https%3A%2F%2Fquery2.finance.yahoo.com%2Fv8%2Ffinance%2Fchart%2FALE.WA%3Finterval%3D1d%26range%3D2d:0
[   47279ms] [ERROR] Failed to load resource: the server responded with a status of 401 () @ https://stockstracker.onrender.com/api/proxy?url=https%3A%2F%2Fquery2.finance.yahoo.com%2Fv8%2Ffinance%2Fchart%2FCBF.WA%3Finterval%3D1d%26range%3D2d:0
[   47280ms] [ERROR] Failed to load resource: the server responded with a status of 401 () @ https://stockstracker.onrender.com/api/proxy?url=https%3A%2F%2Fquery2.finance.yahoo.com%2Fv8%2Ffinance%2Fchart%2FKRU.WA%3Finterval%3D1d%26range%3D2d:0
[   47281ms] [ERROR] Failed to load resource: the server responded with a status of 401 () @ https://stockstracker.onrender.com/api/proxy?url=https%3A%2F%2Fquery2.finance.yahoo.com%2Fv8%2Ffinance%2Fchart%2FPKN.WA%3Finterval%3D1d%26range%3D2d:0
[   47284ms] [ERROR] Failed to load resource: the server responded with a status of 401 () @ https://stockstracker.onrender.com/api/proxy?url=https%3A%2F%2Fquery2.finance.yahoo.com%2Fv8%2Ffinance%2Fchart%2FDNP.WA%3Finterval%3D1d%26range%3D2d:0
[   47284ms] [ERROR] Failed to load resource: the server responded with a status of 401 () @ https://stockstracker.onrender.com/api/proxy?url=https%3A%2F%2Fquery2.finance.yahoo.com%2Fv8%2Ffinance%2Fchart%2FVOT.WA%3Finterval%3D1d%26range%3D2d:0
[   47285ms] [ERROR] Failed to load resource: the server responded with a status of 401 () @ https://stockstracker.onrender.com/api/proxy?url=https%3A%2F%2Fquery2.finance.yahoo.com%2Fv8%2Ffinance%2Fchart%2FMDV.WA%3Finterval%3D1d%26range%3D2d:0
[   47304ms] [ERROR] Failed to load resource: the server responded with a status of 401 () @ https://stockstracker.onrender.com/api/proxy?url=https%3A%2F%2Fquery2.finance.yahoo.com%2Fv7%2Ffinance%2Fquote%3Fsymbols%3DHOOD%26fields%3DregularMarketPrice%2CregularMarketChangePercent%2CtrailingPE%2CforwardPE%2CpriceToBook%2Csector%2CearningsTimestamp:0
[   47305ms] [ERROR] Failed to load resource: the server responded with a status of 401 () @ https://stockstracker.onrender.com/api/proxy?url=https%3A%2F%2Fquery2.finance.yahoo.com%2Fv7%2Ffinance%2Fquote%3Fsymbols%3DNVDA%26fields%3DregularMarketPrice%2CregularMarketChangePercent%2CtrailingPE%2CforwardPE%2CpriceToBook%2Csector%2CearningsTimestamp:0
[   47319ms] [ERROR] Failed to load resource: the server responded with a status of 401 () @ https://stockstracker.onrender.com/api/proxy?url=https%3A%2F%2Fstooq.com%2Fq%2Fl%2F%3Fs%3Dxtb%26f%3Dsd2ohlcv%26h%26e%3Dcsv:0
[   47376ms] [ERROR] Failed to load resource: the server responded with a status of 401 () @ https://stockstracker.onrender.com/api/proxy?url=https%3A%2F%2Fstooq.com%2Fq%2Fl%2F%3Fs%3Dale%26f%3Dsd2ohlcv%26h%26e%3Dcsv:0
[   47390ms] [ERROR] Failed to load resource: the server responded with a status of 401 () @ https://stockstracker.onrender.com/api/proxy?url=https%3A%2F%2Fstooq.com%2Fq%2Fl%2F%3Fs%3Dkru%26f%3Dsd2ohlcv%26h%26e%3Dcsv:0
[   47394ms] [ERROR] Failed to load resource: the server responded with a status of 401 () @ https://stockstracker.onrender.com/api/proxy?url=https%3A%2F%2Fstooq.com%2Fq%2Fl%2F%3Fs%3Dcbf%26f%3Dsd2ohlcv%26h%26e%3Dcsv:0
[   47394ms] [ERROR] Failed to load resource: the server responded with a status of 401 () @ https://stockstracker.onrender.com/api/proxy?url=https%3A%2F%2Fstooq.com%2Fq%2Fl%2F%3Fs%3Dpkn%26f%3Dsd2ohlcv%26h%26e%3Dcsv:0
[   47395ms] [ERROR] Failed to load resource: the server responded with a status of 401 () @ https://stockstracker.onrender.com/api/proxy?url=https%3A%2F%2Fstooq.com%2Fq%2Fl%2F%3Fs%3Ddnp%26f%3Dsd2ohlcv%26h%26e%3Dcsv:0
[   47396ms] [ERROR] Failed to load resource: the server responded with a status of 401 () @ https://stockstracker.onrender.com/api/proxy?url=https%3A%2F%2Fstooq.com%2Fq%2Fl%2F%3Fs%3Dmdv%26f%3Dsd2ohlcv%26h%26e%3Dcsv:0
[   47397ms] [ERROR] Failed to load resource: the server responded with a status of 401 () @ https://stockstracker.onrender.com/api/proxy?url=https%3A%2F%2Fquery2.finance.yahoo.com%2Fv8%2Ffinance%2Fchart%2FHOOD%3Finterval%3D1d%26range%3D2d:0
[   47398ms] [ERROR] Failed to load resource: the server responded with a status of 401 () @ https://stockstracker.onrender.com/api/proxy?url=https%3A%2F%2Fstooq.com%2Fq%2Fl%2F%3Fs%3Dvot%26f%3Dsd2ohlcv%26h%26e%3Dcsv:0
[   47399ms] [ERROR] Failed to load resource: the server responded with a status of 401 () @ https://stockstracker.onrender.com/api/proxy?url=https%3A%2F%2Fquery2.finance.yahoo.com%2Fv8%2Ffinance%2Fchart%2FNVDA%3Finterval%3D1d%26range%3D2d:0
[   47471ms] [ERROR] Failed to load resource: the server responded with a status of 401 () @ https://stockstracker.onrender.com/api/proxy?url=https%3A%2F%2Fstooq.com%2Fq%2Fl%2F%3Fs%3Dnvda.us%26f%3Dsd2ohlcv%26h%26e%3Dcsv:0
[   47473ms] [ERROR] Failed to load resource: the server responded with a status of 401 () @ https://stockstracker.onrender.com/api/proxy?url=https%3A%2F%2Fstooq.com%2Fq%2Fl%2F%3Fs%3Dhood.us%26f%3Dsd2ohlcv%26h%26e%3Dcsv:0
[   47474ms] [LOG] [KPI] Total Invested vs Total Value {costBasis: 74444.98, positionsValue: 74444.98, cashValue: 33515.14, totalValue: 107960.11, unrealPLN: 0.00} @ https://stockstracker.onrender.com/app/assets/index-CbiyNm2-.js:77
