[     460ms] [LOG] [KPI] Total Invested vs Total Value {costBasis: 0.00, positionsValue: 0.00, cashValue: 0.00, totalValue: 0.00, unrealPLN: 0.00} @ https://stockstracker.onrender.com/app/assets/index-BMfW3bSK.js:76
[     712ms] [LOG] [KPI] Total Invested vs Total Value {costBasis: 0.00, positionsValue: 0.00, cashValue: 0.00, totalValue: 0.00, unrealPLN: 0.00} @ https://stockstracker.onrender.com/app/assets/index-BMfW3bSK.js:76
[     740ms] [LOG] [KPI] Total Invested vs Total Value {costBasis: 0.00, positionsValue: 0.00, cashValue: 0.00, totalValue: 0.00, unrealPLN: 0.00} @ https://stockstracker.onrender.com/app/assets/index-BMfW3bSK.js:76
[     817ms] [ERROR] Failed to load resource: the server responded with a status of 404 () @ https://stockstracker.onrender.com/favicon.ico:0
[     867ms] [LOG] [KPI] Total Invested vs Total Value {costBasis: 74444.98, positionsValue: 74444.98, cashValue: 33515.14, totalValue: 107960.11, unrealPLN: 0.00} @ https://stockstracker.onrender.com/app/assets/index-BMfW3bSK.js:76
[    1039ms] [LOG] [KPI] Total Invested vs Total Value {costBasis: 74444.98, positionsValue: 79140.41, cashValue: 33515.14, totalValue: 112655.55, unrealPLN: 4695.44} @ https://stockstracker.onrender.com/app/assets/index-BMfW3bSK.js:76
[    1088ms] [LOG] [KPI] Total Invested vs Total Value {costBasis: 74444.98, positionsValue: 79140.41, cashValue: 33515.14, totalValue: 112655.55, unrealPLN: 4695.44} @ https://stockstracker.onrender.com/app/assets/index-BMfW3bSK.js:76
[    1350ms] [LOG] [KPI] Total Invested vs Total Value {costBasis: 74444.98, positionsValue: 79140.41, cashValue: 33515.14, totalValue: 112655.55, unrealPLN: 4695.44} @ https://stockstracker.onrender.com/app/assets/index-BMfW3bSK.js:76
[  312851ms] [ERROR] Failed to load resource: the server responded with a status of 502 () @ https://stockstracker.onrender.com/api/proxy?url=https%3A%2F%2Fquery2.finance.yahoo.com%2Fv7%2Ffinance%2Fquote%3Fsymbols%3DPKN.WA%26fields%3DregularMarketPrice%2CregularMarketChangePercent%2CtrailingPE%2CforwardPE%2CpriceToBook%2Csector%2CearningsTimestamp:0
[  315127ms] [ERROR] Failed to load resource: the server responded with a status of 502 () @ https://stockstracker.onrender.com/api/proxy?url=https%3A%2F%2Fquery2.finance.yahoo.com%2Fv7%2Ffinance%2Fquote%3Fsymbols%3DXTB.WA%26fields%3DregularMarketPrice%2CregularMarketChangePercent%2CtrailingPE%2CforwardPE%2CpriceToBook%2Csector%2CearningsTimestamp:0
[  315239ms] [ERROR] Failed to load resource: the server responded with a status of 502 () @ https://stockstracker.onrender.com/api/proxy?url=https%3A%2F%2Fquery2.finance.yahoo.com%2Fv7%2Ffinance%2Fquote%3Fsymbols%3DCBF.WA%26fields%3DregularMarketPrice%2CregularMarketChangePercent%2CtrailingPE%2CforwardPE%2CpriceToBook%2Csector%2CearningsTimestamp:0
[  315242ms] [ERROR] Failed to load resource: the server responded with a status of 502 () @ https://stockstracker.onrender.com/api/proxy?url=https%3A%2F%2Fquery2.finance.yahoo.com%2Fv7%2Ffinance%2Fquote%3Fsymbols%3DVOT.WA%26fields%3DregularMarketPrice%2CregularMarketChangePercent%2CtrailingPE%2CforwardPE%2CpriceToBook%2Csector%2CearningsTimestamp:0
[  315327ms] [ERROR] Failed to load resource: the server responded with a status of 502 () @ https://stockstracker.onrender.com/api/proxy?url=https%3A%2F%2Fquery2.finance.yahoo.com%2Fv7%2Ffinance%2Fquote%3Fsymbols%3DKRU.WA%26fields%3DregularMarketPrice%2CregularMarketChangePercent%2CtrailingPE%2CforwardPE%2CpriceToBook%2Csector%2CearningsTimestamp:0
[  315331ms] [ERROR] Failed to load resource: the server responded with a status of 502 () @ https://stockstracker.onrender.com/api/proxy?url=https%3A%2F%2Fquery2.finance.yahoo.com%2Fv7%2Ffinance%2Fquote%3Fsymbols%3DALE.WA%26fields%3DregularMarketPrice%2CregularMarketChangePercent%2CtrailingPE%2CforwardPE%2CpriceToBook%2Csector%2CearningsTimestamp:0
[  315334ms] [ERROR] Failed to load resource: the server responded with a status of 502 () @ https://stockstracker.onrender.com/api/proxy?url=https%3A%2F%2Fquery2.finance.yahoo.com%2Fv7%2Ffinance%2Fquote%3Fsymbols%3DDNP.WA%26fields%3DregularMarketPrice%2CregularMarketChangePercent%2CtrailingPE%2CforwardPE%2CpriceToBook%2Csector%2CearningsTimestamp:0
[  315358ms] [ERROR] Failed to load resource: the server responded with a status of 502 () @ https://stockstracker.onrender.com/api/proxy?url=https%3A%2F%2Fquery2.finance.yahoo.com%2Fv7%2Ffinance%2Fquote%3Fsymbols%3DMDV.WA%26fields%3DregularMarketPrice%2CregularMarketChangePercent%2CtrailingPE%2CforwardPE%2CpriceToBook%2Csector%2CearningsTimestamp:0
[  315501ms] [ERROR] Failed to load resource: the server responded with a status of 403 () @ https://finnhub.io/api/v1/calendar/earnings?from=2026-05-19&to=2026-08-17&symbol=PKN.WA&token=d7uhj69r01qnv95nm3e0d7uhj69r01qnv95nm3eg:0
[  315535ms] [ERROR] Failed to load resource: the server responded with a status of 403 () @ https://finnhub.io/api/v1/calendar/earnings?from=2026-05-19&to=2026-08-17&symbol=XTB.WA&token=d7uhj69r01qnv95nm3e0d7uhj69r01qnv95nm3eg:0
[  315574ms] [ERROR] Failed to load resource: the server responded with a status of 403 () @ https://finnhub.io/api/v1/calendar/earnings?from=2026-05-19&to=2026-08-17&symbol=CBF.WA&token=d7uhj69r01qnv95nm3e0d7uhj69r01qnv95nm3eg:0
[  315658ms] [ERROR] Failed to load resource: the server responded with a status of 403 () @ https://finnhub.io/api/v1/calendar/earnings?from=2026-05-19&to=2026-08-17&symbol=VOT.WA&token=d7uhj69r01qnv95nm3e0d7uhj69r01qnv95nm3eg:0
[  315900ms] [ERROR] Failed to load resource: the server responded with a status of 403 () @ https://finnhub.io/api/v1/calendar/earnings?from=2026-05-19&to=2026-08-17&symbol=KRU.WA&token=d7uhj69r01qnv95nm3e0d7uhj69r01qnv95nm3eg:0
[  315906ms] [ERROR] Failed to load resource: the server responded with a status of 403 () @ https://finnhub.io/api/v1/calendar/earnings?from=2026-05-19&to=2026-08-17&symbol=DNP.WA&token=d7uhj69r01qnv95nm3e0d7uhj69r01qnv95nm3eg:0
[  316067ms] [ERROR] Failed to load resource: the server responded with a status of 403 () @ https://finnhub.io/api/v1/calendar/earnings?from=2026-05-19&to=2026-08-17&symbol=ALE.WA&token=d7uhj69r01qnv95nm3e0d7uhj69r01qnv95nm3eg:0
[  316069ms] [ERROR] Failed to load resource: the server responded with a status of 403 () @ https://finnhub.io/api/v1/calendar/earnings?from=2026-05-19&to=2026-08-17&symbol=MDV.WA&token=d7uhj69r01qnv95nm3e0d7uhj69r01qnv95nm3eg:0
[ 1374607ms] [ERROR] Failed to load resource: the server responded with a status of 403 () @ https://finnhub.io/api/v1/calendar/earnings?from=2026-05-19&to=2026-08-17&symbol=ALE.WA&token=d7uhj69r01qnv95nm3e0d7uhj69r01qnv95nm3eg:0
[ 1374611ms] [ERROR] Failed to load resource: the server responded with a status of 403 () @ https://finnhub.io/api/v1/calendar/earnings?from=2026-05-19&to=2026-08-17&symbol=XTB.WA&token=d7uhj69r01qnv95nm3e0d7uhj69r01qnv95nm3eg:0
[ 1374623ms] [ERROR] Failed to load resource: the server responded with a status of 403 () @ https://finnhub.io/api/v1/calendar/earnings?from=2026-05-19&to=2026-08-17&symbol=KRU.WA&token=d7uhj69r01qnv95nm3e0d7uhj69r01qnv95nm3eg:0
[ 1374626ms] [ERROR] Failed to load resource: the server responded with a status of 403 () @ https://finnhub.io/api/v1/calendar/earnings?from=2026-05-19&to=2026-08-17&symbol=PKN.WA&token=d7uhj69r01qnv95nm3e0d7uhj69r01qnv95nm3eg:0
[ 1374626ms] [ERROR] Failed to load resource: the server responded with a status of 403 () @ https://finnhub.io/api/v1/calendar/earnings?from=2026-05-19&to=2026-08-17&symbol=VOT.WA&token=d7uhj69r01qnv95nm3e0d7uhj69r01qnv95nm3eg:0
[ 1374627ms] [ERROR] Failed to load resource: the server responded with a status of 403 () @ https://finnhub.io/api/v1/calendar/earnings?from=2026-05-19&to=2026-08-17&symbol=MDV.WA&token=d7uhj69r01qnv95nm3e0d7uhj69r01qnv95nm3eg:0
[ 1374628ms] [ERROR] Failed to load resource: the server responded with a status of 403 () @ https://finnhub.io/api/v1/calendar/earnings?from=2026-05-19&to=2026-08-17&symbol=DNP.WA&token=d7uhj69r01qnv95nm3e0d7uhj69r01qnv95nm3eg:0
[ 1374633ms] [ERROR] Failed to load resource: the server responded with a status of 403 () @ https://finnhub.io/api/v1/calendar/earnings?from=2026-05-19&to=2026-08-17&symbol=CBF.WA&token=d7uhj69r01qnv95nm3e0d7uhj69r01qnv95nm3eg:0
