[     643ms] [ERROR] Failed to load resource: the server responded with a status of 404 () @ https://assets.parqet.com/logos/symbol/DGN.WA:0
[     644ms] [ERROR] Failed to load resource: the server responded with a status of 404 () @ https://assets.parqet.com/logos/symbol/MOD.WA:0
[     646ms] [ERROR] Failed to load resource: the server responded with a status of 404 () @ https://assets.parqet.com/logos/symbol/SN2.WA:0
[     647ms] [ERROR] Failed to load resource: the server responded with a status of 404 () @ https://assets.parqet.com/logos/symbol/MSW.WA:0
[     719ms] [ERROR] Failed to load resource: the server responded with a status of 403 () @ https://corsproxy.io/?https%3A%2F%2Fquery1.finance.yahoo.com%2Fv8%2Ffinance%2Fchart%2F%255EGSPC%3Finterval%3D1d%26range%3Dmax:0
[     790ms] [ERROR] Failed to load resource: the server responded with a status of 401 () @ https://stockstracker-ai.vercel.app/api/proxy?url=https%3A%2F%2Fquery1.finance.yahoo.com%2Fv8%2Ffinance%2Fchart%2F%255EGSPC%3Finterval%3D1d%26range%3Dmax:0
[    1090ms] [ERROR] Access to fetch at 'https://query1.finance.yahoo.com/v1/test/getcrumb' from origin 'https://stockstracker-ai.vercel.app' has been blocked by CORS policy: No 'Access-Control-Allow-Origin' header is present on the requested resource. @ https://stockstracker-ai.vercel.app/:0
[    1091ms] [ERROR] Failed to load resource: net::ERR_FAILED @ https://query1.finance.yahoo.com/v1/test/getcrumb:0
[    1204ms] [ERROR] Access to fetch at 'https://query1.finance.yahoo.com/v7/finance/quote?symbols=DNP.WA,MOD.WA,DGN.WA,XTB.WA,MRB.WA,CDR.WA,SN2.WA,MSW.WA&fields=regularMarketPrice,regularMarketPreviousClose,regularMarketChangePercent,regularMarketChange,shortName,longName,currency,earningsTimestamp,earningsTimestampStart,earningsTimestampEnd,exDividendDate,dividendDate,trailingAnnualDividendRate,dividendRate,trailingPE,forwardPE,priceToBook' from origin 'https://stockstracker-ai.vercel.app' has been blocked by CORS policy: No 'Access-Control-Allow-Origin' header is present on the requested resource. @ https://stockstracker-ai.vercel.app/:0
[    1204ms] [ERROR] Failed to load resource: net::ERR_FAILED @ https://query1.finance.yahoo.com/v7/finance/quote?symbols=DNP.WA,MOD.WA,DGN.WA,XTB.WA,MRB.WA,CDR.WA,SN2.WA,MSW.WA&fields=regularMarketPrice,regularMarketPreviousClose,regularMarketChangePercent,regularMarketChange,shortName,longName,currency,earningsTimestamp,earningsTimestampStart,earningsTimestampEnd,exDividendDate,dividendDate,trailingAnnualDividendRate,dividendRate,trailingPE,forwardPE,priceToBook:0
[    1204ms] [WARNING] direct v7 failed on query1.finance.yahoo.com Failed to fetch @ https://stockstracker-ai.vercel.app/:1524
[    1616ms] [ERROR] Access to fetch at 'https://query1.finance.yahoo.com/v1/test/getcrumb' from origin 'https://stockstracker-ai.vercel.app' has been blocked by CORS policy: No 'Access-Control-Allow-Origin' header is present on the requested resource. @ https://stockstracker-ai.vercel.app/:0
[    1616ms] [ERROR] Failed to load resource: net::ERR_FAILED @ https://query1.finance.yahoo.com/v1/test/getcrumb:0
[    1875ms] [ERROR] Access to fetch at 'https://query2.finance.yahoo.com/v7/finance/quote?symbols=DNP.WA,MOD.WA,DGN.WA,XTB.WA,MRB.WA,CDR.WA,SN2.WA,MSW.WA&fields=regularMarketPrice,regularMarketPreviousClose,regularMarketChangePercent,regularMarketChange,shortName,longName,currency,earningsTimestamp,earningsTimestampStart,earningsTimestampEnd,exDividendDate,dividendDate,trailingAnnualDividendRate,dividendRate,trailingPE,forwardPE,priceToBook' from origin 'https://stockstracker-ai.vercel.app' has been blocked by CORS policy: No 'Access-Control-Allow-Origin' header is present on the requested resource. @ https://stockstracker-ai.vercel.app/:0
[    1875ms] [ERROR] Failed to load resource: net::ERR_FAILED @ https://query2.finance.yahoo.com/v7/finance/quote?symbols=DNP.WA,MOD.WA,DGN.WA,XTB.WA,MRB.WA,CDR.WA,SN2.WA,MSW.WA&fields=regularMarketPrice,regularMarketPreviousClose,regularMarketChangePercent,regularMarketChange,shortName,longName,currency,earningsTimestamp,earningsTimestampStart,earningsTimestampEnd,exDividendDate,dividendDate,trailingAnnualDividendRate,dividendRate,trailingPE,forwardPE,priceToBook:0
[    1875ms] [WARNING] direct v7 failed on query2.finance.yahoo.com Failed to fetch @ https://stockstracker-ai.vercel.app/:1524
[    1945ms] [ERROR] Failed to load resource: the server responded with a status of 403 () @ https://corsproxy.io/?https%3A%2F%2Fquery1.finance.yahoo.com%2Fv7%2Ffinance%2Fquote%3Fsymbols%3DDNP.WA%2CMOD.WA%2CDGN.WA%2CXTB.WA%2CMRB.WA%2CCDR.WA%2CSN2.WA%2CMSW.WA%26fields%3DregularMarketPrice%2CregularMarketPreviousClose%2CregularMarketChangePercent%2CregularMarketChange%2CshortName%2ClongName%2Ccurrency%2CearningsTimestamp%2CearningsTimestampStart%2CearningsTimestampEnd%2CexDividendDate%2CdividendDate%2CtrailingAnnualDividendRate%2CdividendRate%2CtrailingPE%2CforwardPE%2CpriceToBook:0
[    1991ms] [ERROR] Failed to load resource: the server responded with a status of 401 () @ https://stockstracker-ai.vercel.app/api/proxy?url=https%3A%2F%2Fquery1.finance.yahoo.com%2Fv7%2Ffinance%2Fquote%3Fsymbols%3DDNP.WA%2CMOD.WA%2CDGN.WA%2CXTB.WA%2CMRB.WA%2CCDR.WA%2CSN2.WA%2CMSW.WA%26fields%3DregularMarketPrice%2CregularMarketPreviousClose%2CregularMarketChangePercent%2CregularMarketChange%2CshortName%2ClongName%2Ccurrency%2CearningsTimestamp%2CearningsTimestampStart%2CearningsTimestampEnd%2CexDividendDate%2CdividendDate%2CtrailingAnnualDividendRate%2CdividendRate%2CtrailingPE%2CforwardPE%2CpriceToBook:0
[    8876ms] [WARNING] proxy v7 failed on query1.finance.yahoo.com All promises were rejected @ https://stockstracker-ai.vercel.app/:1535
[    8943ms] [ERROR] Failed to load resource: the server responded with a status of 403 () @ https://corsproxy.io/?https%3A%2F%2Fquery2.finance.yahoo.com%2Fv7%2Ffinance%2Fquote%3Fsymbols%3DDNP.WA%2CMOD.WA%2CDGN.WA%2CXTB.WA%2CMRB.WA%2CCDR.WA%2CSN2.WA%2CMSW.WA%26fields%3DregularMarketPrice%2CregularMarketPreviousClose%2CregularMarketChangePercent%2CregularMarketChange%2CshortName%2ClongName%2Ccurrency%2CearningsTimestamp%2CearningsTimestampStart%2CearningsTimestampEnd%2CexDividendDate%2CdividendDate%2CtrailingAnnualDividendRate%2CdividendRate%2CtrailingPE%2CforwardPE%2CpriceToBook:0
[    9020ms] [ERROR] Failed to load resource: the server responded with a status of 401 () @ https://stockstracker-ai.vercel.app/api/proxy?url=https%3A%2F%2Fquery2.finance.yahoo.com%2Fv7%2Ffinance%2Fquote%3Fsymbols%3DDNP.WA%2CMOD.WA%2CDGN.WA%2CXTB.WA%2CMRB.WA%2CCDR.WA%2CSN2.WA%2CMSW.WA%26fields%3DregularMarketPrice%2CregularMarketPreviousClose%2CregularMarketChangePercent%2CregularMarketChange%2CshortName%2ClongName%2Ccurrency%2CearningsTimestamp%2CearningsTimestampStart%2CearningsTimestampEnd%2CexDividendDate%2CdividendDate%2CtrailingAnnualDividendRate%2CdividendRate%2CtrailingPE%2CforwardPE%2CpriceToBook:0
[    9740ms] [INFO] Fallback: v8/chart per symbol @ https://stockstracker-ai.vercel.app/:1539
[    9795ms] [ERROR] Failed to load resource: the server responded with a status of 403 () @ https://corsproxy.io/?https%3A%2F%2Fquery1.finance.yahoo.com%2Fv8%2Ffinance%2Fchart%2FDNP.WA%3Finterval%3D1d%26range%3D5d:0
[    9801ms] [ERROR] Failed to load resource: the server responded with a status of 403 () @ https://corsproxy.io/?https%3A%2F%2Fquery1.finance.yahoo.com%2Fv8%2Ffinance%2Fchart%2FMOD.WA%3Finterval%3D1d%26range%3D5d:0
[    9805ms] [ERROR] Failed to load resource: the server responded with a status of 403 () @ https://corsproxy.io/?https%3A%2F%2Fquery1.finance.yahoo.com%2Fv8%2Ffinance%2Fchart%2FDGN.WA%3Finterval%3D1d%26range%3D5d:0
[    9806ms] [ERROR] Failed to load resource: the server responded with a status of 403 () @ https://corsproxy.io/?https%3A%2F%2Fquery1.finance.yahoo.com%2Fv8%2Ffinance%2Fchart%2FXTB.WA%3Finterval%3D1d%26range%3D5d:0
[    9808ms] [ERROR] Failed to load resource: the server responded with a status of 403 () @ https://corsproxy.io/?https%3A%2F%2Fquery1.finance.yahoo.com%2Fv8%2Ffinance%2Fchart%2FMRB.WA%3Finterval%3D1d%26range%3D5d:0
[    9808ms] [ERROR] Failed to load resource: the server responded with a status of 403 () @ https://corsproxy.io/?https%3A%2F%2Fquery1.finance.yahoo.com%2Fv8%2Ffinance%2Fchart%2FCDR.WA%3Finterval%3D1d%26range%3D5d:0
[    9809ms] [ERROR] Failed to load resource: the server responded with a status of 403 () @ https://corsproxy.io/?https%3A%2F%2Fquery1.finance.yahoo.com%2Fv8%2Ffinance%2Fchart%2FSN2.WA%3Finterval%3D1d%26range%3D5d:0
[    9817ms] [ERROR] Failed to load resource: the server responded with a status of 403 () @ https://corsproxy.io/?https%3A%2F%2Fquery1.finance.yahoo.com%2Fv8%2Ffinance%2Fchart%2FMSW.WA%3Finterval%3D1d%26range%3D5d:0
[    9850ms] [ERROR] Failed to load resource: the server responded with a status of 401 () @ https://stockstracker-ai.vercel.app/api/proxy?url=https%3A%2F%2Fquery1.finance.yahoo.com%2Fv8%2Ffinance%2Fchart%2FMOD.WA%3Finterval%3D1d%26range%3D5d:0
[    9856ms] [ERROR] Failed to load resource: the server responded with a status of 401 () @ https://stockstracker-ai.vercel.app/api/proxy?url=https%3A%2F%2Fquery1.finance.yahoo.com%2Fv8%2Ffinance%2Fchart%2FCDR.WA%3Finterval%3D1d%26range%3D5d:0
[    9862ms] [ERROR] Failed to load resource: the server responded with a status of 401 () @ https://stockstracker-ai.vercel.app/api/proxy?url=https%3A%2F%2Fquery1.finance.yahoo.com%2Fv8%2Ffinance%2Fchart%2FXTB.WA%3Finterval%3D1d%26range%3D5d:0
[    9863ms] [ERROR] Failed to load resource: the server responded with a status of 401 () @ https://stockstracker-ai.vercel.app/api/proxy?url=https%3A%2F%2Fquery1.finance.yahoo.com%2Fv8%2Ffinance%2Fchart%2FMRB.WA%3Finterval%3D1d%26range%3D5d:0
[    9870ms] [ERROR] Failed to load resource: the server responded with a status of 401 () @ https://stockstracker-ai.vercel.app/api/proxy?url=https%3A%2F%2Fquery1.finance.yahoo.com%2Fv8%2Ffinance%2Fchart%2FDNP.WA%3Finterval%3D1d%26range%3D5d:0
[    9884ms] [ERROR] Failed to load resource: the server responded with a status of 401 () @ https://stockstracker-ai.vercel.app/api/proxy?url=https%3A%2F%2Fquery1.finance.yahoo.com%2Fv8%2Ffinance%2Fchart%2FMSW.WA%3Finterval%3D1d%26range%3D5d:0
[    9894ms] [ERROR] Failed to load resource: the server responded with a status of 401 () @ https://stockstracker-ai.vercel.app/api/proxy?url=https%3A%2F%2Fquery1.finance.yahoo.com%2Fv8%2Ffinance%2Fchart%2FSN2.WA%3Finterval%3D1d%26range%3D5d:0
[    9938ms] [ERROR] Failed to load resource: the server responded with a status of 401 () @ https://stockstracker-ai.vercel.app/api/proxy?url=https%3A%2F%2Fquery1.finance.yahoo.com%2Fv8%2Ffinance%2Fchart%2FDGN.WA%3Finterval%3D1d%26range%3D5d:0
[   16743ms] [INFO] Fallback: Stooq CSV for [MOD.WA, DGN.WA, XTB.WA, MRB.WA, CDR.WA, SN2.WA, MSW.WA] @ https://stockstracker-ai.vercel.app/:1547
[   16862ms] [ERROR] Failed to load resource: the server responded with a status of 401 () @ https://stockstracker-ai.vercel.app/api/proxy?url=https%3A%2F%2Fstooq.com%2Fq%2Fl%2F%3Fs%3Dxtb%26f%3Dsd2ohlcv%26h%26e%3Dcsv:0
[   16865ms] [ERROR] Failed to load resource: the server responded with a status of 401 () @ https://stockstracker-ai.vercel.app/api/proxy?url=https%3A%2F%2Fstooq.com%2Fq%2Fl%2F%3Fs%3Ddgn%26f%3Dsd2ohlcv%26h%26e%3Dcsv:0
[   16866ms] [ERROR] Failed to load resource: the server responded with a status of 401 () @ https://stockstracker-ai.vercel.app/api/proxy?url=https%3A%2F%2Fstooq.com%2Fq%2Fl%2F%3Fs%3Dcdr%26f%3Dsd2ohlcv%26h%26e%3Dcsv:0
[   16875ms] [ERROR] Failed to load resource: the server responded with a status of 401 () @ https://stockstracker-ai.vercel.app/api/proxy?url=https%3A%2F%2Fstooq.com%2Fq%2Fl%2F%3Fs%3Dmod%26f%3Dsd2ohlcv%26h%26e%3Dcsv:0
[   16879ms] [ERROR] Failed to load resource: the server responded with a status of 401 () @ https://stockstracker-ai.vercel.app/api/proxy?url=https%3A%2F%2Fstooq.com%2Fq%2Fl%2F%3Fs%3Dmrb%26f%3Dsd2ohlcv%26h%26e%3Dcsv:0
[   16894ms] [ERROR] Failed to load resource: the server responded with a status of 401 () @ https://stockstracker-ai.vercel.app/api/proxy?url=https%3A%2F%2Fstooq.com%2Fq%2Fl%2F%3Fs%3Dmsw%26f%3Dsd2ohlcv%26h%26e%3Dcsv:0
[   16894ms] [ERROR] Failed to load resource: the server responded with a status of 401 () @ https://stockstracker-ai.vercel.app/api/proxy?url=https%3A%2F%2Fstooq.com%2Fq%2Fl%2F%3Fs%3Dsn2%26f%3Dsd2ohlcv%26h%26e%3Dcsv:0
[   16934ms] [ERROR] Failed to load resource: the server responded with a status of 404 () @ https://assets.parqet.com/logos/symbol/MOD.WA:0
[   16935ms] [ERROR] Failed to load resource: the server responded with a status of 404 () @ https://assets.parqet.com/logos/symbol/DGN.WA:0
[   16935ms] [ERROR] Failed to load resource: the server responded with a status of 404 () @ https://assets.parqet.com/logos/symbol/SN2.WA:0
[   16935ms] [ERROR] Failed to load resource: the server responded with a status of 404 () @ https://assets.parqet.com/logos/symbol/MSW.WA:0
[   17028ms] [ERROR] Failed to load resource: the server responded with a status of 401 () @ https://stockstracker-ai.vercel.app/api/alphavantage?function=COMPANY_OVERVIEW&symbol=DNP:0
[   17045ms] [ERROR] Failed to load resource: the server responded with a status of 404 () @ https://assets.parqet.com/logos/symbol/MOD.WA:0
[   17045ms] [ERROR] Failed to load resource: the server responded with a status of 404 () @ https://assets.parqet.com/logos/symbol/DGN.WA:0
[   17046ms] [ERROR] Failed to load resource: the server responded with a status of 404 () @ https://assets.parqet.com/logos/symbol/SN2.WA:0
[   17047ms] [ERROR] Failed to load resource: the server responded with a status of 404 () @ https://assets.parqet.com/logos/symbol/MSW.WA:0
[   30150ms] [ERROR] Failed to load resource: the server responded with a status of 401 () @ https://stockstracker-ai.vercel.app/api/alphavantage?function=COMPANY_OVERVIEW&symbol=MOD:0
[   30173ms] [ERROR] Failed to load resource: the server responded with a status of 404 () @ https://assets.parqet.com/logos/symbol/MOD.WA:0
[   30173ms] [ERROR] Failed to load resource: the server responded with a status of 404 () @ https://assets.parqet.com/logos/symbol/DGN.WA:0
[   30174ms] [ERROR] Failed to load resource: the server responded with a status of 404 () @ https://assets.parqet.com/logos/symbol/SN2.WA:0
[   30177ms] [ERROR] Failed to load resource: the server responded with a status of 404 () @ https://assets.parqet.com/logos/symbol/MSW.WA:0
[   43274ms] [ERROR] Failed to load resource: the server responded with a status of 401 () @ https://stockstracker-ai.vercel.app/api/alphavantage?function=COMPANY_OVERVIEW&symbol=DGN:0
[   43293ms] [ERROR] Failed to load resource: the server responded with a status of 404 () @ https://assets.parqet.com/logos/symbol/MOD.WA:0
[   43293ms] [ERROR] Failed to load resource: the server responded with a status of 404 () @ https://assets.parqet.com/logos/symbol/DGN.WA:0
[   43294ms] [ERROR] Failed to load resource: the server responded with a status of 404 () @ https://assets.parqet.com/logos/symbol/SN2.WA:0
[   43295ms] [ERROR] Failed to load resource: the server responded with a status of 404 () @ https://assets.parqet.com/logos/symbol/MSW.WA:0
[   56402ms] [ERROR] Failed to load resource: the server responded with a status of 401 () @ https://stockstracker-ai.vercel.app/api/alphavantage?function=COMPANY_OVERVIEW&symbol=XTB:0
[   56431ms] [ERROR] Failed to load resource: the server responded with a status of 404 () @ https://assets.parqet.com/logos/symbol/MOD.WA:0
[   56433ms] [ERROR] Failed to load resource: the server responded with a status of 404 () @ https://assets.parqet.com/logos/symbol/DGN.WA:0
[   56433ms] [ERROR] Failed to load resource: the server responded with a status of 404 () @ https://assets.parqet.com/logos/symbol/SN2.WA:0
[   56434ms] [ERROR] Failed to load resource: the server responded with a status of 404 () @ https://assets.parqet.com/logos/symbol/MSW.WA:0
[   69547ms] [ERROR] Failed to load resource: the server responded with a status of 401 () @ https://stockstracker-ai.vercel.app/api/alphavantage?function=COMPANY_OVERVIEW&symbol=MRB:0
[   69564ms] [ERROR] Failed to load resource: the server responded with a status of 404 () @ https://assets.parqet.com/logos/symbol/MOD.WA:0
[   69564ms] [ERROR] Failed to load resource: the server responded with a status of 404 () @ https://assets.parqet.com/logos/symbol/DGN.WA:0
[   69565ms] [ERROR] Failed to load resource: the server responded with a status of 404 () @ https://assets.parqet.com/logos/symbol/SN2.WA:0
[   69565ms] [ERROR] Failed to load resource: the server responded with a status of 404 () @ https://assets.parqet.com/logos/symbol/MSW.WA:0
[   82685ms] [ERROR] Failed to load resource: the server responded with a status of 401 () @ https://stockstracker-ai.vercel.app/api/alphavantage?function=COMPANY_OVERVIEW&symbol=CDR:0
[   82711ms] [ERROR] Failed to load resource: the server responded with a status of 404 () @ https://assets.parqet.com/logos/symbol/MOD.WA:0
[   82713ms] [ERROR] Failed to load resource: the server responded with a status of 404 () @ https://assets.parqet.com/logos/symbol/DGN.WA:0
[   82715ms] [ERROR] Failed to load resource: the server responded with a status of 404 () @ https://assets.parqet.com/logos/symbol/SN2.WA:0
[   82717ms] [ERROR] Failed to load resource: the server responded with a status of 404 () @ https://assets.parqet.com/logos/symbol/MSW.WA:0
[   95920ms] [ERROR] Failed to load resource: the server responded with a status of 401 () @ https://stockstracker-ai.vercel.app/api/alphavantage?function=COMPANY_OVERVIEW&symbol=SN2:0
[   95940ms] [ERROR] Failed to load resource: the server responded with a status of 404 () @ https://assets.parqet.com/logos/symbol/MOD.WA:0
[   95940ms] [ERROR] Failed to load resource: the server responded with a status of 404 () @ https://assets.parqet.com/logos/symbol/MSW.WA:0
[   95941ms] [ERROR] Failed to load resource: the server responded with a status of 404 () @ https://assets.parqet.com/logos/symbol/DGN.WA:0
[   95942ms] [ERROR] Failed to load resource: the server responded with a status of 404 () @ https://assets.parqet.com/logos/symbol/SN2.WA:0
[  109048ms] [ERROR] Failed to load resource: the server responded with a status of 401 () @ https://stockstracker-ai.vercel.app/api/alphavantage?function=COMPANY_OVERVIEW&symbol=MSW:0
[  109064ms] [ERROR] Failed to load resource: the server responded with a status of 404 () @ https://assets.parqet.com/logos/symbol/DGN.WA:0
[  109065ms] [ERROR] Failed to load resource: the server responded with a status of 404 () @ https://assets.parqet.com/logos/symbol/MOD.WA:0
[  109065ms] [ERROR] Failed to load resource: the server responded with a status of 404 () @ https://assets.parqet.com/logos/symbol/SN2.WA:0
[  109066ms] [ERROR] Failed to load resource: the server responded with a status of 404 () @ https://assets.parqet.com/logos/symbol/MSW.WA:0
