[    2243ms] [LOG] [KPI] Total Invested vs Total Value {costBasis: 0.00, positionsValue: 0.00, cashValue: 0.00, totalValue: 0.00, unrealPLN: 0.00} @ https://stockstracker.onrender.com/app/assets/index-BMfW3bSK.js:76
[    2581ms] [LOG] [KPI] Total Invested vs Total Value {costBasis: 0.00, positionsValue: 0.00, cashValue: 0.00, totalValue: 0.00, unrealPLN: 0.00} @ https://stockstracker.onrender.com/app/assets/index-BMfW3bSK.js:76
[    2695ms] [ERROR] Failed to load resource: the server responded with a status of 404 () @ https://stockstracker.onrender.com/favicon.ico:0
[    2696ms] [ERROR] Failed to load resource: the server responded with a status of 401 () @ https://stockstracker.onrender.com/api/data:0
[    3950ms] [LOG] [KPI] Total Invested vs Total Value {costBasis: 0.00, positionsValue: 0.00, cashValue: 0.00, totalValue: 0.00, unrealPLN: 0.00} @ https://stockstracker.onrender.com/app/assets/index-BMfW3bSK.js:76
[    3960ms] [LOG] [KPI] Total Invested vs Total Value {costBasis: 0.00, positionsValue: 0.00, cashValue: 0.00, totalValue: 0.00, unrealPLN: 0.00} @ https://stockstracker.onrender.com/app/assets/index-BMfW3bSK.js:76
[    4052ms] [LOG] [KPI] Total Invested vs Total Value {costBasis: 74444.98, positionsValue: 74444.98, cashValue: 33515.14, totalValue: 107960.11, unrealPLN: 0.00} @ https://stockstracker.onrender.com/app/assets/index-BMfW3bSK.js:76
[    4133ms] [LOG] [KPI] Total Invested vs Total Value {costBasis: 74444.98, positionsValue: 74444.98, cashValue: 33515.14, totalValue: 107960.11, unrealPLN: 0.00} @ https://stockstracker.onrender.com/app/assets/index-BMfW3bSK.js:76
[    4240ms] [ERROR] Failed to load resource: the server responded with a status of 502 () @ https://stockstracker.onrender.com/api/proxy?url=https%3A%2F%2Fquery2.finance.yahoo.com%2Fv7%2Ffinance%2Fquote%3Fsymbols%3DXTB.WA%26fields%3DregularMarketPrice%2CregularMarketChangePercent%2CtrailingPE%2CforwardPE%2CpriceToBook%2Csector%2CearningsTimestamp:0
[    4327ms] [ERROR] Failed to load resource: the server responded with a status of 502 () @ https://stockstracker.onrender.com/api/proxy?url=https%3A%2F%2Fquery2.finance.yahoo.com%2Fv7%2Ffinance%2Fquote%3Fsymbols%3DALE.WA%26fields%3DregularMarketPrice%2CregularMarketChangePercent%2CtrailingPE%2CforwardPE%2CpriceToBook%2Csector%2CearningsTimestamp:0
[    4374ms] [ERROR] Failed to load resource: the server responded with a status of 502 () @ https://stockstracker.onrender.com/api/proxy?url=https%3A%2F%2Fquery2.finance.yahoo.com%2Fv7%2Ffinance%2Fquote%3Fsymbols%3DPKN.WA%26fields%3DregularMarketPrice%2CregularMarketChangePercent%2CtrailingPE%2CforwardPE%2CpriceToBook%2Csector%2CearningsTimestamp:0
[    4444ms] [ERROR] Failed to load resource: the server responded with a status of 502 () @ https://stockstracker.onrender.com/api/proxy?url=https%3A%2F%2Fquery2.finance.yahoo.com%2Fv7%2Ffinance%2Fquote%3Fsymbols%3DKRU.WA%26fields%3DregularMarketPrice%2CregularMarketChangePercent%2CtrailingPE%2CforwardPE%2CpriceToBook%2Csector%2CearningsTimestamp:0
[    4545ms] [ERROR] Failed to load resource: the server responded with a status of 502 () @ https://stockstracker.onrender.com/api/proxy?url=https%3A%2F%2Fquery2.finance.yahoo.com%2Fv7%2Ffinance%2Fquote%3Fsymbols%3DDNP.WA%26fields%3DregularMarketPrice%2CregularMarketChangePercent%2CtrailingPE%2CforwardPE%2CpriceToBook%2Csector%2CearningsTimestamp:0
[    4684ms] [ERROR] Failed to load resource: the server responded with a status of 502 () @ https://stockstracker.onrender.com/api/proxy?url=https%3A%2F%2Fquery2.finance.yahoo.com%2Fv7%2Ffinance%2Fquote%3Fsymbols%3DMDV.WA%26fields%3DregularMarketPrice%2CregularMarketChangePercent%2CtrailingPE%2CforwardPE%2CpriceToBook%2Csector%2CearningsTimestamp:0
[    4819ms] [ERROR] Failed to load resource: the server responded with a status of 502 () @ https://stockstracker.onrender.com/api/proxy?url=https%3A%2F%2Fquery2.finance.yahoo.com%2Fv7%2Ffinance%2Fquote%3Fsymbols%3DVOT.WA%26fields%3DregularMarketPrice%2CregularMarketChangePercent%2CtrailingPE%2CforwardPE%2CpriceToBook%2Csector%2CearningsTimestamp:0
[    4864ms] [ERROR] Failed to load resource: the server responded with a status of 502 () @ https://stockstracker.onrender.com/api/proxy?url=https%3A%2F%2Fquery2.finance.yahoo.com%2Fv7%2Ffinance%2Fquote%3Fsymbols%3DCBF.WA%26fields%3DregularMarketPrice%2CregularMarketChangePercent%2CtrailingPE%2CforwardPE%2CpriceToBook%2Csector%2CearningsTimestamp:0
[    5067ms] [ERROR] Failed to load resource: the server responded with a status of 403 () @ https://finnhub.io/api/v1/calendar/earnings?from=2026-05-19&to=2026-08-17&symbol=ALE.WA&token=d7uhj69r01qnv95nm3e0d7uhj69r01qnv95nm3eg:0
[    5190ms] [ERROR] Failed to load resource: the server responded with a status of 403 () @ https://finnhub.io/api/v1/calendar/earnings?from=2026-05-19&to=2026-08-17&symbol=PKN.WA&token=d7uhj69r01qnv95nm3e0d7uhj69r01qnv95nm3eg:0
[    5367ms] [ERROR] Failed to load resource: the server responded with a status of 403 () @ https://finnhub.io/api/v1/calendar/earnings?from=2026-05-19&to=2026-08-17&symbol=KRU.WA&token=d7uhj69r01qnv95nm3e0d7uhj69r01qnv95nm3eg:0
[    5410ms] [ERROR] Failed to load resource: the server responded with a status of 403 () @ https://finnhub.io/api/v1/calendar/earnings?from=2026-05-19&to=2026-08-17&symbol=DNP.WA&token=d7uhj69r01qnv95nm3e0d7uhj69r01qnv95nm3eg:0
[    5513ms] [ERROR] Failed to load resource: the server responded with a status of 403 () @ https://finnhub.io/api/v1/calendar/earnings?from=2026-05-19&to=2026-08-17&symbol=MDV.WA&token=d7uhj69r01qnv95nm3e0d7uhj69r01qnv95nm3eg:0
[    5616ms] [ERROR] Failed to load resource: the server responded with a status of 403 () @ https://finnhub.io/api/v1/calendar/earnings?from=2026-05-19&to=2026-08-17&symbol=VOT.WA&token=d7uhj69r01qnv95nm3e0d7uhj69r01qnv95nm3eg:0
[    5730ms] [ERROR] Failed to load resource: the server responded with a status of 403 () @ https://finnhub.io/api/v1/calendar/earnings?from=2026-05-19&to=2026-08-17&symbol=CBF.WA&token=d7uhj69r01qnv95nm3e0d7uhj69r01qnv95nm3eg:0
[    5791ms] [LOG] [KPI] Total Invested vs Total Value {costBasis: 74444.98, positionsValue: 74444.98, cashValue: 33515.14, totalValue: 107960.11, unrealPLN: 0.00} @ https://stockstracker.onrender.com/app/assets/index-BMfW3bSK.js:76
[    5997ms] [ERROR] Failed to load resource: the server responded with a status of 403 () @ https://finnhub.io/api/v1/calendar/earnings?from=2026-05-19&to=2026-08-17&symbol=XTB.WA&token=d7uhj69r01qnv95nm3e0d7uhj69r01qnv95nm3eg:0
[    5998ms] [LOG] [KPI] Total Invested vs Total Value {costBasis: 74444.98, positionsValue: 79140.41, cashValue: 33515.14, totalValue: 112655.55, unrealPLN: 4695.44} @ https://stockstracker.onrender.com/app/assets/index-BMfW3bSK.js:76
[    6016ms] [LOG] [KPI] Total Invested vs Total Value {costBasis: 74444.98, positionsValue: 79140.41, cashValue: 33515.14, totalValue: 112655.55, unrealPLN: 4695.44} @ https://stockstracker.onrender.com/app/assets/index-BMfW3bSK.js:76
