[   36035ms] [ERROR] Failed to load resource: the server responded with a status of 404 () @ https://assets.parqet.com/logos/symbol/CBF.WA:0
[   36035ms] [ERROR] Failed to load resource: the server responded with a status of 404 () @ https://assets.parqet.com/logos/symbol/MDV.WA:0
[   36665ms] [ERROR] Access to fetch at 'https://query1.finance.yahoo.com/v1/test/getcrumb' from origin 'http://localhost:8765' has been blocked by CORS policy: No 'Access-Control-Allow-Origin' header is present on the requested resource. @ http://localhost:8765/myfund.html:0
[   36667ms] [ERROR] Failed to load resource: net::ERR_FAILED @ https://query1.finance.yahoo.com/v1/test/getcrumb:0
[   38360ms] [ERROR] Access to fetch at 'https://query1.finance.yahoo.com/v7/finance/quote?symbols=XTB.WA,HOOD,ALE.WA,NVDA,KRU.WA,PKN.WA,CBF.WA,VOT.WA,MDV.WA,DNP.WA&fields=regularMarketPrice,regularMarketPreviousClose,regularMarketChangePercent,regularMarketChange,shortName,longName,currency,earningsTimestamp,earningsTimestampStart,earningsTimestampEnd,exDividendDate,dividendDate,trailingAnnualDividendRate,dividendRate,trailingPE,forwardPE,priceToBook' from origin 'http://localhost:8765' has been blocked by CORS policy: No 'Access-Control-Allow-Origin' header is present on the requested resource. @ http://localhost:8765/myfund.html:0
[   38361ms] [ERROR] Failed to load resource: net::ERR_FAILED @ https://query1.finance.yahoo.com/v7/finance/quote?symbols=XTB.WA,HOOD,ALE.WA,NVDA,KRU.WA,PKN.WA,CBF.WA,VOT.WA,MDV.WA,DNP.WA&fields=regularMarketPrice,regularMarketPreviousClose,regularMarketChangePercent,regularMarketChange,shortName,longName,currency,earningsTimestamp,earningsTimestampStart,earningsTimestampEnd,exDividendDate,dividendDate,trailingAnnualDividendRate,dividendRate,trailingPE,forwardPE,priceToBook:0
[   38361ms] [WARNING] direct v7 failed on query1.finance.yahoo.com Failed to fetch @ http://localhost:8765/myfund.html:1458
[   39421ms] [ERROR] Access to fetch at 'https://query1.finance.yahoo.com/v1/test/getcrumb' from origin 'http://localhost:8765' has been blocked by CORS policy: No 'Access-Control-Allow-Origin' header is present on the requested resource. @ http://localhost:8765/myfund.html:0
[   39421ms] [ERROR] Failed to load resource: net::ERR_FAILED @ https://query1.finance.yahoo.com/v1/test/getcrumb:0
[   39872ms] [ERROR] Access to fetch at 'https://query2.finance.yahoo.com/v7/finance/quote?symbols=XTB.WA,HOOD,ALE.WA,NVDA,KRU.WA,PKN.WA,CBF.WA,VOT.WA,MDV.WA,DNP.WA&fields=regularMarketPrice,regularMarketPreviousClose,regularMarketChangePercent,regularMarketChange,shortName,longName,currency,earningsTimestamp,earningsTimestampStart,earningsTimestampEnd,exDividendDate,dividendDate,trailingAnnualDividendRate,dividendRate,trailingPE,forwardPE,priceToBook' from origin 'http://localhost:8765' has been blocked by CORS policy: No 'Access-Control-Allow-Origin' header is present on the requested resource. @ http://localhost:8765/myfund.html:0
[   39872ms] [ERROR] Failed to load resource: net::ERR_FAILED @ https://query2.finance.yahoo.com/v7/finance/quote?symbols=XTB.WA,HOOD,ALE.WA,NVDA,KRU.WA,PKN.WA,CBF.WA,VOT.WA,MDV.WA,DNP.WA&fields=regularMarketPrice,regularMarketPreviousClose,regularMarketChangePercent,regularMarketChange,shortName,longName,currency,earningsTimestamp,earningsTimestampStart,earningsTimestampEnd,exDividendDate,dividendDate,trailingAnnualDividendRate,dividendRate,trailingPE,forwardPE,priceToBook:0
[   39873ms] [WARNING] direct v7 failed on query2.finance.yahoo.com Failed to fetch @ http://localhost:8765/myfund.html:1458
[   40575ms] [ERROR] Failed to load resource: the server responded with a status of 401 () @ https://corsproxy.io/?https%3A%2F%2Fquery1.finance.yahoo.com%2Fv7%2Ffinance%2Fquote%3Fsymbols%3DXTB.WA%2CHOOD%2CALE.WA%2CNVDA%2CKRU.WA%2CPKN.WA%2CCBF.WA%2CVOT.WA%2CMDV.WA%2CDNP.WA%26fields%3DregularMarketPrice%2CregularMarketPreviousClose%2CregularMarketChangePercent%2CregularMarketChange%2CshortName%2ClongName%2Ccurrency%2CearningsTimestamp%2CearningsTimestampStart%2CearningsTimestampEnd%2CexDividendDate%2CdividendDate%2CtrailingAnnualDividendRate%2CdividendRate%2CtrailingPE%2CforwardPE%2CpriceToBook:0
[   45446ms] [ERROR] Failed to load resource: the server responded with a status of 502 (Bad Gateway) @ http://localhost:8765/api/proxy?url=https%3A%2F%2Fquery1.finance.yahoo.com%2Fv7%2Ffinance%2Fquote%3Fsymbols%3DXTB.WA%2CHOOD%2CALE.WA%2CNVDA%2CKRU.WA%2CPKN.WA%2CCBF.WA%2CVOT.WA%2CMDV.WA%2CDNP.WA%26fields%3DregularMarketPrice%2CregularMarketPreviousClose%2CregularMarketChangePercent%2CregularMarketChange%2CshortName%2ClongName%2Ccurrency%2CearningsTimestamp%2CearningsTimestampStart%2CearningsTimestampEnd%2CexDividendDate%2CdividendDate%2CtrailingAnnualDividendRate%2CdividendRate%2CtrailingPE%2CforwardPE%2CpriceToBook:0
[   46875ms] [WARNING] proxy v7 failed on query1.finance.yahoo.com All promises were rejected @ http://localhost:8765/myfund.html:1469
[   46988ms] [ERROR] Failed to load resource: the server responded with a status of 401 () @ https://corsproxy.io/?https%3A%2F%2Fquery2.finance.yahoo.com%2Fv7%2Ffinance%2Fquote%3Fsymbols%3DXTB.WA%2CHOOD%2CALE.WA%2CNVDA%2CKRU.WA%2CPKN.WA%2CCBF.WA%2CVOT.WA%2CMDV.WA%2CDNP.WA%26fields%3DregularMarketPrice%2CregularMarketPreviousClose%2CregularMarketChangePercent%2CregularMarketChange%2CshortName%2ClongName%2Ccurrency%2CearningsTimestamp%2CearningsTimestampStart%2CearningsTimestampEnd%2CexDividendDate%2CdividendDate%2CtrailingAnnualDividendRate%2CdividendRate%2CtrailingPE%2CforwardPE%2CpriceToBook:0
[   47308ms] [ERROR] Failed to load resource: the server responded with a status of 502 (Bad Gateway) @ http://localhost:8765/api/proxy?url=https%3A%2F%2Fquery2.finance.yahoo.com%2Fv7%2Ffinance%2Fquote%3Fsymbols%3DXTB.WA%2CHOOD%2CALE.WA%2CNVDA%2CKRU.WA%2CPKN.WA%2CCBF.WA%2CVOT.WA%2CMDV.WA%2CDNP.WA%26fields%3DregularMarketPrice%2CregularMarketPreviousClose%2CregularMarketChangePercent%2CregularMarketChange%2CshortName%2ClongName%2Ccurrency%2CearningsTimestamp%2CearningsTimestampStart%2CearningsTimestampEnd%2CexDividendDate%2CdividendDate%2CtrailingAnnualDividendRate%2CdividendRate%2CtrailingPE%2CforwardPE%2CpriceToBook:0
[   53877ms] [WARNING] proxy v7 failed on query2.finance.yahoo.com All promises were rejected @ http://localhost:8765/myfund.html:1469
[   53877ms] [INFO] Fallback: v8/chart per symbol @ http://localhost:8765/myfund.html:1473
[   53889ms] [ERROR] Failed to load resource: net::ERR_CONNECTION_REFUSED @ http://localhost:8765/api/proxy?url=https%3A%2F%2Fquery1.finance.yahoo.com%2Fv8%2Ffinance%2Fchart%2FXTB.WA%3Finterval%3D1d%26range%3D5d:0
[   53894ms] [ERROR] Failed to load resource: net::ERR_CONNECTION_REFUSED @ http://localhost:8765/api/proxy?url=https%3A%2F%2Fquery1.finance.yahoo.com%2Fv8%2Ffinance%2Fchart%2FHOOD%3Finterval%3D1d%26range%3D5d:0
[   53898ms] [ERROR] Failed to load resource: net::ERR_CONNECTION_REFUSED @ http://localhost:8765/api/proxy?url=https%3A%2F%2Fquery1.finance.yahoo.com%2Fv8%2Ffinance%2Fchart%2FALE.WA%3Finterval%3D1d%26range%3D5d:0
[   53903ms] [ERROR] Failed to load resource: net::ERR_CONNECTION_REFUSED @ http://localhost:8765/api/proxy?url=https%3A%2F%2Fquery1.finance.yahoo.com%2Fv8%2Ffinance%2Fchart%2FNVDA%3Finterval%3D1d%26range%3D5d:0
[   53908ms] [ERROR] Failed to load resource: net::ERR_CONNECTION_REFUSED @ http://localhost:8765/api/proxy?url=https%3A%2F%2Fquery1.finance.yahoo.com%2Fv8%2Ffinance%2Fchart%2FKRU.WA%3Finterval%3D1d%26range%3D5d:0
[   53911ms] [ERROR] Failed to load resource: net::ERR_CONNECTION_REFUSED @ http://localhost:8765/api/proxy?url=https%3A%2F%2Fquery1.finance.yahoo.com%2Fv8%2Ffinance%2Fchart%2FPKN.WA%3Finterval%3D1d%26range%3D5d:0
[   53914ms] [ERROR] Failed to load resource: net::ERR_CONNECTION_REFUSED @ http://localhost:8765/api/proxy?url=https%3A%2F%2Fquery1.finance.yahoo.com%2Fv8%2Ffinance%2Fchart%2FCBF.WA%3Finterval%3D1d%26range%3D5d:0
[   53921ms] [ERROR] Failed to load resource: net::ERR_CONNECTION_REFUSED @ http://localhost:8765/api/proxy?url=https%3A%2F%2Fquery1.finance.yahoo.com%2Fv8%2Ffinance%2Fchart%2FVOT.WA%3Finterval%3D1d%26range%3D5d:0
[   53924ms] [ERROR] Failed to load resource: net::ERR_CONNECTION_REFUSED @ http://localhost:8765/api/proxy?url=https%3A%2F%2Fquery1.finance.yahoo.com%2Fv8%2Ffinance%2Fchart%2FMDV.WA%3Finterval%3D1d%26range%3D5d:0
[   53928ms] [ERROR] Failed to load resource: net::ERR_CONNECTION_REFUSED @ http://localhost:8765/api/proxy?url=https%3A%2F%2Fquery1.finance.yahoo.com%2Fv8%2Ffinance%2Fchart%2FDNP.WA%3Finterval%3D1d%26range%3D5d:0
[   54342ms] [ERROR] Failed to load resource: net::ERR_CONNECTION_REFUSED @ http://localhost:8765/api/data:0
[   54939ms] [ERROR] Failed to load resource: net::ERR_CONNECTION_REFUSED @ http://localhost:8765/api/data:0
[   60891ms] [ERROR] Failed to load resource: the server responded with a status of 404 () @ https://assets.parqet.com/logos/symbol/CBF.WA:0
[   60891ms] [ERROR] Failed to load resource: the server responded with a status of 404 () @ https://assets.parqet.com/logos/symbol/MDV.WA:0
[   70556ms] [ERROR] Failed to load resource: the server responded with a status of 404 () @ https://assets.parqet.com/logos/symbol/CBF.WA:0
[   70556ms] [ERROR] Failed to load resource: the server responded with a status of 404 () @ https://assets.parqet.com/logos/symbol/MDV.WA:0
[   70940ms] [ERROR] Failed to load resource: net::ERR_CONNECTION_REFUSED @ http://localhost:8765/api/data:0
[   89537ms] [ERROR] Failed to load resource: the server responded with a status of 404 () @ https://assets.parqet.com/logos/symbol/CBF.WA:0
[   89537ms] [ERROR] Failed to load resource: the server responded with a status of 404 () @ https://assets.parqet.com/logos/symbol/MDV.WA:0
[   89922ms] [ERROR] Failed to load resource: the server responded with a status of 401 (Unauthorized) @ http://localhost:8765/api/data:0
[  112750ms] [ERROR] Failed to load resource: the server responded with a status of 404 () @ https://assets.parqet.com/logos/symbol/CBF.WA:0
[  112751ms] [ERROR] Failed to load resource: the server responded with a status of 404 () @ https://assets.parqet.com/logos/symbol/MDV.WA:0
[  113124ms] [ERROR] Failed to load resource: the server responded with a status of 401 (Unauthorized) @ http://localhost:8765/api/data:0
[  113125ms] [ERROR] Failed to load resource: net::ERR_CONNECTION_RESET @ http://localhost:8765/api/data:0
[  137737ms] [WARNING] AV fundamentals failed KRU.WA signal timed out @ http://localhost:8765/myfund.html:3953
[  137770ms] [ERROR] Failed to load resource: the server responded with a status of 404 () @ https://assets.parqet.com/logos/symbol/CBF.WA:0
[  137770ms] [ERROR] Failed to load resource: the server responded with a status of 404 () @ https://assets.parqet.com/logos/symbol/MDV.WA:0
[  138153ms] [ERROR] Failed to load resource: the server responded with a status of 401 (Unauthorized) @ http://localhost:8765/api/data:0
[  150957ms] [ERROR] Failed to load resource: the server responded with a status of 404 () @ https://assets.parqet.com/logos/symbol/CBF.WA:0
[  150957ms] [ERROR] Failed to load resource: the server responded with a status of 404 () @ https://assets.parqet.com/logos/symbol/MDV.WA:0
[  151341ms] [ERROR] Failed to load resource: the server responded with a status of 401 (Unauthorized) @ http://localhost:8765/api/data:0
