[    1310ms] [ERROR] Failed to load resource: the server responded with a status of 401 () @ https://stockstracker-ai.vercel.app/api/data?t=1779367820147:0
[    1412ms] [VERBOSE] [DOM] Password field is not contained in a form: (More info: https://goo.gl/9p2vKq) %o @ https://stockstracker-ai.vercel.app/:0
[   16274ms] [ERROR] Failed to load resource: the server responded with a status of 401 () @ https://stockstracker-ai.vercel.app/api/proxy?url=https%3A%2F%2Fquery1.finance.yahoo.com%2Fv8%2Ffinance%2Fchart%2F%255EGSPC%3Finterval%3D1d%26range%3Dmax:0
[   16354ms] [ERROR] Failed to load resource: the server responded with a status of 403 () @ https://corsproxy.io/?https%3A%2F%2Fquery1.finance.yahoo.com%2Fv8%2Ffinance%2Fchart%2F%255EGSPC%3Finterval%3D1d%26range%3Dmax:0
[   16364ms] [ERROR] Failed to load resource: the server responded with a status of 404 () @ https://assets.parqet.com/logos/symbol/MOD.WA:0
[   16366ms] [ERROR] Failed to load resource: the server responded with a status of 404 () @ https://assets.parqet.com/logos/symbol/DGN.WA:0
[   16379ms] [ERROR] Failed to load resource: the server responded with a status of 404 () @ https://assets.parqet.com/logos/symbol/SN2.WA:0
[   16379ms] [ERROR] Failed to load resource: the server responded with a status of 404 () @ https://assets.parqet.com/logos/symbol/MSW.WA:0
[   16683ms] [ERROR] Access to fetch at 'https://query1.finance.yahoo.com/v1/test/getcrumb' from origin 'https://stockstracker-ai.vercel.app' has been blocked by CORS policy: No 'Access-Control-Allow-Origin' header is present on the requested resource. @ https://stockstracker-ai.vercel.app/:0
[   16684ms] [ERROR] Failed to load resource: net::ERR_FAILED @ https://query1.finance.yahoo.com/v1/test/getcrumb:0
[   16808ms] [ERROR] Access to fetch at 'https://query1.finance.yahoo.com/v7/finance/quote?symbols=DNP.WA,MOD.WA,DGN.WA,XTB.WA,MRB.WA,CDR.WA,SN2.WA,MSW.WA&fields=regularMarketPrice,regularMarketPreviousClose,regularMarketChangePercent,regularMarketChange,shortName,longName,currency,earningsTimestamp,earningsTimestampStart,earningsTimestampEnd,exDividendDate,dividendDate,trailingAnnualDividendRate,dividendRate,trailingPE,forwardPE,priceToBook' from origin 'https://stockstracker-ai.vercel.app' has been blocked by CORS policy: No 'Access-Control-Allow-Origin' header is present on the requested resource. @ https://stockstracker-ai.vercel.app/:0
[   16808ms] [ERROR] Failed to load resource: net::ERR_FAILED @ https://query1.finance.yahoo.com/v7/finance/quote?symbols=DNP.WA,MOD.WA,DGN.WA,XTB.WA,MRB.WA,CDR.WA,SN2.WA,MSW.WA&fields=regularMarketPrice,regularMarketPreviousClose,regularMarketChangePercent,regularMarketChange,shortName,longName,currency,earningsTimestamp,earningsTimestampStart,earningsTimestampEnd,exDividendDate,dividendDate,trailingAnnualDividendRate,dividendRate,trailingPE,forwardPE,priceToBook:0
[   16808ms] [WARNING] direct v7 failed on query1.finance.yahoo.com Failed to fetch @ https://stockstracker-ai.vercel.app/:1524
[   17098ms] [ERROR] Access to fetch at 'https://query1.finance.yahoo.com/v1/test/getcrumb' from origin 'https://stockstracker-ai.vercel.app' has been blocked by CORS policy: No 'Access-Control-Allow-Origin' header is present on the requested resource. @ https://stockstracker-ai.vercel.app/:0
[   17098ms] [ERROR] Failed to load resource: net::ERR_FAILED @ https://query1.finance.yahoo.com/v1/test/getcrumb:0
[   17309ms] [ERROR] Access to fetch at 'https://query2.finance.yahoo.com/v7/finance/quote?symbols=DNP.WA,MOD.WA,DGN.WA,XTB.WA,MRB.WA,CDR.WA,SN2.WA,MSW.WA&fields=regularMarketPrice,regularMarketPreviousClose,regularMarketChangePercent,regularMarketChange,shortName,longName,currency,earningsTimestamp,earningsTimestampStart,earningsTimestampEnd,exDividendDate,dividendDate,trailingAnnualDividendRate,dividendRate,trailingPE,forwardPE,priceToBook' from origin 'https://stockstracker-ai.vercel.app' has been blocked by CORS policy: No 'Access-Control-Allow-Origin' header is present on the requested resource. @ https://stockstracker-ai.vercel.app/:0
[   17309ms] [ERROR] Failed to load resource: net::ERR_FAILED @ https://query2.finance.yahoo.com/v7/finance/quote?symbols=DNP.WA,MOD.WA,DGN.WA,XTB.WA,MRB.WA,CDR.WA,SN2.WA,MSW.WA&fields=regularMarketPrice,regularMarketPreviousClose,regularMarketChangePercent,regularMarketChange,shortName,longName,currency,earningsTimestamp,earningsTimestampStart,earningsTimestampEnd,exDividendDate,dividendDate,trailingAnnualDividendRate,dividendRate,trailingPE,forwardPE,priceToBook:0
[   17309ms] [WARNING] direct v7 failed on query2.finance.yahoo.com Failed to fetch @ https://stockstracker-ai.vercel.app/:1524
[   17411ms] [ERROR] Failed to load resource: the server responded with a status of 403 () @ https://corsproxy.io/?https%3A%2F%2Fquery1.finance.yahoo.com%2Fv7%2Ffinance%2Fquote%3Fsymbols%3DDNP.WA%2CMOD.WA%2CDGN.WA%2CXTB.WA%2CMRB.WA%2CCDR.WA%2CSN2.WA%2CMSW.WA%26fields%3DregularMarketPrice%2CregularMarketPreviousClose%2CregularMarketChangePercent%2CregularMarketChange%2CshortName%2ClongName%2Ccurrency%2CearningsTimestamp%2CearningsTimestampStart%2CearningsTimestampEnd%2CexDividendDate%2CdividendDate%2CtrailingAnnualDividendRate%2CdividendRate%2CtrailingPE%2CforwardPE%2CpriceToBook:0
[   17439ms] [ERROR] Failed to load resource: the server responded with a status of 401 () @ https://stockstracker-ai.vercel.app/api/proxy?url=https%3A%2F%2Fquery1.finance.yahoo.com%2Fv7%2Ffinance%2Fquote%3Fsymbols%3DDNP.WA%2CMOD.WA%2CDGN.WA%2CXTB.WA%2CMRB.WA%2CCDR.WA%2CSN2.WA%2CMSW.WA%26fields%3DregularMarketPrice%2CregularMarketPreviousClose%2CregularMarketChangePercent%2CregularMarketChange%2CshortName%2ClongName%2Ccurrency%2CearningsTimestamp%2CearningsTimestampStart%2CearningsTimestampEnd%2CexDividendDate%2CdividendDate%2CtrailingAnnualDividendRate%2CdividendRate%2CtrailingPE%2CforwardPE%2CpriceToBook:0
[   24311ms] [WARNING] proxy v7 failed on query1.finance.yahoo.com All promises were rejected @ https://stockstracker-ai.vercel.app/:1535
[   24372ms] [ERROR] Failed to load resource: the server responded with a status of 403 () @ https://corsproxy.io/?https%3A%2F%2Fquery2.finance.yahoo.com%2Fv7%2Ffinance%2Fquote%3Fsymbols%3DDNP.WA%2CMOD.WA%2CDGN.WA%2CXTB.WA%2CMRB.WA%2CCDR.WA%2CSN2.WA%2CMSW.WA%26fields%3DregularMarketPrice%2CregularMarketPreviousClose%2CregularMarketChangePercent%2CregularMarketChange%2CshortName%2ClongName%2Ccurrency%2CearningsTimestamp%2CearningsTimestampStart%2CearningsTimestampEnd%2CexDividendDate%2CdividendDate%2CtrailingAnnualDividendRate%2CdividendRate%2CtrailingPE%2CforwardPE%2CpriceToBook:0
[   24432ms] [ERROR] Failed to load resource: the server responded with a status of 401 () @ https://stockstracker-ai.vercel.app/api/proxy?url=https%3A%2F%2Fquery2.finance.yahoo.com%2Fv7%2Ffinance%2Fquote%3Fsymbols%3DDNP.WA%2CMOD.WA%2CDGN.WA%2CXTB.WA%2CMRB.WA%2CCDR.WA%2CSN2.WA%2CMSW.WA%26fields%3DregularMarketPrice%2CregularMarketPreviousClose%2CregularMarketChangePercent%2CregularMarketChange%2CshortName%2ClongName%2Ccurrency%2CearningsTimestamp%2CearningsTimestampStart%2CearningsTimestampEnd%2CexDividendDate%2CdividendDate%2CtrailingAnnualDividendRate%2CdividendRate%2CtrailingPE%2CforwardPE%2CpriceToBook:0
[   31322ms] [WARNING] proxy v7 failed on query2.finance.yahoo.com All promises were rejected @ https://stockstracker-ai.vercel.app/:1535
[   31322ms] [INFO] Fallback: v8/chart per symbol @ https://stockstracker-ai.vercel.app/:1539
[   31450ms] [ERROR] Failed to load resource: the server responded with a status of 401 () @ https://stockstracker-ai.vercel.app/api/proxy?url=https%3A%2F%2Fquery1.finance.yahoo.com%2Fv8%2Ffinance%2Fchart%2FDNP.WA%3Finterval%3D1d%26range%3D5d:0
[   31451ms] [ERROR] Failed to load resource: the server responded with a status of 401 () @ https://stockstracker-ai.vercel.app/api/proxy?url=https%3A%2F%2Fquery1.finance.yahoo.com%2Fv8%2Ffinance%2Fchart%2FDGN.WA%3Finterval%3D1d%26range%3D5d:0
[   31452ms] [ERROR] Failed to load resource: the server responded with a status of 401 () @ https://stockstracker-ai.vercel.app/api/proxy?url=https%3A%2F%2Fquery1.finance.yahoo.com%2Fv8%2Ffinance%2Fchart%2FMOD.WA%3Finterval%3D1d%26range%3D5d:0
[   31453ms] [ERROR] Failed to load resource: the server responded with a status of 401 () @ https://stockstracker-ai.vercel.app/api/proxy?url=https%3A%2F%2Fquery1.finance.yahoo.com%2Fv8%2Ffinance%2Fchart%2FXTB.WA%3Finterval%3D1d%26range%3D5d:0
[   31487ms] [ERROR] Failed to load resource: the server responded with a status of 403 () @ https://corsproxy.io/?https%3A%2F%2Fquery1.finance.yahoo.com%2Fv8%2Ffinance%2Fchart%2FDNP.WA%3Finterval%3D1d%26range%3D5d:0
[   31487ms] [ERROR] Failed to load resource: the server responded with a status of 403 () @ https://corsproxy.io/?https%3A%2F%2Fquery1.finance.yahoo.com%2Fv8%2Ffinance%2Fchart%2FMOD.WA%3Finterval%3D1d%26range%3D5d:0
[   31488ms] [ERROR] Failed to load resource: the server responded with a status of 403 () @ https://corsproxy.io/?https%3A%2F%2Fquery1.finance.yahoo.com%2Fv8%2Ffinance%2Fchart%2FDGN.WA%3Finterval%3D1d%26range%3D5d:0
[   31489ms] [ERROR] Failed to load resource: the server responded with a status of 403 () @ https://corsproxy.io/?https%3A%2F%2Fquery1.finance.yahoo.com%2Fv8%2Ffinance%2Fchart%2FXTB.WA%3Finterval%3D1d%26range%3D5d:0
[   31490ms] [ERROR] Failed to load resource: the server responded with a status of 403 () @ https://corsproxy.io/?https%3A%2F%2Fquery1.finance.yahoo.com%2Fv8%2Ffinance%2Fchart%2FMRB.WA%3Finterval%3D1d%26range%3D5d:0
[   31490ms] [ERROR] Failed to load resource: the server responded with a status of 403 () @ https://corsproxy.io/?https%3A%2F%2Fquery1.finance.yahoo.com%2Fv8%2Ffinance%2Fchart%2FCDR.WA%3Finterval%3D1d%26range%3D5d:0
[   31491ms] [ERROR] Failed to load resource: the server responded with a status of 403 () @ https://corsproxy.io/?https%3A%2F%2Fquery1.finance.yahoo.com%2Fv8%2Ffinance%2Fchart%2FSN2.WA%3Finterval%3D1d%26range%3D5d:0
[   31492ms] [ERROR] Failed to load resource: the server responded with a status of 403 () @ https://corsproxy.io/?https%3A%2F%2Fquery1.finance.yahoo.com%2Fv8%2Ffinance%2Fchart%2FMSW.WA%3Finterval%3D1d%26range%3D5d:0
[   31493ms] [ERROR] Failed to load resource: the server responded with a status of 401 () @ https://stockstracker-ai.vercel.app/api/proxy?url=https%3A%2F%2Fquery1.finance.yahoo.com%2Fv8%2Ffinance%2Fchart%2FMRB.WA%3Finterval%3D1d%26range%3D5d:0
[   31493ms] [ERROR] Failed to load resource: the server responded with a status of 401 () @ https://stockstracker-ai.vercel.app/api/proxy?url=https%3A%2F%2Fquery1.finance.yahoo.com%2Fv8%2Ffinance%2Fchart%2FMSW.WA%3Finterval%3D1d%26range%3D5d:0
[   31494ms] [ERROR] Failed to load resource: the server responded with a status of 401 () @ https://stockstracker-ai.vercel.app/api/proxy?url=https%3A%2F%2Fquery1.finance.yahoo.com%2Fv8%2Ffinance%2Fchart%2FCDR.WA%3Finterval%3D1d%26range%3D5d:0
[   31495ms] [ERROR] Failed to load resource: the server responded with a status of 401 () @ https://stockstracker-ai.vercel.app/api/proxy?url=https%3A%2F%2Fquery1.finance.yahoo.com%2Fv8%2Ffinance%2Fchart%2FSN2.WA%3Finterval%3D1d%26range%3D5d:0
[   38328ms] [INFO] Fallback: Stooq CSV for [MOD.WA, SN2.WA, MSW.WA] @ https://stockstracker-ai.vercel.app/:1547
[   38454ms] [ERROR] Failed to load resource: the server responded with a status of 503 () @ https://stockstracker-ai.vercel.app/api/proxy?url=https%3A%2F%2Fstooq.com%2Fq%2Fl%2F%3Fs%3Dmsw%26f%3Dsd2ohlcv%26h%26e%3Dcsv:0
[   38455ms] [ERROR] Failed to load resource: the server responded with a status of 503 () @ https://stockstracker-ai.vercel.app/api/proxy?url=https%3A%2F%2Fstooq.com%2Fq%2Fl%2F%3Fs%3Dsn2%26f%3Dsd2ohlcv%26h%26e%3Dcsv:0
[   38466ms] [ERROR] Failed to load resource: the server responded with a status of 503 () @ https://stockstracker-ai.vercel.app/api/proxy?url=https%3A%2F%2Fstooq.com%2Fq%2Fl%2F%3Fs%3Dmod%26f%3Dsd2ohlcv%26h%26e%3Dcsv:0
[   38507ms] [ERROR] Failed to load resource: the server responded with a status of 404 () @ https://assets.parqet.com/logos/symbol/MOD.WA:0
[   38507ms] [ERROR] Failed to load resource: the server responded with a status of 404 () @ https://assets.parqet.com/logos/symbol/DGN.WA:0
[   38510ms] [ERROR] Failed to load resource: the server responded with a status of 404 () @ https://assets.parqet.com/logos/symbol/SN2.WA:0
[   38510ms] [ERROR] Failed to load resource: the server responded with a status of 404 () @ https://assets.parqet.com/logos/symbol/MSW.WA:0
[   38589ms] [ERROR] Failed to load resource: the server responded with a status of 503 () @ https://stockstracker-ai.vercel.app/api/alphavantage?function=COMPANY_OVERVIEW&symbol=DNP:0
[   38628ms] [ERROR] Failed to load resource: the server responded with a status of 404 () @ https://assets.parqet.com/logos/symbol/DGN.WA:0
[   38629ms] [ERROR] Failed to load resource: the server responded with a status of 404 () @ https://assets.parqet.com/logos/symbol/SN2.WA:0
[   38630ms] [ERROR] Failed to load resource: the server responded with a status of 404 () @ https://assets.parqet.com/logos/symbol/MSW.WA:0
[   38630ms] [ERROR] Failed to load resource: the server responded with a status of 404 () @ https://assets.parqet.com/logos/symbol/MOD.WA:0
[   39249ms] [ERROR] Failed to load resource: the server responded with a status of 503 () @ https://stockstracker-ai.vercel.app/api/data:0
[   51715ms] [ERROR] Failed to load resource: the server responded with a status of 503 () @ https://stockstracker-ai.vercel.app/api/alphavantage?function=COMPANY_OVERVIEW&symbol=MOD:0
[   51741ms] [ERROR] Failed to load resource: the server responded with a status of 404 () @ https://assets.parqet.com/logos/symbol/MOD.WA:0
[   51742ms] [ERROR] Failed to load resource: the server responded with a status of 404 () @ https://assets.parqet.com/logos/symbol/DGN.WA:0
[   51742ms] [ERROR] Failed to load resource: the server responded with a status of 404 () @ https://assets.parqet.com/logos/symbol/SN2.WA:0
[   51743ms] [ERROR] Failed to load resource: the server responded with a status of 404 () @ https://assets.parqet.com/logos/symbol/MSW.WA:0
[   52239ms] [ERROR] Failed to load resource: the server responded with a status of 503 () @ https://stockstracker-ai.vercel.app/api/data:0
[   64850ms] [ERROR] Failed to load resource: the server responded with a status of 401 () @ https://stockstracker-ai.vercel.app/api/alphavantage?function=COMPANY_OVERVIEW&symbol=DGN:0
[   64880ms] [ERROR] Failed to load resource: the server responded with a status of 404 () @ https://assets.parqet.com/logos/symbol/MOD.WA:0
[   64881ms] [ERROR] Failed to load resource: the server responded with a status of 404 () @ https://assets.parqet.com/logos/symbol/DGN.WA:0
[   64881ms] [ERROR] Failed to load resource: the server responded with a status of 404 () @ https://assets.parqet.com/logos/symbol/SN2.WA:0
[   64884ms] [ERROR] Failed to load resource: the server responded with a status of 404 () @ https://assets.parqet.com/logos/symbol/MSW.WA:0
[   65379ms] [ERROR] Failed to load resource: the server responded with a status of 401 () @ https://stockstracker-ai.vercel.app/api/data:0
[   77978ms] [ERROR] Failed to load resource: the server responded with a status of 401 () @ https://stockstracker-ai.vercel.app/api/alphavantage?function=COMPANY_OVERVIEW&symbol=XTB:0
[   78024ms] [ERROR] Failed to load resource: the server responded with a status of 404 () @ https://assets.parqet.com/logos/symbol/MOD.WA:0
[   78025ms] [ERROR] Failed to load resource: the server responded with a status of 404 () @ https://assets.parqet.com/logos/symbol/DGN.WA:0
[   78027ms] [ERROR] Failed to load resource: the server responded with a status of 404 () @ https://assets.parqet.com/logos/symbol/SN2.WA:0
[   78029ms] [ERROR] Failed to load resource: the server responded with a status of 404 () @ https://assets.parqet.com/logos/symbol/MSW.WA:0
[   78530ms] [ERROR] Failed to load resource: the server responded with a status of 401 () @ https://stockstracker-ai.vercel.app/api/data:0
[   94575ms] [ERROR] Failed to load resource: the server responded with a status of 401 () @ https://stockstracker-ai.vercel.app/api/alphavantage?function=COMPANY_OVERVIEW&symbol=MRB:0
[   94617ms] [ERROR] Failed to load resource: the server responded with a status of 404 () @ https://assets.parqet.com/logos/symbol/MOD.WA:0
[   94623ms] [ERROR] Failed to load resource: the server responded with a status of 404 () @ https://assets.parqet.com/logos/symbol/DGN.WA:0
[   94624ms] [ERROR] Failed to load resource: the server responded with a status of 404 () @ https://assets.parqet.com/logos/symbol/SN2.WA:0
[   94626ms] [ERROR] Failed to load resource: the server responded with a status of 404 () @ https://assets.parqet.com/logos/symbol/MSW.WA:0
[  113405ms] [ERROR] Failed to load resource: the server responded with a status of 401 () @ https://stockstracker-ai.vercel.app/api/data:0
[  113701ms] [ERROR] Failed to load resource: the server responded with a status of 401 () @ https://stockstracker-ai.vercel.app/api/alphavantage?function=COMPANY_OVERVIEW&symbol=CDR:0
[  113728ms] [ERROR] Failed to load resource: the server responded with a status of 404 () @ https://assets.parqet.com/logos/symbol/MOD.WA:0
[  113730ms] [ERROR] Failed to load resource: the server responded with a status of 404 () @ https://assets.parqet.com/logos/symbol/DGN.WA:0
[  113732ms] [ERROR] Failed to load resource: the server responded with a status of 404 () @ https://assets.parqet.com/logos/symbol/SN2.WA:0
[  113733ms] [ERROR] Failed to load resource: the server responded with a status of 404 () @ https://assets.parqet.com/logos/symbol/MSW.WA:0
[  114262ms] [ERROR] Failed to load resource: the server responded with a status of 401 () @ https://stockstracker-ai.vercel.app/api/data:0
[  126850ms] [ERROR] Failed to load resource: the server responded with a status of 401 () @ https://stockstracker-ai.vercel.app/api/alphavantage?function=COMPANY_OVERVIEW&symbol=SN2:0
[  126881ms] [ERROR] Failed to load resource: the server responded with a status of 404 () @ https://assets.parqet.com/logos/symbol/MOD.WA:0
[  126882ms] [ERROR] Failed to load resource: the server responded with a status of 404 () @ https://assets.parqet.com/logos/symbol/DGN.WA:0
[  126883ms] [ERROR] Failed to load resource: the server responded with a status of 404 () @ https://assets.parqet.com/logos/symbol/SN2.WA:0
[  126884ms] [ERROR] Failed to load resource: the server responded with a status of 404 () @ https://assets.parqet.com/logos/symbol/MSW.WA:0
[  127405ms] [ERROR] Failed to load resource: the server responded with a status of 401 () @ https://stockstracker-ai.vercel.app/api/data:0
[  140010ms] [ERROR] Failed to load resource: the server responded with a status of 401 () @ https://stockstracker-ai.vercel.app/api/alphavantage?function=COMPANY_OVERVIEW&symbol=MSW:0
[  140040ms] [ERROR] Failed to load resource: the server responded with a status of 404 () @ https://assets.parqet.com/logos/symbol/MOD.WA:0
[  140041ms] [ERROR] Failed to load resource: the server responded with a status of 404 () @ https://assets.parqet.com/logos/symbol/DGN.WA:0
[  140042ms] [ERROR] Failed to load resource: the server responded with a status of 404 () @ https://assets.parqet.com/logos/symbol/SN2.WA:0
[  140042ms] [ERROR] Failed to load resource: the server responded with a status of 404 () @ https://assets.parqet.com/logos/symbol/MSW.WA:0
[  140557ms] [ERROR] Failed to load resource: the server responded with a status of 401 () @ https://stockstracker-ai.vercel.app/api/data:0
[  301695ms] [ERROR] Access to fetch at 'https://query1.finance.yahoo.com/v1/test/getcrumb' from origin 'https://stockstracker-ai.vercel.app' has been blocked by CORS policy: No 'Access-Control-Allow-Origin' header is present on the requested resource. @ https://stockstracker-ai.vercel.app/:0
[  301696ms] [ERROR] Failed to load resource: net::ERR_FAILED @ https://query1.finance.yahoo.com/v1/test/getcrumb:0
[  302148ms] [ERROR] Access to fetch at 'https://query1.finance.yahoo.com/v7/finance/quote?symbols=DNP.WA,MOD.WA,DGN.WA,XTB.WA,MRB.WA,CDR.WA,SN2.WA,MSW.WA&fields=regularMarketPrice,regularMarketPreviousClose,regularMarketChangePercent,regularMarketChange,shortName,longName,currency,earningsTimestamp,earningsTimestampStart,earningsTimestampEnd,exDividendDate,dividendDate,trailingAnnualDividendRate,dividendRate,trailingPE,forwardPE,priceToBook' from origin 'https://stockstracker-ai.vercel.app' has been blocked by CORS policy: No 'Access-Control-Allow-Origin' header is present on the requested resource. @ https://stockstracker-ai.vercel.app/:0
[  302148ms] [ERROR] Failed to load resource: net::ERR_FAILED @ https://query1.finance.yahoo.com/v7/finance/quote?symbols=DNP.WA,MOD.WA,DGN.WA,XTB.WA,MRB.WA,CDR.WA,SN2.WA,MSW.WA&fields=regularMarketPrice,regularMarketPreviousClose,regularMarketChangePercent,regularMarketChange,shortName,longName,currency,earningsTimestamp,earningsTimestampStart,earningsTimestampEnd,exDividendDate,dividendDate,trailingAnnualDividendRate,dividendRate,trailingPE,forwardPE,priceToBook:0
[  302148ms] [WARNING] direct v7 failed on query1.finance.yahoo.com Failed to fetch @ https://stockstracker-ai.vercel.app/:1524
[  302394ms] [ERROR] Access to fetch at 'https://query1.finance.yahoo.com/v1/test/getcrumb' from origin 'https://stockstracker-ai.vercel.app' has been blocked by CORS policy: No 'Access-Control-Allow-Origin' header is present on the requested resource. @ https://stockstracker-ai.vercel.app/:0
[  302394ms] [ERROR] Failed to load resource: net::ERR_FAILED @ https://query1.finance.yahoo.com/v1/test/getcrumb:0
[  302643ms] [ERROR] Access to fetch at 'https://query2.finance.yahoo.com/v7/finance/quote?symbols=DNP.WA,MOD.WA,DGN.WA,XTB.WA,MRB.WA,CDR.WA,SN2.WA,MSW.WA&fields=regularMarketPrice,regularMarketPreviousClose,regularMarketChangePercent,regularMarketChange,shortName,longName,currency,earningsTimestamp,earningsTimestampStart,earningsTimestampEnd,exDividendDate,dividendDate,trailingAnnualDividendRate,dividendRate,trailingPE,forwardPE,priceToBook' from origin 'https://stockstracker-ai.vercel.app' has been blocked by CORS policy: No 'Access-Control-Allow-Origin' header is present on the requested resource. @ https://stockstracker-ai.vercel.app/:0
[  302643ms] [ERROR] Failed to load resource: net::ERR_FAILED @ https://query2.finance.yahoo.com/v7/finance/quote?symbols=DNP.WA,MOD.WA,DGN.WA,XTB.WA,MRB.WA,CDR.WA,SN2.WA,MSW.WA&fields=regularMarketPrice,regularMarketPreviousClose,regularMarketChangePercent,regularMarketChange,shortName,longName,currency,earningsTimestamp,earningsTimestampStart,earningsTimestampEnd,exDividendDate,dividendDate,trailingAnnualDividendRate,dividendRate,trailingPE,forwardPE,priceToBook:0
[  302643ms] [WARNING] direct v7 failed on query2.finance.yahoo.com Failed to fetch @ https://stockstracker-ai.vercel.app/:1524
[  302731ms] [ERROR] Failed to load resource: the server responded with a status of 403 () @ https://corsproxy.io/?https%3A%2F%2Fquery1.finance.yahoo.com%2Fv7%2Ffinance%2Fquote%3Fsymbols%3DDNP.WA%2CMOD.WA%2CDGN.WA%2CXTB.WA%2CMRB.WA%2CCDR.WA%2CSN2.WA%2CMSW.WA%26fields%3DregularMarketPrice%2CregularMarketPreviousClose%2CregularMarketChangePercent%2CregularMarketChange%2CshortName%2ClongName%2Ccurrency%2CearningsTimestamp%2CearningsTimestampStart%2CearningsTimestampEnd%2CexDividendDate%2CdividendDate%2CtrailingAnnualDividendRate%2CdividendRate%2CtrailingPE%2CforwardPE%2CpriceToBook:0
[  302854ms] [ERROR] Failed to load resource: the server responded with a status of 401 () @ https://stockstracker-ai.vercel.app/api/proxy?url=https%3A%2F%2Fquery1.finance.yahoo.com%2Fv7%2Ffinance%2Fquote%3Fsymbols%3DDNP.WA%2CMOD.WA%2CDGN.WA%2CXTB.WA%2CMRB.WA%2CCDR.WA%2CSN2.WA%2CMSW.WA%26fields%3DregularMarketPrice%2CregularMarketPreviousClose%2CregularMarketChangePercent%2CregularMarketChange%2CshortName%2ClongName%2Ccurrency%2CearningsTimestamp%2CearningsTimestampStart%2CearningsTimestampEnd%2CexDividendDate%2CdividendDate%2CtrailingAnnualDividendRate%2CdividendRate%2CtrailingPE%2CforwardPE%2CpriceToBook:0
[  309645ms] [WARNING] proxy v7 failed on query1.finance.yahoo.com All promises were rejected @ https://stockstracker-ai.vercel.app/:1535
[  309705ms] [ERROR] Failed to load resource: the server responded with a status of 403 () @ https://corsproxy.io/?https%3A%2F%2Fquery2.finance.yahoo.com%2Fv7%2Ffinance%2Fquote%3Fsymbols%3DDNP.WA%2CMOD.WA%2CDGN.WA%2CXTB.WA%2CMRB.WA%2CCDR.WA%2CSN2.WA%2CMSW.WA%26fields%3DregularMarketPrice%2CregularMarketPreviousClose%2CregularMarketChangePercent%2CregularMarketChange%2CshortName%2ClongName%2Ccurrency%2CearningsTimestamp%2CearningsTimestampStart%2CearningsTimestampEnd%2CexDividendDate%2CdividendDate%2CtrailingAnnualDividendRate%2CdividendRate%2CtrailingPE%2CforwardPE%2CpriceToBook:0
[  309759ms] [ERROR] Failed to load resource: the server responded with a status of 401 () @ https://stockstracker-ai.vercel.app/api/proxy?url=https%3A%2F%2Fquery2.finance.yahoo.com%2Fv7%2Ffinance%2Fquote%3Fsymbols%3DDNP.WA%2CMOD.WA%2CDGN.WA%2CXTB.WA%2CMRB.WA%2CCDR.WA%2CSN2.WA%2CMSW.WA%26fields%3DregularMarketPrice%2CregularMarketPreviousClose%2CregularMarketChangePercent%2CregularMarketChange%2CshortName%2ClongName%2Ccurrency%2CearningsTimestamp%2CearningsTimestampStart%2CearningsTimestampEnd%2CexDividendDate%2CdividendDate%2CtrailingAnnualDividendRate%2CdividendRate%2CtrailingPE%2CforwardPE%2CpriceToBook:0
[  316647ms] [WARNING] proxy v7 failed on query2.finance.yahoo.com All promises were rejected @ https://stockstracker-ai.vercel.app/:1535
[  316647ms] [INFO] Fallback: v8/chart per symbol @ https://stockstracker-ai.vercel.app/:1539
[  316720ms] [ERROR] Failed to load resource: the server responded with a status of 403 () @ https://corsproxy.io/?https%3A%2F%2Fquery1.finance.yahoo.com%2Fv8%2Ffinance%2Fchart%2FMOD.WA%3Finterval%3D1d%26range%3D5d:0
[  316721ms] [ERROR] Failed to load resource: the server responded with a status of 403 () @ https://corsproxy.io/?https%3A%2F%2Fquery1.finance.yahoo.com%2Fv8%2Ffinance%2Fchart%2FDNP.WA%3Finterval%3D1d%26range%3D5d:0
[  316721ms] [ERROR] Failed to load resource: the server responded with a status of 403 () @ https://corsproxy.io/?https%3A%2F%2Fquery1.finance.yahoo.com%2Fv8%2Ffinance%2Fchart%2FDGN.WA%3Finterval%3D1d%26range%3D5d:0
[  316725ms] [ERROR] Failed to load resource: the server responded with a status of 403 () @ https://corsproxy.io/?https%3A%2F%2Fquery1.finance.yahoo.com%2Fv8%2Ffinance%2Fchart%2FXTB.WA%3Finterval%3D1d%26range%3D5d:0
[  316725ms] [ERROR] Failed to load resource: the server responded with a status of 403 () @ https://corsproxy.io/?https%3A%2F%2Fquery1.finance.yahoo.com%2Fv8%2Ffinance%2Fchart%2FMRB.WA%3Finterval%3D1d%26range%3D5d:0
[  316726ms] [ERROR] Failed to load resource: the server responded with a status of 403 () @ https://corsproxy.io/?https%3A%2F%2Fquery1.finance.yahoo.com%2Fv8%2Ffinance%2Fchart%2FCDR.WA%3Finterval%3D1d%26range%3D5d:0
[  316727ms] [ERROR] Failed to load resource: the server responded with a status of 403 () @ https://corsproxy.io/?https%3A%2F%2Fquery1.finance.yahoo.com%2Fv8%2Ffinance%2Fchart%2FSN2.WA%3Finterval%3D1d%26range%3D5d:0
[  316728ms] [ERROR] Failed to load resource: the server responded with a status of 403 () @ https://corsproxy.io/?https%3A%2F%2Fquery1.finance.yahoo.com%2Fv8%2Ffinance%2Fchart%2FMSW.WA%3Finterval%3D1d%26range%3D5d:0
[  316762ms] [ERROR] Failed to load resource: the server responded with a status of 401 () @ https://stockstracker-ai.vercel.app/api/proxy?url=https%3A%2F%2Fquery1.finance.yahoo.com%2Fv8%2Ffinance%2Fchart%2FXTB.WA%3Finterval%3D1d%26range%3D5d:0
[  316770ms] [ERROR] Failed to load resource: the server responded with a status of 401 () @ https://stockstracker-ai.vercel.app/api/proxy?url=https%3A%2F%2Fquery1.finance.yahoo.com%2Fv8%2Ffinance%2Fchart%2FDGN.WA%3Finterval%3D1d%26range%3D5d:0
[  316784ms] [ERROR] Failed to load resource: the server responded with a status of 401 () @ https://stockstracker-ai.vercel.app/api/proxy?url=https%3A%2F%2Fquery1.finance.yahoo.com%2Fv8%2Ffinance%2Fchart%2FMSW.WA%3Finterval%3D1d%26range%3D5d:0
[  316792ms] [ERROR] Failed to load resource: the server responded with a status of 401 () @ https://stockstracker-ai.vercel.app/api/proxy?url=https%3A%2F%2Fquery1.finance.yahoo.com%2Fv8%2Ffinance%2Fchart%2FMOD.WA%3Finterval%3D1d%26range%3D5d:0
[  316795ms] [ERROR] Failed to load resource: the server responded with a status of 401 () @ https://stockstracker-ai.vercel.app/api/proxy?url=https%3A%2F%2Fquery1.finance.yahoo.com%2Fv8%2Ffinance%2Fchart%2FDNP.WA%3Finterval%3D1d%26range%3D5d:0
[  316796ms] [ERROR] Failed to load resource: the server responded with a status of 401 () @ https://stockstracker-ai.vercel.app/api/proxy?url=https%3A%2F%2Fquery1.finance.yahoo.com%2Fv8%2Ffinance%2Fchart%2FSN2.WA%3Finterval%3D1d%26range%3D5d:0
[  316802ms] [ERROR] Failed to load resource: the server responded with a status of 401 () @ https://stockstracker-ai.vercel.app/api/proxy?url=https%3A%2F%2Fquery1.finance.yahoo.com%2Fv8%2Ffinance%2Fchart%2FMRB.WA%3Finterval%3D1d%26range%3D5d:0
[  316811ms] [ERROR] Access to fetch at 'https://api.allorigins.win/raw?url=https%3A%2F%2Fquery1.finance.yahoo.com%2Fv8%2Ffinance%2Fchart%2FDNP.WA%3Finterval%3D1d%26range%3D5d' from origin 'https://stockstracker-ai.vercel.app' has been blocked by CORS policy: No 'Access-Control-Allow-Origin' header is present on the requested resource. @ https://stockstracker-ai.vercel.app/:0
[  316811ms] [ERROR] Failed to load resource: net::ERR_FAILED @ https://api.allorigins.win/raw?url=https%3A%2F%2Fquery1.finance.yahoo.com%2Fv8%2Ffinance%2Fchart%2FDNP.WA%3Finterval%3D1d%26range%3D5d:0
[  316906ms] [ERROR] Failed to load resource: the server responded with a status of 401 () @ https://stockstracker-ai.vercel.app/api/proxy?url=https%3A%2F%2Fquery1.finance.yahoo.com%2Fv8%2Ffinance%2Fchart%2FCDR.WA%3Finterval%3D1d%26range%3D5d:0
[  323652ms] [INFO] Fallback: Stooq CSV for [DNP.WA, MOD.WA, DGN.WA, XTB.WA, MRB.WA, CDR.WA, SN2.WA, MSW.WA] @ https://stockstracker-ai.vercel.app/:1547
[  323848ms] [ERROR] Failed to load resource: the server responded with a status of 401 () @ https://stockstracker-ai.vercel.app/api/proxy?url=https%3A%2F%2Fstooq.com%2Fq%2Fl%2F%3Fs%3Dmod%26f%3Dsd2ohlcv%26h%26e%3Dcsv:0
[  323866ms] [ERROR] Failed to load resource: the server responded with a status of 401 () @ https://stockstracker-ai.vercel.app/api/proxy?url=https%3A%2F%2Fstooq.com%2Fq%2Fl%2F%3Fs%3Ddnp%26f%3Dsd2ohlcv%26h%26e%3Dcsv:0
[  323866ms] [ERROR] Failed to load resource: the server responded with a status of 401 () @ https://stockstracker-ai.vercel.app/api/proxy?url=https%3A%2F%2Fstooq.com%2Fq%2Fl%2F%3Fs%3Dxtb%26f%3Dsd2ohlcv%26h%26e%3Dcsv:0
[  323867ms] [ERROR] Failed to load resource: the server responded with a status of 401 () @ https://stockstracker-ai.vercel.app/api/proxy?url=https%3A%2F%2Fstooq.com%2Fq%2Fl%2F%3Fs%3Dmsw%26f%3Dsd2ohlcv%26h%26e%3Dcsv:0
[  323931ms] [ERROR] Failed to load resource: the server responded with a status of 401 () @ https://stockstracker-ai.vercel.app/api/proxy?url=https%3A%2F%2Fstooq.com%2Fq%2Fl%2F%3Fs%3Ddgn%26f%3Dsd2ohlcv%26h%26e%3Dcsv:0
[  323952ms] [ERROR] Failed to load resource: the server responded with a status of 401 () @ https://stockstracker-ai.vercel.app/api/proxy?url=https%3A%2F%2Fstooq.com%2Fq%2Fl%2F%3Fs%3Dmrb%26f%3Dsd2ohlcv%26h%26e%3Dcsv:0
[  323968ms] [ERROR] Failed to load resource: the server responded with a status of 401 () @ https://stockstracker-ai.vercel.app/api/proxy?url=https%3A%2F%2Fstooq.com%2Fq%2Fl%2F%3Fs%3Dcdr%26f%3Dsd2ohlcv%26h%26e%3Dcsv:0
[  323970ms] [ERROR] Failed to load resource: the server responded with a status of 401 () @ https://stockstracker-ai.vercel.app/api/proxy?url=https%3A%2F%2Fstooq.com%2Fq%2Fl%2F%3Fs%3Dsn2%26f%3Dsd2ohlcv%26h%26e%3Dcsv:0
[  324005ms] [ERROR] Failed to load resource: the server responded with a status of 404 () @ https://assets.parqet.com/logos/symbol/MOD.WA:0
[  324005ms] [ERROR] Failed to load resource: the server responded with a status of 404 () @ https://assets.parqet.com/logos/symbol/DGN.WA:0
[  324005ms] [ERROR] Failed to load resource: the server responded with a status of 404 () @ https://assets.parqet.com/logos/symbol/SN2.WA:0
[  324007ms] [ERROR] Failed to load resource: the server responded with a status of 404 () @ https://assets.parqet.com/logos/symbol/MSW.WA:0
[  324104ms] [ERROR] Failed to load resource: the server responded with a status of 401 () @ https://stockstracker-ai.vercel.app/api/alphavantage?function=COMPANY_OVERVIEW&symbol=DNP:0
[  324177ms] [ERROR] Failed to load resource: the server responded with a status of 404 () @ https://assets.parqet.com/logos/symbol/MOD.WA:0
[  324178ms] [ERROR] Failed to load resource: the server responded with a status of 404 () @ https://assets.parqet.com/logos/symbol/DGN.WA:0
[  324180ms] [ERROR] Failed to load resource: the server responded with a status of 404 () @ https://assets.parqet.com/logos/symbol/SN2.WA:0
[  324181ms] [ERROR] Failed to load resource: the server responded with a status of 404 () @ https://assets.parqet.com/logos/symbol/MSW.WA:0
[  324674ms] [ERROR] Failed to load resource: the server responded with a status of 401 () @ https://stockstracker-ai.vercel.app/api/data:0
[  337295ms] [ERROR] Failed to load resource: the server responded with a status of 401 () @ https://stockstracker-ai.vercel.app/api/alphavantage?function=COMPANY_OVERVIEW&symbol=MOD:0
[  337325ms] [ERROR] Failed to load resource: the server responded with a status of 404 () @ https://assets.parqet.com/logos/symbol/MOD.WA:0
[  337326ms] [ERROR] Failed to load resource: the server responded with a status of 404 () @ https://assets.parqet.com/logos/symbol/DGN.WA:0
[  337327ms] [ERROR] Failed to load resource: the server responded with a status of 404 () @ https://assets.parqet.com/logos/symbol/SN2.WA:0
[  337328ms] [ERROR] Failed to load resource: the server responded with a status of 404 () @ https://assets.parqet.com/logos/symbol/MSW.WA:0
[  338293ms] [ERROR] Failed to load resource: the server responded with a status of 401 () @ https://stockstracker-ai.vercel.app/api/data:0
[  350752ms] [ERROR] Failed to load resource: the server responded with a status of 401 () @ https://stockstracker-ai.vercel.app/api/alphavantage?function=COMPANY_OVERVIEW&symbol=DGN:0
[  350775ms] [ERROR] Failed to load resource: the server responded with a status of 404 () @ https://assets.parqet.com/logos/symbol/MOD.WA:0
[  350775ms] [ERROR] Failed to load resource: the server responded with a status of 404 () @ https://assets.parqet.com/logos/symbol/SN2.WA:0
[  350776ms] [ERROR] Failed to load resource: the server responded with a status of 404 () @ https://assets.parqet.com/logos/symbol/DGN.WA:0
[  350777ms] [ERROR] Failed to load resource: the server responded with a status of 404 () @ https://assets.parqet.com/logos/symbol/MSW.WA:0
[  351335ms] [ERROR] Failed to load resource: the server responded with a status of 401 () @ https://stockstracker-ai.vercel.app/api/data:0
[  364132ms] [ERROR] Failed to load resource: the server responded with a status of 401 () @ https://stockstracker-ai.vercel.app/api/alphavantage?function=COMPANY_OVERVIEW&symbol=XTB:0
[  364173ms] [ERROR] Failed to load resource: the server responded with a status of 404 () @ https://assets.parqet.com/logos/symbol/MOD.WA:0
[  364174ms] [ERROR] Failed to load resource: the server responded with a status of 404 () @ https://assets.parqet.com/logos/symbol/DGN.WA:0
[  364176ms] [ERROR] Failed to load resource: the server responded with a status of 404 () @ https://assets.parqet.com/logos/symbol/SN2.WA:0
[  364177ms] [ERROR] Failed to load resource: the server responded with a status of 404 () @ https://assets.parqet.com/logos/symbol/MSW.WA:0
[  364738ms] [ERROR] Failed to load resource: the server responded with a status of 401 () @ https://stockstracker-ai.vercel.app/api/data:0
[  377279ms] [ERROR] Failed to load resource: the server responded with a status of 401 () @ https://stockstracker-ai.vercel.app/api/alphavantage?function=COMPANY_OVERVIEW&symbol=MRB:0
[  377306ms] [ERROR] Failed to load resource: the server responded with a status of 404 () @ https://assets.parqet.com/logos/symbol/MOD.WA:0
[  377306ms] [ERROR] Failed to load resource: the server responded with a status of 404 () @ https://assets.parqet.com/logos/symbol/DGN.WA:0
[  377307ms] [ERROR] Failed to load resource: the server responded with a status of 404 () @ https://assets.parqet.com/logos/symbol/SN2.WA:0
[  377309ms] [ERROR] Failed to load resource: the server responded with a status of 404 () @ https://assets.parqet.com/logos/symbol/MSW.WA:0
[  377841ms] [ERROR] Failed to load resource: the server responded with a status of 401 () @ https://stockstracker-ai.vercel.app/api/data:0
[  390408ms] [ERROR] Failed to load resource: the server responded with a status of 401 () @ https://stockstracker-ai.vercel.app/api/alphavantage?function=COMPANY_OVERVIEW&symbol=CDR:0
[  390435ms] [ERROR] Failed to load resource: the server responded with a status of 404 () @ https://assets.parqet.com/logos/symbol/MOD.WA:0
[  390438ms] [ERROR] Failed to load resource: the server responded with a status of 404 () @ https://assets.parqet.com/logos/symbol/DGN.WA:0
[  390438ms] [ERROR] Failed to load resource: the server responded with a status of 404 () @ https://assets.parqet.com/logos/symbol/SN2.WA:0
[  390439ms] [ERROR] Failed to load resource: the server responded with a status of 404 () @ https://assets.parqet.com/logos/symbol/MSW.WA:0
[  390943ms] [ERROR] Failed to load resource: the server responded with a status of 401 () @ https://stockstracker-ai.vercel.app/api/data:0
[  403624ms] [ERROR] Failed to load resource: the server responded with a status of 401 () @ https://stockstracker-ai.vercel.app/api/alphavantage?function=COMPANY_OVERVIEW&symbol=SN2:0
[  403642ms] [ERROR] Failed to load resource: the server responded with a status of 404 () @ https://assets.parqet.com/logos/symbol/MOD.WA:0
[  403643ms] [ERROR] Failed to load resource: the server responded with a status of 404 () @ https://assets.parqet.com/logos/symbol/DGN.WA:0
[  403643ms] [ERROR] Failed to load resource: the server responded with a status of 404 () @ https://assets.parqet.com/logos/symbol/SN2.WA:0
[  403645ms] [ERROR] Failed to load resource: the server responded with a status of 404 () @ https://assets.parqet.com/logos/symbol/MSW.WA:0
[  404135ms] [ERROR] Failed to load resource: the server responded with a status of 401 () @ https://stockstracker-ai.vercel.app/api/data:0
[  416759ms] [ERROR] Failed to load resource: the server responded with a status of 401 () @ https://stockstracker-ai.vercel.app/api/alphavantage?function=COMPANY_OVERVIEW&symbol=MSW:0
[  416790ms] [ERROR] Failed to load resource: the server responded with a status of 404 () @ https://assets.parqet.com/logos/symbol/MOD.WA:0
[  416791ms] [ERROR] Failed to load resource: the server responded with a status of 404 () @ https://assets.parqet.com/logos/symbol/DGN.WA:0
[  416792ms] [ERROR] Failed to load resource: the server responded with a status of 404 () @ https://assets.parqet.com/logos/symbol/SN2.WA:0
[  416792ms] [ERROR] Failed to load resource: the server responded with a status of 404 () @ https://assets.parqet.com/logos/symbol/MSW.WA:0
[  417290ms] [ERROR] Failed to load resource: the server responded with a status of 401 () @ https://stockstracker-ai.vercel.app/api/data:0
[  601589ms] [ERROR] Access to fetch at 'https://query1.finance.yahoo.com/v1/test/getcrumb' from origin 'https://stockstracker-ai.vercel.app' has been blocked by CORS policy: No 'Access-Control-Allow-Origin' header is present on the requested resource. @ https://stockstracker-ai.vercel.app/:0
[  601591ms] [ERROR] Failed to load resource: net::ERR_FAILED @ https://query1.finance.yahoo.com/v1/test/getcrumb:0
[  601702ms] [ERROR] Access to fetch at 'https://query1.finance.yahoo.com/v7/finance/quote?symbols=DNP.WA,MOD.WA,DGN.WA,XTB.WA,MRB.WA,CDR.WA,SN2.WA,MSW.WA&fields=regularMarketPrice,regularMarketPreviousClose,regularMarketChangePercent,regularMarketChange,shortName,longName,currency,earningsTimestamp,earningsTimestampStart,earningsTimestampEnd,exDividendDate,dividendDate,trailingAnnualDividendRate,dividendRate,trailingPE,forwardPE,priceToBook' from origin 'https://stockstracker-ai.vercel.app' has been blocked by CORS policy: No 'Access-Control-Allow-Origin' header is present on the requested resource. @ https://stockstracker-ai.vercel.app/:0
[  601702ms] [ERROR] Failed to load resource: net::ERR_FAILED @ https://query1.finance.yahoo.com/v7/finance/quote?symbols=DNP.WA,MOD.WA,DGN.WA,XTB.WA,MRB.WA,CDR.WA,SN2.WA,MSW.WA&fields=regularMarketPrice,regularMarketPreviousClose,regularMarketChangePercent,regularMarketChange,shortName,longName,currency,earningsTimestamp,earningsTimestampStart,earningsTimestampEnd,exDividendDate,dividendDate,trailingAnnualDividendRate,dividendRate,trailingPE,forwardPE,priceToBook:0
[  601702ms] [WARNING] direct v7 failed on query1.finance.yahoo.com Failed to fetch @ https://stockstracker-ai.vercel.app/:1524
[  601933ms] [ERROR] Access to fetch at 'https://query1.finance.yahoo.com/v1/test/getcrumb' from origin 'https://stockstracker-ai.vercel.app' has been blocked by CORS policy: No 'Access-Control-Allow-Origin' header is present on the requested resource. @ https://stockstracker-ai.vercel.app/:0
[  601933ms] [ERROR] Failed to load resource: net::ERR_FAILED @ https://query1.finance.yahoo.com/v1/test/getcrumb:0
[  602089ms] [ERROR] Access to fetch at 'https://query2.finance.yahoo.com/v7/finance/quote?symbols=DNP.WA,MOD.WA,DGN.WA,XTB.WA,MRB.WA,CDR.WA,SN2.WA,MSW.WA&fields=regularMarketPrice,regularMarketPreviousClose,regularMarketChangePercent,regularMarketChange,shortName,longName,currency,earningsTimestamp,earningsTimestampStart,earningsTimestampEnd,exDividendDate,dividendDate,trailingAnnualDividendRate,dividendRate,trailingPE,forwardPE,priceToBook' from origin 'https://stockstracker-ai.vercel.app' has been blocked by CORS policy: No 'Access-Control-Allow-Origin' header is present on the requested resource. @ https://stockstracker-ai.vercel.app/:0
[  602089ms] [ERROR] Failed to load resource: net::ERR_FAILED @ https://query2.finance.yahoo.com/v7/finance/quote?symbols=DNP.WA,MOD.WA,DGN.WA,XTB.WA,MRB.WA,CDR.WA,SN2.WA,MSW.WA&fields=regularMarketPrice,regularMarketPreviousClose,regularMarketChangePercent,regularMarketChange,shortName,longName,currency,earningsTimestamp,earningsTimestampStart,earningsTimestampEnd,exDividendDate,dividendDate,trailingAnnualDividendRate,dividendRate,trailingPE,forwardPE,priceToBook:0
[  602089ms] [WARNING] direct v7 failed on query2.finance.yahoo.com Failed to fetch @ https://stockstracker-ai.vercel.app/:1524
[  602167ms] [ERROR] Failed to load resource: the server responded with a status of 403 () @ https://corsproxy.io/?https%3A%2F%2Fquery1.finance.yahoo.com%2Fv7%2Ffinance%2Fquote%3Fsymbols%3DDNP.WA%2CMOD.WA%2CDGN.WA%2CXTB.WA%2CMRB.WA%2CCDR.WA%2CSN2.WA%2CMSW.WA%26fields%3DregularMarketPrice%2CregularMarketPreviousClose%2CregularMarketChangePercent%2CregularMarketChange%2CshortName%2ClongName%2Ccurrency%2CearningsTimestamp%2CearningsTimestampStart%2CearningsTimestampEnd%2CexDividendDate%2CdividendDate%2CtrailingAnnualDividendRate%2CdividendRate%2CtrailingPE%2CforwardPE%2CpriceToBook:0
[  602297ms] [ERROR] Failed to load resource: the server responded with a status of 401 () @ https://stockstracker-ai.vercel.app/api/proxy?url=https%3A%2F%2Fquery1.finance.yahoo.com%2Fv7%2Ffinance%2Fquote%3Fsymbols%3DDNP.WA%2CMOD.WA%2CDGN.WA%2CXTB.WA%2CMRB.WA%2CCDR.WA%2CSN2.WA%2CMSW.WA%26fields%3DregularMarketPrice%2CregularMarketPreviousClose%2CregularMarketChangePercent%2CregularMarketChange%2CshortName%2ClongName%2Ccurrency%2CearningsTimestamp%2CearningsTimestampStart%2CearningsTimestampEnd%2CexDividendDate%2CdividendDate%2CtrailingAnnualDividendRate%2CdividendRate%2CtrailingPE%2CforwardPE%2CpriceToBook:0
[  609095ms] [WARNING] proxy v7 failed on query1.finance.yahoo.com All promises were rejected @ https://stockstracker-ai.vercel.app/:1535
[  609178ms] [ERROR] Failed to load resource: the server responded with a status of 403 () @ https://corsproxy.io/?https%3A%2F%2Fquery2.finance.yahoo.com%2Fv7%2Ffinance%2Fquote%3Fsymbols%3DDNP.WA%2CMOD.WA%2CDGN.WA%2CXTB.WA%2CMRB.WA%2CCDR.WA%2CSN2.WA%2CMSW.WA%26fields%3DregularMarketPrice%2CregularMarketPreviousClose%2CregularMarketChangePercent%2CregularMarketChange%2CshortName%2ClongName%2Ccurrency%2CearningsTimestamp%2CearningsTimestampStart%2CearningsTimestampEnd%2CexDividendDate%2CdividendDate%2CtrailingAnnualDividendRate%2CdividendRate%2CtrailingPE%2CforwardPE%2CpriceToBook:0
[  609220ms] [ERROR] Failed to load resource: the server responded with a status of 401 () @ https://stockstracker-ai.vercel.app/api/proxy?url=https%3A%2F%2Fquery2.finance.yahoo.com%2Fv7%2Ffinance%2Fquote%3Fsymbols%3DDNP.WA%2CMOD.WA%2CDGN.WA%2CXTB.WA%2CMRB.WA%2CCDR.WA%2CSN2.WA%2CMSW.WA%26fields%3DregularMarketPrice%2CregularMarketPreviousClose%2CregularMarketChangePercent%2CregularMarketChange%2CshortName%2ClongName%2Ccurrency%2CearningsTimestamp%2CearningsTimestampStart%2CearningsTimestampEnd%2CexDividendDate%2CdividendDate%2CtrailingAnnualDividendRate%2CdividendRate%2CtrailingPE%2CforwardPE%2CpriceToBook:0
[  616097ms] [WARNING] proxy v7 failed on query2.finance.yahoo.com All promises were rejected @ https://stockstracker-ai.vercel.app/:1535
[  616098ms] [INFO] Fallback: v8/chart per symbol @ https://stockstracker-ai.vercel.app/:1539
[  616167ms] [ERROR] Failed to load resource: the server responded with a status of 403 () @ https://corsproxy.io/?https%3A%2F%2Fquery1.finance.yahoo.com%2Fv8%2Ffinance%2Fchart%2FDNP.WA%3Finterval%3D1d%26range%3D5d:0
[  616180ms] [ERROR] Failed to load resource: the server responded with a status of 403 () @ https://corsproxy.io/?https%3A%2F%2Fquery1.finance.yahoo.com%2Fv8%2Ffinance%2Fchart%2FMOD.WA%3Finterval%3D1d%26range%3D5d:0
[  616182ms] [ERROR] Failed to load resource: the server responded with a status of 403 () @ https://corsproxy.io/?https%3A%2F%2Fquery1.finance.yahoo.com%2Fv8%2Ffinance%2Fchart%2FDGN.WA%3Finterval%3D1d%26range%3D5d:0
[  616182ms] [ERROR] Failed to load resource: the server responded with a status of 403 () @ https://corsproxy.io/?https%3A%2F%2Fquery1.finance.yahoo.com%2Fv8%2Ffinance%2Fchart%2FMRB.WA%3Finterval%3D1d%26range%3D5d:0
[  616183ms] [ERROR] Failed to load resource: the server responded with a status of 403 () @ https://corsproxy.io/?https%3A%2F%2Fquery1.finance.yahoo.com%2Fv8%2Ffinance%2Fchart%2FXTB.WA%3Finterval%3D1d%26range%3D5d:0
[  616185ms] [ERROR] Failed to load resource: the server responded with a status of 403 () @ https://corsproxy.io/?https%3A%2F%2Fquery1.finance.yahoo.com%2Fv8%2Ffinance%2Fchart%2FCDR.WA%3Finterval%3D1d%26range%3D5d:0
[  616186ms] [ERROR] Failed to load resource: the server responded with a status of 403 () @ https://corsproxy.io/?https%3A%2F%2Fquery1.finance.yahoo.com%2Fv8%2Ffinance%2Fchart%2FSN2.WA%3Finterval%3D1d%26range%3D5d:0
[  616187ms] [ERROR] Failed to load resource: the server responded with a status of 403 () @ https://corsproxy.io/?https%3A%2F%2Fquery1.finance.yahoo.com%2Fv8%2Ffinance%2Fchart%2FMSW.WA%3Finterval%3D1d%26range%3D5d:0
[  616241ms] [ERROR] Failed to load resource: the server responded with a status of 401 () @ https://stockstracker-ai.vercel.app/api/proxy?url=https%3A%2F%2Fquery1.finance.yahoo.com%2Fv8%2Ffinance%2Fchart%2FDNP.WA%3Finterval%3D1d%26range%3D5d:0
[  616248ms] [ERROR] Failed to load resource: the server responded with a status of 401 () @ https://stockstracker-ai.vercel.app/api/proxy?url=https%3A%2F%2Fquery1.finance.yahoo.com%2Fv8%2Ffinance%2Fchart%2FMSW.WA%3Finterval%3D1d%26range%3D5d:0
[  616249ms] [ERROR] Failed to load resource: the server responded with a status of 401 () @ https://stockstracker-ai.vercel.app/api/proxy?url=https%3A%2F%2Fquery1.finance.yahoo.com%2Fv8%2Ffinance%2Fchart%2FXTB.WA%3Finterval%3D1d%26range%3D5d:0
[  616254ms] [ERROR] Failed to load resource: the server responded with a status of 401 () @ https://stockstracker-ai.vercel.app/api/proxy?url=https%3A%2F%2Fquery1.finance.yahoo.com%2Fv8%2Ffinance%2Fchart%2FMRB.WA%3Finterval%3D1d%26range%3D5d:0
[  616262ms] [ERROR] Failed to load resource: the server responded with a status of 401 () @ https://stockstracker-ai.vercel.app/api/proxy?url=https%3A%2F%2Fquery1.finance.yahoo.com%2Fv8%2Ffinance%2Fchart%2FSN2.WA%3Finterval%3D1d%26range%3D5d:0
[  616264ms] [ERROR] Failed to load resource: the server responded with a status of 401 () @ https://stockstracker-ai.vercel.app/api/proxy?url=https%3A%2F%2Fquery1.finance.yahoo.com%2Fv8%2Ffinance%2Fchart%2FCDR.WA%3Finterval%3D1d%26range%3D5d:0
[  616265ms] [ERROR] Failed to load resource: the server responded with a status of 401 () @ https://stockstracker-ai.vercel.app/api/proxy?url=https%3A%2F%2Fquery1.finance.yahoo.com%2Fv8%2Ffinance%2Fchart%2FDGN.WA%3Finterval%3D1d%26range%3D5d:0
[  616301ms] [ERROR] Failed to load resource: the server responded with a status of 401 () @ https://stockstracker-ai.vercel.app/api/proxy?url=https%3A%2F%2Fquery1.finance.yahoo.com%2Fv8%2Ffinance%2Fchart%2FMOD.WA%3Finterval%3D1d%26range%3D5d:0
[  623109ms] [INFO] Fallback: Stooq CSV for [DNP.WA, MOD.WA, DGN.WA, XTB.WA, MRB.WA, CDR.WA, SN2.WA, MSW.WA] @ https://stockstracker-ai.vercel.app/:1547
[  623237ms] [ERROR] Failed to load resource: the server responded with a status of 401 () @ https://stockstracker-ai.vercel.app/api/proxy?url=https%3A%2F%2Fstooq.com%2Fq%2Fl%2F%3Fs%3Ddnp%26f%3Dsd2ohlcv%26h%26e%3Dcsv:0
[  623239ms] [ERROR] Failed to load resource: the server responded with a status of 401 () @ https://stockstracker-ai.vercel.app/api/proxy?url=https%3A%2F%2Fstooq.com%2Fq%2Fl%2F%3Fs%3Dmod%26f%3Dsd2ohlcv%26h%26e%3Dcsv:0
[  623240ms] [ERROR] Failed to load resource: the server responded with a status of 401 () @ https://stockstracker-ai.vercel.app/api/proxy?url=https%3A%2F%2Fstooq.com%2Fq%2Fl%2F%3Fs%3Dcdr%26f%3Dsd2ohlcv%26h%26e%3Dcsv:0
[  623241ms] [ERROR] Failed to load resource: the server responded with a status of 401 () @ https://stockstracker-ai.vercel.app/api/proxy?url=https%3A%2F%2Fstooq.com%2Fq%2Fl%2F%3Fs%3Dsn2%26f%3Dsd2ohlcv%26h%26e%3Dcsv:0
[  623243ms] [ERROR] Failed to load resource: the server responded with a status of 401 () @ https://stockstracker-ai.vercel.app/api/proxy?url=https%3A%2F%2Fstooq.com%2Fq%2Fl%2F%3Fs%3Dxtb%26f%3Dsd2ohlcv%26h%26e%3Dcsv:0
[  623251ms] [ERROR] Failed to load resource: the server responded with a status of 401 () @ https://stockstracker-ai.vercel.app/api/proxy?url=https%3A%2F%2Fstooq.com%2Fq%2Fl%2F%3Fs%3Dmsw%26f%3Dsd2ohlcv%26h%26e%3Dcsv:0
[  623278ms] [ERROR] Failed to load resource: the server responded with a status of 401 () @ https://stockstracker-ai.vercel.app/api/proxy?url=https%3A%2F%2Fstooq.com%2Fq%2Fl%2F%3Fs%3Ddgn%26f%3Dsd2ohlcv%26h%26e%3Dcsv:0
[  623321ms] [ERROR] Failed to load resource: the server responded with a status of 401 () @ https://stockstracker-ai.vercel.app/api/proxy?url=https%3A%2F%2Fstooq.com%2Fq%2Fl%2F%3Fs%3Dmrb%26f%3Dsd2ohlcv%26h%26e%3Dcsv:0
[  623467ms] [ERROR] Failed to load resource: the server responded with a status of 404 () @ https://assets.parqet.com/logos/symbol/MOD.WA:0
[  623478ms] [ERROR] Failed to load resource: the server responded with a status of 404 () @ https://assets.parqet.com/logos/symbol/DGN.WA:0
[  623489ms] [ERROR] Failed to load resource: the server responded with a status of 404 () @ https://assets.parqet.com/logos/symbol/SN2.WA:0
[  623489ms] [ERROR] Failed to load resource: the server responded with a status of 404 () @ https://assets.parqet.com/logos/symbol/MSW.WA:0
[  623532ms] [ERROR] Failed to load resource: the server responded with a status of 401 () @ https://stockstracker-ai.vercel.app/api/alphavantage?function=COMPANY_OVERVIEW&symbol=DNP:0
[  623607ms] [ERROR] Failed to load resource: the server responded with a status of 404 () @ https://assets.parqet.com/logos/symbol/MOD.WA:0
[  623609ms] [ERROR] Failed to load resource: the server responded with a status of 404 () @ https://assets.parqet.com/logos/symbol/DGN.WA:0
[  623619ms] [ERROR] Failed to load resource: the server responded with a status of 404 () @ https://assets.parqet.com/logos/symbol/SN2.WA:0
[  623631ms] [ERROR] Failed to load resource: the server responded with a status of 404 () @ https://assets.parqet.com/logos/symbol/MSW.WA:0
[  624074ms] [ERROR] Failed to load resource: the server responded with a status of 401 () @ https://stockstracker-ai.vercel.app/api/data:0
[  636704ms] [ERROR] Failed to load resource: the server responded with a status of 401 () @ https://stockstracker-ai.vercel.app/api/alphavantage?function=COMPANY_OVERVIEW&symbol=MOD:0
[  636736ms] [ERROR] Failed to load resource: the server responded with a status of 404 () @ https://assets.parqet.com/logos/symbol/MOD.WA:0
[  636737ms] [ERROR] Failed to load resource: the server responded with a status of 404 () @ https://assets.parqet.com/logos/symbol/SN2.WA:0
[  636738ms] [ERROR] Failed to load resource: the server responded with a status of 404 () @ https://assets.parqet.com/logos/symbol/DGN.WA:0
[  636743ms] [ERROR] Failed to load resource: the server responded with a status of 404 () @ https://assets.parqet.com/logos/symbol/MSW.WA:0
[  637231ms] [ERROR] Failed to load resource: the server responded with a status of 401 () @ https://stockstracker-ai.vercel.app/api/data:0
[  649847ms] [ERROR] Failed to load resource: the server responded with a status of 401 () @ https://stockstracker-ai.vercel.app/api/alphavantage?function=COMPANY_OVERVIEW&symbol=DGN:0
[  649880ms] [ERROR] Failed to load resource: the server responded with a status of 404 () @ https://assets.parqet.com/logos/symbol/MOD.WA:0
[  649882ms] [ERROR] Failed to load resource: the server responded with a status of 404 () @ https://assets.parqet.com/logos/symbol/DGN.WA:0
[  649884ms] [ERROR] Failed to load resource: the server responded with a status of 404 () @ https://assets.parqet.com/logos/symbol/SN2.WA:0
[  649891ms] [ERROR] Failed to load resource: the server responded with a status of 404 () @ https://assets.parqet.com/logos/symbol/MSW.WA:0
[  650368ms] [ERROR] Failed to load resource: the server responded with a status of 401 () @ https://stockstracker-ai.vercel.app/api/data:0
[  662965ms] [ERROR] Failed to load resource: the server responded with a status of 401 () @ https://stockstracker-ai.vercel.app/api/alphavantage?function=COMPANY_OVERVIEW&symbol=XTB:0
[  662996ms] [ERROR] Failed to load resource: the server responded with a status of 404 () @ https://assets.parqet.com/logos/symbol/MOD.WA:0
[  662997ms] [ERROR] Failed to load resource: the server responded with a status of 404 () @ https://assets.parqet.com/logos/symbol/DGN.WA:0
[  662998ms] [ERROR] Failed to load resource: the server responded with a status of 404 () @ https://assets.parqet.com/logos/symbol/SN2.WA:0
[  662999ms] [ERROR] Failed to load resource: the server responded with a status of 404 () @ https://assets.parqet.com/logos/symbol/MSW.WA:0
[  663484ms] [ERROR] Failed to load resource: the server responded with a status of 401 () @ https://stockstracker-ai.vercel.app/api/data:0
[  676097ms] [ERROR] Failed to load resource: the server responded with a status of 401 () @ https://stockstracker-ai.vercel.app/api/alphavantage?function=COMPANY_OVERVIEW&symbol=MRB:0
[  676126ms] [ERROR] Failed to load resource: the server responded with a status of 404 () @ https://assets.parqet.com/logos/symbol/MOD.WA:0
[  676127ms] [ERROR] Failed to load resource: the server responded with a status of 404 () @ https://assets.parqet.com/logos/symbol/DGN.WA:0
[  676128ms] [ERROR] Failed to load resource: the server responded with a status of 404 () @ https://assets.parqet.com/logos/symbol/SN2.WA:0
[  676129ms] [ERROR] Failed to load resource: the server responded with a status of 404 () @ https://assets.parqet.com/logos/symbol/MSW.WA:0
[  676622ms] [ERROR] Failed to load resource: the server responded with a status of 401 () @ https://stockstracker-ai.vercel.app/api/data:0
[  689235ms] [ERROR] Failed to load resource: the server responded with a status of 401 () @ https://stockstracker-ai.vercel.app/api/alphavantage?function=COMPANY_OVERVIEW&symbol=CDR:0
[  689259ms] [ERROR] Failed to load resource: the server responded with a status of 404 () @ https://assets.parqet.com/logos/symbol/MOD.WA:0
[  689259ms] [ERROR] Failed to load resource: the server responded with a status of 404 () @ https://assets.parqet.com/logos/symbol/DGN.WA:0
[  689260ms] [ERROR] Failed to load resource: the server responded with a status of 404 () @ https://assets.parqet.com/logos/symbol/SN2.WA:0
[  689263ms] [ERROR] Failed to load resource: the server responded with a status of 404 () @ https://assets.parqet.com/logos/symbol/MSW.WA:0
[  689763ms] [ERROR] Failed to load resource: the server responded with a status of 401 () @ https://stockstracker-ai.vercel.app/api/data:0
[  702355ms] [ERROR] Failed to load resource: the server responded with a status of 401 () @ https://stockstracker-ai.vercel.app/api/alphavantage?function=COMPANY_OVERVIEW&symbol=SN2:0
[  702387ms] [ERROR] Failed to load resource: the server responded with a status of 404 () @ https://assets.parqet.com/logos/symbol/MOD.WA:0
[  702387ms] [ERROR] Failed to load resource: the server responded with a status of 404 () @ https://assets.parqet.com/logos/symbol/DGN.WA:0
[  702388ms] [ERROR] Failed to load resource: the server responded with a status of 404 () @ https://assets.parqet.com/logos/symbol/SN2.WA:0
[  702390ms] [ERROR] Failed to load resource: the server responded with a status of 404 () @ https://assets.parqet.com/logos/symbol/MSW.WA:0
[  702892ms] [ERROR] Failed to load resource: the server responded with a status of 401 () @ https://stockstracker-ai.vercel.app/api/data:0
[  715481ms] [ERROR] Failed to load resource: the server responded with a status of 401 () @ https://stockstracker-ai.vercel.app/api/alphavantage?function=COMPANY_OVERVIEW&symbol=MSW:0
[  715509ms] [ERROR] Failed to load resource: the server responded with a status of 404 () @ https://assets.parqet.com/logos/symbol/MOD.WA:0
[  715510ms] [ERROR] Failed to load resource: the server responded with a status of 404 () @ https://assets.parqet.com/logos/symbol/DGN.WA:0
[  715510ms] [ERROR] Failed to load resource: the server responded with a status of 404 () @ https://assets.parqet.com/logos/symbol/SN2.WA:0
[  715510ms] [ERROR] Failed to load resource: the server responded with a status of 404 () @ https://assets.parqet.com/logos/symbol/MSW.WA:0
[  716018ms] [ERROR] Failed to load resource: the server responded with a status of 401 () @ https://stockstracker-ai.vercel.app/api/data:0
