[     967ms] [ERROR] Loading the font 'https://k2mkucxia43oc7fa.public.blob.vercel-storage.com/front/fonts/space-mono/space-mono-v11-latin-regular.woff2' violates the following Content Security Policy directive: "font-src 'self' *.vercel.com *.gstatic.com vercel.live". The action has been blocked. @ https://vercel.com/new:1
[    1695ms] [LOG] %c
▲

__  __                                     _            __
\ \/ /___  __  __   _________ _____       (_)_  _______/ /_
 \  / __ \/ / / /  / ___/ __ `/ __ \     / / / / / ___/ __/
 / / /_/ / /_/ /  / /__/ /_/ / / / /    / / /_/ (__  ) /_
/_/\____/\__,_/   \___/\__,_/_/ /_/  __/ /\__,_/____/\__/
         __    _          __  __    /___/
   _____/ /_  (_)___     / /_/ /_  (_)___  ____ ______
  / ___/ __ \/ / __ \   / __/ __ \/ / __ \/ __ `/ ___/
 (__  ) / / / / /_/ /  / /_/ / / / / / / / /_/ (__  )
/____/_/ /_/_/ .___/   \__/_/ /_/_/_/ /_/\__, /____/
            /_/                         /____/
  

Hello!

- Open Source https://vercel.com/oss
- Careers https://vercel.com/careers
- Status https://vercel-status.com

 font-family: "Geist Mono", monospace; white-space: pre; line-height: 1; @ https://vercel.com/_next/static/chunks/2g0axoh_w9yfh.js?dpl=dpl_22wN5YqByGJep6WiUWk6uMq7P6S5:78
[    2553ms] [ERROR] Failed to load resource: net::ERR_CERT_DATE_INVALID @ https://cdn1.vercel.com/vercel.svg:0
[    3851ms] [ERROR] Failed to load resource: the server responded with a status of 403 () @ https://vercel.com/api/jwt:0
[    4934ms] [WARNING] Deprecated API for given entry type. @ https://vercel.com/_next/static/chunks/1a7e-ig7xwiza.js?dpl=dpl_22wN5YqByGJep6WiUWk6uMq7P6S5:18
[    8767ms] [WARNING] The resource https://vercel.com/_next/static/chunks/0y-vtm0zrwui1.css?dpl=dpl_22wN5YqByGJep6WiUWk6uMq7P6S5 was preloaded using link preload but not used within a few seconds from the window's load event. Please make sure it has an appropriate `as` value and it is preloaded intentionally. @ https://vercel.com/new:0
[    8767ms] [WARNING] The resource https://vercel.com/_next/static/chunks/0028m5urs0vas.css?dpl=dpl_22wN5YqByGJep6WiUWk6uMq7P6S5 was preloaded using link preload but not used within a few seconds from the window's load event. Please make sure it has an appropriate `as` value and it is preloaded intentionally. @ https://vercel.com/new:0
[    8767ms] [WARNING] The resource https://vercel.com/_next/static/media/stripe-light.2l_1jctpe6k_4.svg?dpl=dpl_22wN5YqByGJep6WiUWk6uMq7P6S5 was preloaded using link preload but not used within a few seconds from the window's load event. Please make sure it has an appropriate `as` value and it is preloaded intentionally. @ https://vercel.com/new:0
[    8767ms] [WARNING] The resource https://vercel.com/_next/static/media/adobe-light.406_7oryl71va.svg?dpl=dpl_22wN5YqByGJep6WiUWk6uMq7P6S5 was preloaded using link preload but not used within a few seconds from the window's load event. Please make sure it has an appropriate `as` value and it is preloaded intentionally. @ https://vercel.com/new:0
[    8767ms] [WARNING] The resource https://vercel.com/_next/static/media/ebay-light.3ft_ki8203ov0.svg?dpl=dpl_22wN5YqByGJep6WiUWk6uMq7P6S5 was preloaded using link preload but not used within a few seconds from the window's load event. Please make sure it has an appropriate `as` value and it is preloaded intentionally. @ https://vercel.com/new:0
[    8767ms] [WARNING] The resource https://vercel.com/_next/static/media/stripe-dark.16ozjth2vgb_3.svg?dpl=dpl_22wN5YqByGJep6WiUWk6uMq7P6S5 was preloaded using link preload but not used within a few seconds from the window's load event. Please make sure it has an appropriate `as` value and it is preloaded intentionally. @ https://vercel.com/new:0
[    8767ms] [WARNING] The resource https://vercel.com/_next/static/chunks/09f00n8m302ia.css?dpl=dpl_22wN5YqByGJep6WiUWk6uMq7P6S5 was preloaded using link preload but not used within a few seconds from the window's load event. Please make sure it has an appropriate `as` value and it is preloaded intentionally. @ https://vercel.com/new:0
[    8767ms] [WARNING] The resource https://vercel.com/_next/static/chunks/0abkm_6n_8bff.css?dpl=dpl_22wN5YqByGJep6WiUWk6uMq7P6S5 was preloaded using link preload but not used within a few seconds from the window's load event. Please make sure it has an appropriate `as` value and it is preloaded intentionally. @ https://vercel.com/new:0
[    8767ms] [WARNING] The resource https://vercel.com/_next/static/media/ebay-dark.34mho2a18qqlt.svg?dpl=dpl_22wN5YqByGJep6WiUWk6uMq7P6S5 was preloaded using link preload but not used within a few seconds from the window's load event. Please make sure it has an appropriate `as` value and it is preloaded intentionally. @ https://vercel.com/new:0
[   17611ms] [WARNING] The resource https://vercel.com/_next/static/chunks/0y-vtm0zrwui1.css?dpl=dpl_22wN5YqByGJep6WiUWk6uMq7P6S5 was preloaded using link preload but not used within a few seconds from the window's load event. Please make sure it has an appropriate `as` value and it is preloaded intentionally. @ https://vercel.com/new:0
[   17611ms] [WARNING] The resource https://vercel.com/_next/static/chunks/0028m5urs0vas.css?dpl=dpl_22wN5YqByGJep6WiUWk6uMq7P6S5 was preloaded using link preload but not used within a few seconds from the window's load event. Please make sure it has an appropriate `as` value and it is preloaded intentionally. @ https://vercel.com/new:0
[   17611ms] [WARNING] The resource https://vercel.com/_next/static/media/stripe-light.2l_1jctpe6k_4.svg?dpl=dpl_22wN5YqByGJep6WiUWk6uMq7P6S5 was preloaded using link preload but not used within a few seconds from the window's load event. Please make sure it has an appropriate `as` value and it is preloaded intentionally. @ https://vercel.com/new:0
[   17611ms] [WARNING] The resource https://vercel.com/_next/static/media/adobe-light.406_7oryl71va.svg?dpl=dpl_22wN5YqByGJep6WiUWk6uMq7P6S5 was preloaded using link preload but not used within a few seconds from the window's load event. Please make sure it has an appropriate `as` value and it is preloaded intentionally. @ https://vercel.com/new:0
[   17611ms] [WARNING] The resource https://vercel.com/_next/static/media/ebay-light.3ft_ki8203ov0.svg?dpl=dpl_22wN5YqByGJep6WiUWk6uMq7P6S5 was preloaded using link preload but not used within a few seconds from the window's load event. Please make sure it has an appropriate `as` value and it is preloaded intentionally. @ https://vercel.com/new:0
[   17611ms] [WARNING] The resource https://vercel.com/_next/static/media/stripe-dark.16ozjth2vgb_3.svg?dpl=dpl_22wN5YqByGJep6WiUWk6uMq7P6S5 was preloaded using link preload but not used within a few seconds from the window's load event. Please make sure it has an appropriate `as` value and it is preloaded intentionally. @ https://vercel.com/new:0
[   17611ms] [WARNING] The resource https://vercel.com/_next/static/chunks/09f00n8m302ia.css?dpl=dpl_22wN5YqByGJep6WiUWk6uMq7P6S5 was preloaded using link preload but not used within a few seconds from the window's load event. Please make sure it has an appropriate `as` value and it is preloaded intentionally. @ https://vercel.com/new:0
[   17611ms] [WARNING] The resource https://vercel.com/_next/static/chunks/0abkm_6n_8bff.css?dpl=dpl_22wN5YqByGJep6WiUWk6uMq7P6S5 was preloaded using link preload but not used within a few seconds from the window's load event. Please make sure it has an appropriate `as` value and it is preloaded intentionally. @ https://vercel.com/new:0
[   17611ms] [WARNING] The resource https://vercel.com/_next/static/media/ebay-dark.34mho2a18qqlt.svg?dpl=dpl_22wN5YqByGJep6WiUWk6uMq7P6S5 was preloaded using link preload but not used within a few seconds from the window's load event. Please make sure it has an appropriate `as` value and it is preloaded intentionally. @ https://vercel.com/new:0
[   23120ms] [WARNING] The resource https://vercel.com/_next/static/chunks/0y-vtm0zrwui1.css?dpl=dpl_22wN5YqByGJep6WiUWk6uMq7P6S5 was preloaded using link preload but not used within a few seconds from the window's load event. Please make sure it has an appropriate `as` value and it is preloaded intentionally. @ https://vercel.com/login?next=%2Fnew:0
[   23120ms] [WARNING] The resource https://vercel.com/_next/static/media/caa3a2e1cccd8315.p.0wgildi0cnwt9.woff2?dpl=dpl_22wN5YqByGJep6WiUWk6uMq7P6S5 was preloaded using link preload but not used within a few seconds from the window's load event. Please make sure it has an appropriate `as` value and it is preloaded intentionally. @ https://vercel.com/login?next=%2Fnew:0
[   23120ms] [WARNING] The resource https://vercel.com/_next/static/media/stripe-light.2l_1jctpe6k_4.svg?dpl=dpl_22wN5YqByGJep6WiUWk6uMq7P6S5 was preloaded using link preload but not used within a few seconds from the window's load event. Please make sure it has an appropriate `as` value and it is preloaded intentionally. @ https://vercel.com/login?next=%2Fnew:0
[   23120ms] [WARNING] The resource https://vercel.com/_next/static/media/adobe-light.406_7oryl71va.svg?dpl=dpl_22wN5YqByGJep6WiUWk6uMq7P6S5 was preloaded using link preload but not used within a few seconds from the window's load event. Please make sure it has an appropriate `as` value and it is preloaded intentionally. @ https://vercel.com/login?next=%2Fnew:0
[   23120ms] [WARNING] The resource https://vercel.com/_next/static/media/ebay-light.3ft_ki8203ov0.svg?dpl=dpl_22wN5YqByGJep6WiUWk6uMq7P6S5 was preloaded using link preload but not used within a few seconds from the window's load event. Please make sure it has an appropriate `as` value and it is preloaded intentionally. @ https://vercel.com/login?next=%2Fnew:0
[   23120ms] [WARNING] The resource https://vercel.com/_next/static/media/stripe-dark.16ozjth2vgb_3.svg?dpl=dpl_22wN5YqByGJep6WiUWk6uMq7P6S5 was preloaded using link preload but not used within a few seconds from the window's load event. Please make sure it has an appropriate `as` value and it is preloaded intentionally. @ https://vercel.com/login?next=%2Fnew:0
[   23120ms] [WARNING] The resource https://vercel.com/_next/static/chunks/09f00n8m302ia.css?dpl=dpl_22wN5YqByGJep6WiUWk6uMq7P6S5 was preloaded using link preload but not used within a few seconds from the window's load event. Please make sure it has an appropriate `as` value and it is preloaded intentionally. @ https://vercel.com/login?next=%2Fnew:0
[   23120ms] [WARNING] The resource https://vercel.com/_next/static/media/797e433ab948586e.p.0w5z4e7s8jfe5.woff2?dpl=dpl_22wN5YqByGJep6WiUWk6uMq7P6S5 was preloaded using link preload but not used within a few seconds from the window's load event. Please make sure it has an appropriate `as` value and it is preloaded intentionally. @ https://vercel.com/login?next=%2Fnew:0
[   23120ms] [WARNING] The resource https://vercel.com/_next/static/chunks/0abkm_6n_8bff.css?dpl=dpl_22wN5YqByGJep6WiUWk6uMq7P6S5 was preloaded using link preload but not used within a few seconds from the window's load event. Please make sure it has an appropriate `as` value and it is preloaded intentionally. @ https://vercel.com/login?next=%2Fnew:0
[   23120ms] [WARNING] The resource https://vercel.com/_next/static/media/ebay-dark.34mho2a18qqlt.svg?dpl=dpl_22wN5YqByGJep6WiUWk6uMq7P6S5 was preloaded using link preload but not used within a few seconds from the window's load event. Please make sure it has an appropriate `as` value and it is preloaded intentionally. @ https://vercel.com/login?next=%2Fnew:0
[   25093ms] [WARNING] [GSI_LOGGER]: Your client application uses one of the Google One Tap prompt UI status methods that may stop functioning when FedCM becomes mandatory. Refer to the migration guide to update your code accordingly and opt-in to FedCM to test your changes. Learn more: https://developers.google.com/identity/gsi/web/guides/fedcm-migration?s=dc#display_moment and https://developers.google.com/identity/gsi/web/guides/fedcm-migration?s=dc#skipped_moment @ https://vercel.com/_next/static/chunks/1a7e-ig7xwiza.js?dpl=dpl_22wN5YqByGJep6WiUWk6uMq7P6S5:16
[   25113ms] [ERROR] Not signed in with the identity provider. @ https://vercel.com/login?next=%2Fnew:0
[   29581ms] [WARNING] The resource https://vercel.com/_next/static/chunks/0y-vtm0zrwui1.css?dpl=dpl_22wN5YqByGJep6WiUWk6uMq7P6S5 was preloaded using link preload but not used within a few seconds from the window's load event. Please make sure it has an appropriate `as` value and it is preloaded intentionally. @ https://vercel.com/login?next=%2Fnew:0
[   29582ms] [WARNING] The resource https://vercel.com/_next/static/media/caa3a2e1cccd8315.p.0wgildi0cnwt9.woff2?dpl=dpl_22wN5YqByGJep6WiUWk6uMq7P6S5 was preloaded using link preload but not used within a few seconds from the window's load event. Please make sure it has an appropriate `as` value and it is preloaded intentionally. @ https://vercel.com/login?next=%2Fnew:0
[   29582ms] [WARNING] The resource https://vercel.com/_next/static/media/stripe-light.2l_1jctpe6k_4.svg?dpl=dpl_22wN5YqByGJep6WiUWk6uMq7P6S5 was preloaded using link preload but not used within a few seconds from the window's load event. Please make sure it has an appropriate `as` value and it is preloaded intentionally. @ https://vercel.com/login?next=%2Fnew:0
[   29582ms] [WARNING] The resource https://vercel.com/_next/static/media/adobe-light.406_7oryl71va.svg?dpl=dpl_22wN5YqByGJep6WiUWk6uMq7P6S5 was preloaded using link preload but not used within a few seconds from the window's load event. Please make sure it has an appropriate `as` value and it is preloaded intentionally. @ https://vercel.com/login?next=%2Fnew:0
[   29582ms] [WARNING] The resource https://vercel.com/_next/static/media/ebay-light.3ft_ki8203ov0.svg?dpl=dpl_22wN5YqByGJep6WiUWk6uMq7P6S5 was preloaded using link preload but not used within a few seconds from the window's load event. Please make sure it has an appropriate `as` value and it is preloaded intentionally. @ https://vercel.com/login?next=%2Fnew:0
[   29582ms] [WARNING] The resource https://vercel.com/_next/static/media/stripe-dark.16ozjth2vgb_3.svg?dpl=dpl_22wN5YqByGJep6WiUWk6uMq7P6S5 was preloaded using link preload but not used within a few seconds from the window's load event. Please make sure it has an appropriate `as` value and it is preloaded intentionally. @ https://vercel.com/login?next=%2Fnew:0
[   29582ms] [WARNING] The resource https://vercel.com/_next/static/chunks/09f00n8m302ia.css?dpl=dpl_22wN5YqByGJep6WiUWk6uMq7P6S5 was preloaded using link preload but not used within a few seconds from the window's load event. Please make sure it has an appropriate `as` value and it is preloaded intentionally. @ https://vercel.com/login?next=%2Fnew:0
[   29582ms] [WARNING] The resource https://vercel.com/_next/static/media/797e433ab948586e.p.0w5z4e7s8jfe5.woff2?dpl=dpl_22wN5YqByGJep6WiUWk6uMq7P6S5 was preloaded using link preload but not used within a few seconds from the window's load event. Please make sure it has an appropriate `as` value and it is preloaded intentionally. @ https://vercel.com/login?next=%2Fnew:0
[   29582ms] [WARNING] The resource https://vercel.com/_next/static/chunks/0abkm_6n_8bff.css?dpl=dpl_22wN5YqByGJep6WiUWk6uMq7P6S5 was preloaded using link preload but not used within a few seconds from the window's load event. Please make sure it has an appropriate `as` value and it is preloaded intentionally. @ https://vercel.com/login?next=%2Fnew:0
[   29582ms] [WARNING] The resource https://vercel.com/_next/static/media/ebay-dark.34mho2a18qqlt.svg?dpl=dpl_22wN5YqByGJep6WiUWk6uMq7P6S5 was preloaded using link preload but not used within a few seconds from the window's load event. Please make sure it has an appropriate `as` value and it is preloaded intentionally. @ https://vercel.com/login?next=%2Fnew:0
[   33658ms] [ERROR] Loading the font 'https://k2mkucxia43oc7fa.public.blob.vercel-storage.com/front/fonts/space-mono/space-mono-v11-latin-regular.woff2' violates the following Content Security Policy directive: "font-src 'self' *.vercel.com *.gstatic.com vercel.live". The action has been blocked. @ https://vercel.com/new:0
[   33773ms] [LOG] %c
▲

    ____                               _ __
   / __ \________  ____ _____ ___     (_) /_
  / / / / ___/ _ \/ __ `/ __ `__ \   / / __/
 / /_/ / /  /  __/ /_/ / / / / / /  / / /__
/_____/_/   \___/\__,_/_/ /_/ /_/  /_/\__( )
   _____ __    _          _ __           |/
  / ___// /_  (_)___     (_) /_
  \__ \/ __ \/ / __ \   / / __/
 ___/ / / / / / /_/ /  / / /_
/____/_/ /_/_/ .___/  /_/\__/
            /_/
  

Hello!

- Open Source https://vercel.com/oss
- Careers https://vercel.com/careers
- Status https://vercel-status.com

 font-family: "Geist Mono", monospace; white-space: pre; line-height: 1; @ https://vercel.com/_next/static/chunks/2g0axoh_w9yfh.js?dpl=dpl_22wN5YqByGJep6WiUWk6uMq7P6S5:78
[   34594ms] [ERROR] Failed to load resource: net::ERR_CERT_DATE_INVALID @ https://cdn1.vercel.com/vercel.svg:0
[   37402ms] [WARNING] Deprecated API for given entry type. @ https://vercel.com/_next/static/chunks/1a7e-ig7xwiza.js?dpl=dpl_22wN5YqByGJep6WiUWk6uMq7P6S5:18
[   41625ms] [WARNING] The resource https://vercel.com/_next/static/chunks/0y-vtm0zrwui1.css?dpl=dpl_22wN5YqByGJep6WiUWk6uMq7P6S5 was preloaded using link preload but not used within a few seconds from the window's load event. Please make sure it has an appropriate `as` value and it is preloaded intentionally. @ https://vercel.com/new:0
[   41625ms] [WARNING] The resource https://vercel.com/_next/static/chunks/17p90nyqj1xac.css?dpl=dpl_22wN5YqByGJep6WiUWk6uMq7P6S5 was preloaded using link preload but not used within a few seconds from the window's load event. Please make sure it has an appropriate `as` value and it is preloaded intentionally. @ https://vercel.com/new:0
[   41625ms] [WARNING] The resource https://vercel.com/_next/static/chunks/424oozhs3pv4v.css?dpl=dpl_22wN5YqByGJep6WiUWk6uMq7P6S5 was preloaded using link preload but not used within a few seconds from the window's load event. Please make sure it has an appropriate `as` value and it is preloaded intentionally. @ https://vercel.com/new:0
[   41625ms] [WARNING] The resource https://vercel.com/_next/static/chunks/0tv257fx586gu.css?dpl=dpl_22wN5YqByGJep6WiUWk6uMq7P6S5 was preloaded using link preload but not used within a few seconds from the window's load event. Please make sure it has an appropriate `as` value and it is preloaded intentionally. @ https://vercel.com/new:0
[   41625ms] [WARNING] The resource https://vercel.com/_next/static/chunks/0abkm_6n_8bff.css?dpl=dpl_22wN5YqByGJep6WiUWk6uMq7P6S5 was preloaded using link preload but not used within a few seconds from the window's load event. Please make sure it has an appropriate `as` value and it is preloaded intentionally. @ https://vercel.com/new:0
[   41625ms] [WARNING] The resource https://vercel.com/_next/static/chunks/3d792zqltro0t.css?dpl=dpl_22wN5YqByGJep6WiUWk6uMq7P6S5 was preloaded using link preload but not used within a few seconds from the window's load event. Please make sure it has an appropriate `as` value and it is preloaded intentionally. @ https://vercel.com/new:0
[   60256ms] [WARNING] The resource https://vercel.com/_next/static/chunks/0y-vtm0zrwui1.css?dpl=dpl_22wN5YqByGJep6WiUWk6uMq7P6S5 was preloaded using link preload but not used within a few seconds from the window's load event. Please make sure it has an appropriate `as` value and it is preloaded intentionally. @ https://vercel.com/new:0
[   60256ms] [WARNING] The resource https://vercel.com/_next/static/chunks/17p90nyqj1xac.css?dpl=dpl_22wN5YqByGJep6WiUWk6uMq7P6S5 was preloaded using link preload but not used within a few seconds from the window's load event. Please make sure it has an appropriate `as` value and it is preloaded intentionally. @ https://vercel.com/new:0
[   60256ms] [WARNING] The resource https://vercel.com/_next/static/chunks/424oozhs3pv4v.css?dpl=dpl_22wN5YqByGJep6WiUWk6uMq7P6S5 was preloaded using link preload but not used within a few seconds from the window's load event. Please make sure it has an appropriate `as` value and it is preloaded intentionally. @ https://vercel.com/new:0
[   60256ms] [WARNING] The resource https://vercel.com/_next/static/chunks/0tv257fx586gu.css?dpl=dpl_22wN5YqByGJep6WiUWk6uMq7P6S5 was preloaded using link preload but not used within a few seconds from the window's load event. Please make sure it has an appropriate `as` value and it is preloaded intentionally. @ https://vercel.com/new:0
[   60256ms] [WARNING] The resource https://vercel.com/_next/static/chunks/0abkm_6n_8bff.css?dpl=dpl_22wN5YqByGJep6WiUWk6uMq7P6S5 was preloaded using link preload but not used within a few seconds from the window's load event. Please make sure it has an appropriate `as` value and it is preloaded intentionally. @ https://vercel.com/new:0
[   60256ms] [WARNING] The resource https://vercel.com/_next/static/chunks/3d792zqltro0t.css?dpl=dpl_22wN5YqByGJep6WiUWk6uMq7P6S5 was preloaded using link preload but not used within a few seconds from the window's load event. Please make sure it has an appropriate `as` value and it is preloaded intentionally. @ https://vercel.com/new:0
[   85028ms] [WARNING] The resource https://vercel.com/_next/static/chunks/0y-vtm0zrwui1.css?dpl=dpl_22wN5YqByGJep6WiUWk6uMq7P6S5 was preloaded using link preload but not used within a few seconds from the window's load event. Please make sure it has an appropriate `as` value and it is preloaded intentionally. @ https://vercel.com/new/import?buildCommand=cd%20frontend-react%20%26%26%20npm%20install%20%26%26%20npm%20run%20build&framework=python&hasTrialAvailable=1&id=1227615537&name=stockstracker&outputDirectory=frontend-react%2Fdist&owner=Z00mer0&project-name=stockstracker&provider=github&remainingProjects=1&s=https%3A%2F%2Fgithub.com%2FZ00mer0%2Fstockstracker&totalProjects=1:0
[   85028ms] [WARNING] The resource https://vercel.com/_next/static/chunks/17p90nyqj1xac.css?dpl=dpl_22wN5YqByGJep6WiUWk6uMq7P6S5 was preloaded using link preload but not used within a few seconds from the window's load event. Please make sure it has an appropriate `as` value and it is preloaded intentionally. @ https://vercel.com/new/import?buildCommand=cd%20frontend-react%20%26%26%20npm%20install%20%26%26%20npm%20run%20build&framework=python&hasTrialAvailable=1&id=1227615537&name=stockstracker&outputDirectory=frontend-react%2Fdist&owner=Z00mer0&project-name=stockstracker&provider=github&remainingProjects=1&s=https%3A%2F%2Fgithub.com%2FZ00mer0%2Fstockstracker&totalProjects=1:0
[   85028ms] [WARNING] The resource https://vercel.com/_next/static/chunks/424oozhs3pv4v.css?dpl=dpl_22wN5YqByGJep6WiUWk6uMq7P6S5 was preloaded using link preload but not used within a few seconds from the window's load event. Please make sure it has an appropriate `as` value and it is preloaded intentionally. @ https://vercel.com/new/import?buildCommand=cd%20frontend-react%20%26%26%20npm%20install%20%26%26%20npm%20run%20build&framework=python&hasTrialAvailable=1&id=1227615537&name=stockstracker&outputDirectory=frontend-react%2Fdist&owner=Z00mer0&project-name=stockstracker&provider=github&remainingProjects=1&s=https%3A%2F%2Fgithub.com%2FZ00mer0%2Fstockstracker&totalProjects=1:0
[   85028ms] [WARNING] The resource https://vercel.com/_next/static/chunks/0tv257fx586gu.css?dpl=dpl_22wN5YqByGJep6WiUWk6uMq7P6S5 was preloaded using link preload but not used within a few seconds from the window's load event. Please make sure it has an appropriate `as` value and it is preloaded intentionally. @ https://vercel.com/new/import?buildCommand=cd%20frontend-react%20%26%26%20npm%20install%20%26%26%20npm%20run%20build&framework=python&hasTrialAvailable=1&id=1227615537&name=stockstracker&outputDirectory=frontend-react%2Fdist&owner=Z00mer0&project-name=stockstracker&provider=github&remainingProjects=1&s=https%3A%2F%2Fgithub.com%2FZ00mer0%2Fstockstracker&totalProjects=1:0
[   85028ms] [WARNING] The resource https://vercel.com/_next/static/chunks/0abkm_6n_8bff.css?dpl=dpl_22wN5YqByGJep6WiUWk6uMq7P6S5 was preloaded using link preload but not used within a few seconds from the window's load event. Please make sure it has an appropriate `as` value and it is preloaded intentionally. @ https://vercel.com/new/import?buildCommand=cd%20frontend-react%20%26%26%20npm%20install%20%26%26%20npm%20run%20build&framework=python&hasTrialAvailable=1&id=1227615537&name=stockstracker&outputDirectory=frontend-react%2Fdist&owner=Z00mer0&project-name=stockstracker&provider=github&remainingProjects=1&s=https%3A%2F%2Fgithub.com%2FZ00mer0%2Fstockstracker&totalProjects=1:0
[   85028ms] [WARNING] The resource https://vercel.com/_next/static/chunks/3d792zqltro0t.css?dpl=dpl_22wN5YqByGJep6WiUWk6uMq7P6S5 was preloaded using link preload but not used within a few seconds from the window's load event. Please make sure it has an appropriate `as` value and it is preloaded intentionally. @ https://vercel.com/new/import?buildCommand=cd%20frontend-react%20%26%26%20npm%20install%20%26%26%20npm%20run%20build&framework=python&hasTrialAvailable=1&id=1227615537&name=stockstracker&outputDirectory=frontend-react%2Fdist&owner=Z00mer0&project-name=stockstracker&provider=github&remainingProjects=1&s=https%3A%2F%2Fgithub.com%2FZ00mer0%2Fstockstracker&totalProjects=1:0
[   98841ms] [WARNING] The resource https://vercel.com/_next/static/chunks/0y-vtm0zrwui1.css?dpl=dpl_22wN5YqByGJep6WiUWk6uMq7P6S5 was preloaded using link preload but not used within a few seconds from the window's load event. Please make sure it has an appropriate `as` value and it is preloaded intentionally. @ https://vercel.com/new/import?buildCommand=cd%20frontend-react%20%26%26%20npm%20install%20%26%26%20npm%20run%20build&framework=python&hasTrialAvailable=1&id=1227615537&name=stockstracker&outputDirectory=frontend-react%2Fdist&owner=Z00mer0&project-name=stockstracker&provider=github&remainingProjects=1&s=https%3A%2F%2Fgithub.com%2FZ00mer0%2Fstockstracker&totalProjects=1:0
[   98841ms] [WARNING] The resource https://vercel.com/_next/static/chunks/17p90nyqj1xac.css?dpl=dpl_22wN5YqByGJep6WiUWk6uMq7P6S5 was preloaded using link preload but not used within a few seconds from the window's load event. Please make sure it has an appropriate `as` value and it is preloaded intentionally. @ https://vercel.com/new/import?buildCommand=cd%20frontend-react%20%26%26%20npm%20install%20%26%26%20npm%20run%20build&framework=python&hasTrialAvailable=1&id=1227615537&name=stockstracker&outputDirectory=frontend-react%2Fdist&owner=Z00mer0&project-name=stockstracker&provider=github&remainingProjects=1&s=https%3A%2F%2Fgithub.com%2FZ00mer0%2Fstockstracker&totalProjects=1:0
[   98841ms] [WARNING] The resource https://vercel.com/_next/static/chunks/424oozhs3pv4v.css?dpl=dpl_22wN5YqByGJep6WiUWk6uMq7P6S5 was preloaded using link preload but not used within a few seconds from the window's load event. Please make sure it has an appropriate `as` value and it is preloaded intentionally. @ https://vercel.com/new/import?buildCommand=cd%20frontend-react%20%26%26%20npm%20install%20%26%26%20npm%20run%20build&framework=python&hasTrialAvailable=1&id=1227615537&name=stockstracker&outputDirectory=frontend-react%2Fdist&owner=Z00mer0&project-name=stockstracker&provider=github&remainingProjects=1&s=https%3A%2F%2Fgithub.com%2FZ00mer0%2Fstockstracker&totalProjects=1:0
[   98841ms] [WARNING] The resource https://vercel.com/_next/static/chunks/0tv257fx586gu.css?dpl=dpl_22wN5YqByGJep6WiUWk6uMq7P6S5 was preloaded using link preload but not used within a few seconds from the window's load event. Please make sure it has an appropriate `as` value and it is preloaded intentionally. @ https://vercel.com/new/import?buildCommand=cd%20frontend-react%20%26%26%20npm%20install%20%26%26%20npm%20run%20build&framework=python&hasTrialAvailable=1&id=1227615537&name=stockstracker&outputDirectory=frontend-react%2Fdist&owner=Z00mer0&project-name=stockstracker&provider=github&remainingProjects=1&s=https%3A%2F%2Fgithub.com%2FZ00mer0%2Fstockstracker&totalProjects=1:0
[   98841ms] [WARNING] The resource https://vercel.com/_next/static/chunks/0abkm_6n_8bff.css?dpl=dpl_22wN5YqByGJep6WiUWk6uMq7P6S5 was preloaded using link preload but not used within a few seconds from the window's load event. Please make sure it has an appropriate `as` value and it is preloaded intentionally. @ https://vercel.com/new/import?buildCommand=cd%20frontend-react%20%26%26%20npm%20install%20%26%26%20npm%20run%20build&framework=python&hasTrialAvailable=1&id=1227615537&name=stockstracker&outputDirectory=frontend-react%2Fdist&owner=Z00mer0&project-name=stockstracker&provider=github&remainingProjects=1&s=https%3A%2F%2Fgithub.com%2FZ00mer0%2Fstockstracker&totalProjects=1:0
[   98841ms] [WARNING] The resource https://vercel.com/_next/static/chunks/3d792zqltro0t.css?dpl=dpl_22wN5YqByGJep6WiUWk6uMq7P6S5 was preloaded using link preload but not used within a few seconds from the window's load event. Please make sure it has an appropriate `as` value and it is preloaded intentionally. @ https://vercel.com/new/import?buildCommand=cd%20frontend-react%20%26%26%20npm%20install%20%26%26%20npm%20run%20build&framework=python&hasTrialAvailable=1&id=1227615537&name=stockstracker&outputDirectory=frontend-react%2Fdist&owner=Z00mer0&project-name=stockstracker&provider=github&remainingProjects=1&s=https%3A%2F%2Fgithub.com%2FZ00mer0%2Fstockstracker&totalProjects=1:0
